2010.07.27 22:49 B E:\PRODUCCION\CRM\RELEASES\20100520\CLIENT_FTP\CRM Domain\Entities\Alert.vb <-- Kapaz /htdocs/softints/RELEASES/20100520/CLIENT/CRM Domain/Entities Alert.vb
2010.07.27 22:49 B E:\PRODUCCION\CRM\RELEASES\20100520\CLIENT_FTP\CRM Domain\Entities\Attachment.vb <-- Kapaz /htdocs/softints/RELEASES/20100520/CLIENT/CRM Domain/Entities Attachment.vb
2010.07.27 22:49 B E:\PRODUCCION\CRM\RELEASES\20100520\CLIENT_FTP\CRM Domain\Entities\Contact.vb <-- Kapaz /htdocs/softints/RELEASES/20100520/CLIENT/CRM Domain/Entities Contact.vb
2010.07.27 22:49 B E:\PRODUCCION\CRM\RELEASES\20100520\CLIENT_FTP\CRM Domain\Entities\Currency.vb <-- Kapaz /htdocs/softints/RELEASES/20100520/CLIENT/CRM Domain/Entities Currency.vb
2010.07.27 22:49 B E:\PRODUCCION\CRM\RELEASES\20100520\CLIENT_FTP\CRM Domain\Entities\Customer.vb <-- Kapaz /htdocs/softints/RELEASES/20100520/CLIENT/CRM Domain/Entities Customer.vb
2010.07.27 22:49 B E:\PRODUCCION\CRM\RELEASES\20100520\CLIENT_FTP\CRM Domain\Entities\CustomerGroup.vb <-- Kapaz /htdocs/softints/RELEASES/20100520/CLIENT/CRM Domain/Entities CustomerGroup.vb
2010.07.27 22:49 B E:\PRODUCCION\CRM\RELEASES\20100520\CLIENT_FTP\CRM Domain\Entities\Employee.vb <-- Kapaz /htdocs/softints/RELEASES/20100520/CLIENT/CRM Domain/Entities Employee.vb
2010.07.27 22:49 B E:\PRODUCCION\CRM\RELEASES\20100520\CLIENT_FTP\CRM Domain\Entities\SalesTerm.vb <-- Kapaz /htdocs/softints/RELEASES/20100520/CLIENT/CRM Domain/Entities SalesTerm.vb
2010.07.27 22:49 B E:\PRODUCCION\CRM\RELEASES\20100520\CLIENT_FTP\CRM Domain\Entities\State.vb <-- Kapaz /htdocs/softints/RELEASES/20100520/CLIENT/CRM Domain/Entities State.vb
2010.07.27 22:49 B E:\PRODUCCION\CRM\RELEASES\20100520\CLIENT_FTP\CRM Domain\Entities\SystemEntity.vb <-- Kapaz /htdocs/softints/RELEASES/20100520/CLIENT/CRM Domain/Entities SystemEntity.vb
2010.07.27 22:49 B E:\PRODUCCION\CRM\RELEASES\20100520\CLIENT_FTP\CRM Domain\Entities\Task.vb <-- Kapaz /htdocs/softints/RELEASES/20100520/CLIENT/CRM Domain/Entities Task.vb
2010.07.27 22:49 B E:\PRODUCCION\CRM\RELEASES\20100520\CLIENT_FTP\CRM Domain\Entities\TaskEntity.vb <-- Kapaz /htdocs/softints/RELEASES/20100520/CLIENT/CRM Domain/Entities TaskEntity.vb
2010.07.27 22:49 B E:\PRODUCCION\CRM\RELEASES\20100520\CLIENT_FTP\CRM Domain\Entities\TaskEvent.vb <-- Kapaz /htdocs/softints/RELEASES/20100520/CLIENT/CRM Domain/Entities TaskEvent.vb
2010.07.27 22:49 B E:\PRODUCCION\CRM\RELEASES\20100520\CLIENT_FTP\CRM Domain\Entities\Tax.vb <-- Kapaz /htdocs/softints/RELEASES/20100520/CLIENT/CRM Domain/Entities Tax.vb
2010.07.27 22:49 B E:\PRODUCCION\CRM\RELEASES\20100520\CLIENT_FTP\CRM Domain\Entities\Transport.vb <-- Kapaz /htdocs/softints/RELEASES/20100520/CLIENT/CRM Domain/Entities Transport.vb
2010.07.27 22:49 B E:\PRODUCCION\CRM\RELEASES\20100520\CLIENT_FTP\CRM Domain\Entities\Zone.vb <-- Kapaz /htdocs/softints/RELEASES/20100520/CLIENT/CRM Domain/Entities Zone.vb
2010.08.05 11:56 B E:\PRODUCCION\CRM\RELEASES\20100520\CLIENT_FTP\CRM Domain\Entities\Alert.vb --> ftp.kapaz.com.ar /htdocs/softints/RELEASES/20100520/CLIENT_FTP/CRM Domain/Entities Alert.vb
2010.08.05 11:56 B E:\PRODUCCION\CRM\RELEASES\20100520\CLIENT_FTP\CRM Domain\Entities\Attachment.vb --> ftp.kapaz.com.ar /htdocs/softints/RELEASES/20100520/CLIENT_FTP/CRM Domain/Entities Attachment.vb
2010.08.05 11:56 B E:\PRODUCCION\CRM\RELEASES\20100520\CLIENT_FTP\CRM Domain\Entities\Contact.vb --> ftp.kapaz.com.ar /htdocs/softints/RELEASES/20100520/CLIENT_FTP/CRM Domain/Entities Contact.vb
2010.08.05 11:56 B E:\PRODUCCION\CRM\RELEASES\20100520\CLIENT_FTP\CRM Domain\Entities\Currency.vb --> ftp.kapaz.com.ar /htdocs/softints/RELEASES/20100520/CLIENT_FTP/CRM Domain/Entities Currency.vb
2010.08.05 11:56 B E:\PRODUCCION\CRM\RELEASES\20100520\CLIENT_FTP\CRM Domain\Entities\Customer.vb --> ftp.kapaz.com.ar /htdocs/softints/RELEASES/20100520/CLIENT_FTP/CRM Domain/Entities Customer.vb
2010.08.05 11:56 B E:\PRODUCCION\CRM\RELEASES\20100520\CLIENT_FTP\CRM Domain\Entities\CustomerGroup.vb --> ftp.kapaz.com.ar /htdocs/softints/RELEASES/20100520/CLIENT_FTP/CRM Domain/Entities CustomerGroup.vb
2010.08.05 11:56 B E:\PRODUCCION\CRM\RELEASES\20100520\CLIENT_FTP\CRM Domain\Entities\Employee.vb --> ftp.kapaz.com.ar /htdocs/softints/RELEASES/20100520/CLIENT_FTP/CRM Domain/Entities Employee.vb
2010.08.05 11:56 B E:\PRODUCCION\CRM\RELEASES\20100520\CLIENT_FTP\CRM Domain\Entities\SalesTerm.vb --> ftp.kapaz.com.ar /htdocs/softints/RELEASES/20100520/CLIENT_FTP/CRM Domain/Entities SalesTerm.vb
2010.08.05 11:56 B E:\PRODUCCION\CRM\RELEASES\20100520\CLIENT_FTP\CRM Domain\Entities\State.vb --> ftp.kapaz.com.ar /htdocs/softints/RELEASES/20100520/CLIENT_FTP/CRM Domain/Entities State.vb
2010.08.05 11:56 B E:\PRODUCCION\CRM\RELEASES\20100520\CLIENT_FTP\CRM Domain\Entities\SystemEntity.vb --> ftp.kapaz.com.ar /htdocs/softints/RELEASES/20100520/CLIENT_FTP/CRM Domain/Entities SystemEntity.vb
2010.08.05 11:56 B E:\PRODUCCION\CRM\RELEASES\20100520\CLIENT_FTP\CRM Domain\Entities\Task.vb --> ftp.kapaz.com.ar /htdocs/softints/RELEASES/20100520/CLIENT_FTP/CRM Domain/Entities Task.vb
2010.08.05 11:56 B E:\PRODUCCION\CRM\RELEASES\20100520\CLIENT_FTP\CRM Domain\Entities\TaskEntity.vb --> ftp.kapaz.com.ar /htdocs/softints/RELEASES/20100520/CLIENT_FTP/CRM Domain/Entities TaskEntity.vb
2010.08.05 11:56 B E:\PRODUCCION\CRM\RELEASES\20100520\CLIENT_FTP\CRM Domain\Entities\TaskEvent.vb --> ftp.kapaz.com.ar /htdocs/softints/RELEASES/20100520/CLIENT_FTP/CRM Domain/Entities TaskEvent.vb
2010.08.05 11:56 B E:\PRODUCCION\CRM\RELEASES\20100520\CLIENT_FTP\CRM Domain\Entities\Tax.vb --> ftp.kapaz.com.ar /htdocs/softints/RELEASES/20100520/CLIENT_FTP/CRM Domain/Entities Tax.vb
2010.08.05 11:56 B E:\PRODUCCION\CRM\RELEASES\20100520\CLIENT_FTP\CRM Domain\Entities\Transport.vb --> ftp.kapaz.com.ar /htdocs/softints/RELEASES/20100520/CLIENT_FTP/CRM Domain/Entities Transport.vb
2010.08.05 11:56 B E:\PRODUCCION\CRM\RELEASES\20100520\CLIENT_FTP\CRM Domain\Entities\WS_FTP.LOG --> ftp.kapaz.com.ar /htdocs/softints/RELEASES/20100520/CLIENT_FTP/CRM Domain/Entities WS_FTP.LOG
2010.08.05 11:56 B E:\PRODUCCION\CRM\RELEASES\20100520\CLIENT_FTP\CRM Domain\Entities\Zone.vb --> ftp.kapaz.com.ar /htdocs/softints/RELEASES/20100520/CLIENT_FTP/CRM Domain/Entities Zone.vb
2010.09.03 22:03 B E:\PRODUCCION\CRM\RELEASES\20100520\CLIENT_FTP\CRM Domain\Entities\Alert.vb --> ftp.primogenia.com /public_html/softints/CRM Domain/Entities Alert.vb
2010.09.03 22:03 B E:\PRODUCCION\CRM\RELEASES\20100520\CLIENT_FTP\CRM Domain\Entities\Attachment.vb --> ftp.primogenia.com /public_html/softints/CRM Domain/Entities Attachment.vb
2010.09.03 22:03 B E:\PRODUCCION\CRM\RELEASES\20100520\CLIENT_FTP\CRM Domain\Entities\Contact.vb --> ftp.primogenia.com /public_html/softints/CRM Domain/Entities Contact.vb
2010.09.03 22:03 B E:\PRODUCCION\CRM\RELEASES\20100520\CLIENT_FTP\CRM Domain\Entities\Currency.vb --> ftp.primogenia.com /public_html/softints/CRM Domain/Entities Currency.vb
2010.09.03 22:03 B E:\PRODUCCION\CRM\RELEASES\20100520\CLIENT_FTP\CRM Domain\Entities\Customer.vb --> ftp.primogenia.com /public_html/softints/CRM Domain/Entities Customer.vb
2010.09.03 22:03 B E:\PRODUCCION\CRM\RELEASES\20100520\CLIENT_FTP\CRM Domain\Entities\CustomerGroup.vb --> ftp.primogenia.com /public_html/softints/CRM Domain/Entities CustomerGroup.vb
2010.09.03 22:03 B E:\PRODUCCION\CRM\RELEASES\20100520\CLIENT_FTP\CRM Domain\Entities\Employee.vb --> ftp.primogenia.com /public_html/softints/CRM Domain/Entities Employee.vb
2010.09.03 22:03 B E:\PRODUCCION\CRM\RELEASES\20100520\CLIENT_FTP\CRM Domain\Entities\SalesTerm.vb --> ftp.primogenia.com /public_html/softints/CRM Domain/Entities SalesTerm.vb
2010.09.03 22:03 B E:\PRODUCCION\CRM\RELEASES\20100520\CLIENT_FTP\CRM Domain\Entities\State.vb --> ftp.primogenia.com /public_html/softints/CRM Domain/Entities State.vb
2010.09.03 22:03 B E:\PRODUCCION\CRM\RELEASES\20100520\CLIENT_FTP\CRM Domain\Entities\SystemEntity.vb --> ftp.primogenia.com /public_html/softints/CRM Domain/Entities SystemEntity.vb
2010.09.03 22:03 B E:\PRODUCCION\CRM\RELEASES\20100520\CLIENT_FTP\CRM Domain\Entities\Task.vb --> ftp.primogenia.com /public_html/softints/CRM Domain/Entities Task.vb
2010.09.03 22:03 B E:\PRODUCCION\CRM\RELEASES\20100520\CLIENT_FTP\CRM Domain\Entities\TaskEntity.vb --> ftp.primogenia.com /public_html/softints/CRM Domain/Entities TaskEntity.vb
2010.09.03 22:03 B E:\PRODUCCION\CRM\RELEASES\20100520\CLIENT_FTP\CRM Domain\Entities\TaskEvent.vb --> ftp.primogenia.com /public_html/softints/CRM Domain/Entities TaskEvent.vb
2010.09.03 22:03 B E:\PRODUCCION\CRM\RELEASES\20100520\CLIENT_FTP\CRM Domain\Entities\Tax.vb --> ftp.primogenia.com /public_html/softints/CRM Domain/Entities Tax.vb
2010.09.03 22:03 B E:\PRODUCCION\CRM\RELEASES\20100520\CLIENT_FTP\CRM Domain\Entities\Transport.vb --> ftp.primogenia.com /public_html/softints/CRM Domain/Entities Transport.vb
2010.09.03 22:03 B E:\PRODUCCION\CRM\RELEASES\20100520\CLIENT_FTP\CRM Domain\Entities\WS_FTP.LOG --> ftp.primogenia.com /public_html/softints/CRM Domain/Entities WS_FTP.LOG
2010.09.03 22:03 B E:\PRODUCCION\CRM\RELEASES\20100520\CLIENT_FTP\CRM Domain\Entities\Zone.vb --> ftp.primogenia.com /public_html/softints/CRM Domain/Entities Zone.vb
