2010.07.27 22:49 B E:\PRODUCCION\CRM\RELEASES\20100520\CLIENT_FTP\CRM Domain\obj\Debug\CRM Domain.dll <-- Kapaz /htdocs/softints/RELEASES/20100520/CLIENT/CRM Domain/obj/Debug CRM Domain.dll
2010.07.27 22:49 B E:\PRODUCCION\CRM\RELEASES\20100520\CLIENT_FTP\CRM Domain\obj\Debug\CRM Domain.pdb <-- Kapaz /htdocs/softints/RELEASES/20100520/CLIENT/CRM Domain/obj/Debug CRM Domain.pdb
2010.07.27 22:49 B E:\PRODUCCION\CRM\RELEASES\20100520\CLIENT_FTP\CRM Domain\obj\Debug\CRM Domain.vbproj.FileListAbsolute.txt <-- Kapaz /htdocs/softints/RELEASES/20100520/CLIENT/CRM Domain/obj/Debug CRM Domain.vbproj.FileListAbsolute.txt
2010.07.27 22:49 B E:\PRODUCCION\CRM\RELEASES\20100520\CLIENT_FTP\CRM Domain\obj\Debug\CRM Domain.vbproj.GenerateResource.Cache <-- Kapaz /htdocs/softints/RELEASES/20100520/CLIENT/CRM Domain/obj/Debug CRM Domain.vbproj.GenerateResource.Cache
2010.07.27 22:49 B E:\PRODUCCION\CRM\RELEASES\20100520\CLIENT_FTP\CRM Domain\obj\Debug\CRM Domain.vbproj.ResolveComReference.cache <-- Kapaz /htdocs/softints/RELEASES/20100520/CLIENT/CRM Domain/obj/Debug CRM Domain.vbproj.ResolveComReference.cache
2010.07.27 22:49 B E:\PRODUCCION\CRM\RELEASES\20100520\CLIENT_FTP\CRM Domain\obj\Debug\Crm.Domain.Resources.resources <-- Kapaz /htdocs/softints/RELEASES/20100520/CLIENT/CRM Domain/obj/Debug Crm.Domain.Resources.resources
2010.07.27 22:49 B E:\PRODUCCION\CRM\RELEASES\20100520\CLIENT_FTP\CRM Domain\obj\Debug\Interop.HardLockServer.dll <-- Kapaz /htdocs/softints/RELEASES/20100520/CLIENT/CRM Domain/obj/Debug Interop.HardLockServer.dll
2010.07.27 22:49 B E:\PRODUCCION\CRM\RELEASES\20100520\CLIENT_FTP\CRM Domain\obj\Debug\ResolveAssemblyReference.cache <-- Kapaz /htdocs/softints/RELEASES/20100520/CLIENT/CRM Domain/obj/Debug ResolveAssemblyReference.cache
2010.08.05 11:58 B E:\PRODUCCION\CRM\RELEASES\20100520\CLIENT_FTP\CRM Domain\obj\Debug\CRM Domain.dll --> ftp.kapaz.com.ar /htdocs/softints/RELEASES/20100520/CLIENT_FTP/CRM Domain/obj/Debug CRM Domain.dll
2010.08.05 11:58 B E:\PRODUCCION\CRM\RELEASES\20100520\CLIENT_FTP\CRM Domain\obj\Debug\CRM Domain.pdb --> ftp.kapaz.com.ar /htdocs/softints/RELEASES/20100520/CLIENT_FTP/CRM Domain/obj/Debug CRM Domain.pdb
2010.08.05 11:58 B E:\PRODUCCION\CRM\RELEASES\20100520\CLIENT_FTP\CRM Domain\obj\Debug\CRM Domain.vbproj.FileListAbsolute.txt --> ftp.kapaz.com.ar /htdocs/softints/RELEASES/20100520/CLIENT_FTP/CRM Domain/obj/Debug CRM Domain.vbproj.FileListAbsolute.txt
2010.08.05 11:58 B E:\PRODUCCION\CRM\RELEASES\20100520\CLIENT_FTP\CRM Domain\obj\Debug\CRM Domain.vbproj.GenerateResource.Cache --> ftp.kapaz.com.ar /htdocs/softints/RELEASES/20100520/CLIENT_FTP/CRM Domain/obj/Debug CRM Domain.vbproj.GenerateResource.Cache
2010.08.05 11:58 B E:\PRODUCCION\CRM\RELEASES\20100520\CLIENT_FTP\CRM Domain\obj\Debug\CRM Domain.vbproj.ResolveComReference.cache --> ftp.kapaz.com.ar /htdocs/softints/RELEASES/20100520/CLIENT_FTP/CRM Domain/obj/Debug CRM Domain.vbproj.ResolveComReference.cache
2010.08.05 11:58 B E:\PRODUCCION\CRM\RELEASES\20100520\CLIENT_FTP\CRM Domain\obj\Debug\Crm.Domain.Resources.resources --> ftp.kapaz.com.ar /htdocs/softints/RELEASES/20100520/CLIENT_FTP/CRM Domain/obj/Debug Crm.Domain.Resources.resources
2010.08.05 11:58 B E:\PRODUCCION\CRM\RELEASES\20100520\CLIENT_FTP\CRM Domain\obj\Debug\Interop.HardLockServer.dll --> ftp.kapaz.com.ar /htdocs/softints/RELEASES/20100520/CLIENT_FTP/CRM Domain/obj/Debug Interop.HardLockServer.dll
2010.08.05 11:58 B E:\PRODUCCION\CRM\RELEASES\20100520\CLIENT_FTP\CRM Domain\obj\Debug\ResolveAssemblyReference.cache --> ftp.kapaz.com.ar /htdocs/softints/RELEASES/20100520/CLIENT_FTP/CRM Domain/obj/Debug ResolveAssemblyReference.cache
2010.08.05 11:59 B E:\PRODUCCION\CRM\RELEASES\20100520\CLIENT_FTP\CRM Domain\obj\Debug\WS_FTP.LOG --> ftp.kapaz.com.ar /htdocs/softints/RELEASES/20100520/CLIENT_FTP/CRM Domain/obj/Debug WS_FTP.LOG
2010.09.03 22:04 B E:\PRODUCCION\CRM\RELEASES\20100520\CLIENT_FTP\CRM Domain\obj\Debug\CRM Domain.dll --> ftp.primogenia.com /public_html/softints/CRM Domain/obj/Debug CRM Domain.dll
2010.09.03 22:05 B E:\PRODUCCION\CRM\RELEASES\20100520\CLIENT_FTP\CRM Domain\obj\Debug\CRM Domain.pdb --> ftp.primogenia.com /public_html/softints/CRM Domain/obj/Debug CRM Domain.pdb
2010.09.03 22:05 B E:\PRODUCCION\CRM\RELEASES\20100520\CLIENT_FTP\CRM Domain\obj\Debug\CRM Domain.vbproj.FileListAbsolute.txt --> ftp.primogenia.com /public_html/softints/CRM Domain/obj/Debug CRM Domain.vbproj.FileListAbsolute.txt
2010.09.03 22:05 B E:\PRODUCCION\CRM\RELEASES\20100520\CLIENT_FTP\CRM Domain\obj\Debug\CRM Domain.vbproj.GenerateResource.Cache --> ftp.primogenia.com /public_html/softints/CRM Domain/obj/Debug CRM Domain.vbproj.GenerateResource.Cache
2010.09.03 22:05 B E:\PRODUCCION\CRM\RELEASES\20100520\CLIENT_FTP\CRM Domain\obj\Debug\CRM Domain.vbproj.ResolveComReference.cache --> ftp.primogenia.com /public_html/softints/CRM Domain/obj/Debug CRM Domain.vbproj.ResolveComReference.cache
2010.09.03 22:05 B E:\PRODUCCION\CRM\RELEASES\20100520\CLIENT_FTP\CRM Domain\obj\Debug\Crm.Domain.Resources.resources --> ftp.primogenia.com /public_html/softints/CRM Domain/obj/Debug Crm.Domain.Resources.resources
2010.09.03 22:05 B E:\PRODUCCION\CRM\RELEASES\20100520\CLIENT_FTP\CRM Domain\obj\Debug\Interop.HardLockServer.dll --> ftp.primogenia.com /public_html/softints/CRM Domain/obj/Debug Interop.HardLockServer.dll
2010.09.03 22:05 B E:\PRODUCCION\CRM\RELEASES\20100520\CLIENT_FTP\CRM Domain\obj\Debug\ResolveAssemblyReference.cache --> ftp.primogenia.com /public_html/softints/CRM Domain/obj/Debug ResolveAssemblyReference.cache
2010.09.03 22:05 B E:\PRODUCCION\CRM\RELEASES\20100520\CLIENT_FTP\CRM Domain\obj\Debug\WS_FTP.LOG --> ftp.primogenia.com /public_html/softints/CRM Domain/obj/Debug WS_FTP.LOG
