2010.07.27 22:43 B E:\PRODUCCION\CRM\RELEASES\20100520\CLIENT_FTP\CRM 2x4\bin\Debug\2383799.xml <-- Kapaz /htdocs/softints/RELEASES/20100520/CLIENT/CRM 2x4/bin/Debug 2383799.xml
2010.07.27 22:43 B E:\PRODUCCION\CRM\RELEASES\20100520\CLIENT_FTP\CRM 2x4\bin\Debug\26239245.xml <-- Kapaz /htdocs/softints/RELEASES/20100520/CLIENT/CRM 2x4/bin/Debug 26239245.xml
2010.07.27 22:43 B E:\PRODUCCION\CRM\RELEASES\20100520\CLIENT_FTP\CRM 2x4\bin\Debug\40362448.xml <-- Kapaz /htdocs/softints/RELEASES/20100520/CLIENT/CRM 2x4/bin/Debug 40362448.xml
2010.07.27 22:43 B E:\PRODUCCION\CRM\RELEASES\20100520\CLIENT_FTP\CRM 2x4\bin\Debug\Admin Data.dll <-- Kapaz /htdocs/softints/RELEASES/20100520/CLIENT/CRM 2x4/bin/Debug Admin Data.dll
2010.07.27 22:43 B E:\PRODUCCION\CRM\RELEASES\20100520\CLIENT_FTP\CRM 2x4\bin\Debug\Admin Data.pdb <-- Kapaz /htdocs/softints/RELEASES/20100520/CLIENT/CRM 2x4/bin/Debug Admin Data.pdb
2010.07.27 22:43 B E:\PRODUCCION\CRM\RELEASES\20100520\CLIENT_FTP\CRM 2x4\bin\Debug\Admin Domain.dll <-- Kapaz /htdocs/softints/RELEASES/20100520/CLIENT/CRM 2x4/bin/Debug Admin Domain.dll
2010.07.27 22:43 B E:\PRODUCCION\CRM\RELEASES\20100520\CLIENT_FTP\CRM 2x4\bin\Debug\Admin Domain.pdb <-- Kapaz /htdocs/softints/RELEASES/20100520/CLIENT/CRM 2x4/bin/Debug Admin Domain.pdb
2010.07.27 22:43 B E:\PRODUCCION\CRM\RELEASES\20100520\CLIENT_FTP\CRM 2x4\bin\Debug\CRM 2x4.exe <-- Kapaz /htdocs/softints/RELEASES/20100520/CLIENT/CRM 2x4/bin/Debug CRM 2x4.exe
2010.07.27 22:43 B E:\PRODUCCION\CRM\RELEASES\20100520\CLIENT_FTP\CRM 2x4\bin\Debug\CRM 2x4.exe.config <-- Kapaz /htdocs/softints/RELEASES/20100520/CLIENT/CRM 2x4/bin/Debug CRM 2x4.exe.config
2010.07.27 22:43 B E:\PRODUCCION\CRM\RELEASES\20100520\CLIENT_FTP\CRM 2x4\bin\Debug\CRM 2x4.pdb <-- Kapaz /htdocs/softints/RELEASES/20100520/CLIENT/CRM 2x4/bin/Debug CRM 2x4.pdb
2010.07.27 22:43 B E:\PRODUCCION\CRM\RELEASES\20100520\CLIENT_FTP\CRM 2x4\bin\Debug\CRM 2x4.vshost.exe <-- Kapaz /htdocs/softints/RELEASES/20100520/CLIENT/CRM 2x4/bin/Debug CRM 2x4.vshost.exe
2010.07.27 22:43 B E:\PRODUCCION\CRM\RELEASES\20100520\CLIENT_FTP\CRM 2x4\bin\Debug\CRM 2x4.vshost.exe.config <-- Kapaz /htdocs/softints/RELEASES/20100520/CLIENT/CRM 2x4/bin/Debug CRM 2x4.vshost.exe.config
2010.07.27 22:43 B E:\PRODUCCION\CRM\RELEASES\20100520\CLIENT_FTP\CRM 2x4\bin\Debug\CRM 2x4.vshost.exe.manifest <-- Kapaz /htdocs/softints/RELEASES/20100520/CLIENT/CRM 2x4/bin/Debug CRM 2x4.vshost.exe.manifest
2010.07.27 22:43 B E:\PRODUCCION\CRM\RELEASES\20100520\CLIENT_FTP\CRM 2x4\bin\Debug\CRM Admin.exe <-- Kapaz /htdocs/softints/RELEASES/20100520/CLIENT/CRM 2x4/bin/Debug CRM Admin.exe
2010.07.27 22:43 B E:\PRODUCCION\CRM\RELEASES\20100520\CLIENT_FTP\CRM 2x4\bin\Debug\CRM Admin.pdb <-- Kapaz /htdocs/softints/RELEASES/20100520/CLIENT/CRM 2x4/bin/Debug CRM Admin.pdb
2010.07.27 22:43 B E:\PRODUCCION\CRM\RELEASES\20100520\CLIENT_FTP\CRM 2x4\bin\Debug\CRM Admin.vshost.exe <-- Kapaz /htdocs/softints/RELEASES/20100520/CLIENT/CRM 2x4/bin/Debug CRM Admin.vshost.exe
2010.07.27 22:43 B E:\PRODUCCION\CRM\RELEASES\20100520\CLIENT_FTP\CRM 2x4\bin\Debug\CRM Admin.vshost.exe.manifest <-- Kapaz /htdocs/softints/RELEASES/20100520/CLIENT/CRM 2x4/bin/Debug CRM Admin.vshost.exe.manifest
2010.07.27 22:43 B E:\PRODUCCION\CRM\RELEASES\20100520\CLIENT_FTP\CRM 2x4\bin\Debug\CRM Admin.xml <-- Kapaz /htdocs/softints/RELEASES/20100520/CLIENT/CRM 2x4/bin/Debug CRM Admin.xml
2010.07.27 22:43 B E:\PRODUCCION\CRM\RELEASES\20100520\CLIENT_FTP\CRM 2x4\bin\Debug\CRM Data.dll <-- Kapaz /htdocs/softints/RELEASES/20100520/CLIENT/CRM 2x4/bin/Debug CRM Data.dll
2010.07.27 22:43 B E:\PRODUCCION\CRM\RELEASES\20100520\CLIENT_FTP\CRM 2x4\bin\Debug\CRM Data.pdb <-- Kapaz /htdocs/softints/RELEASES/20100520/CLIENT/CRM 2x4/bin/Debug CRM Data.pdb
2010.07.27 22:43 B E:\PRODUCCION\CRM\RELEASES\20100520\CLIENT_FTP\CRM 2x4\bin\Debug\CRM Domain.dll <-- Kapaz /htdocs/softints/RELEASES/20100520/CLIENT/CRM 2x4/bin/Debug CRM Domain.dll
2010.07.27 22:43 B E:\PRODUCCION\CRM\RELEASES\20100520\CLIENT_FTP\CRM 2x4\bin\Debug\CRM Domain.pdb <-- Kapaz /htdocs/softints/RELEASES/20100520/CLIENT/CRM 2x4/bin/Debug CRM Domain.pdb
2010.07.27 22:43 B E:\PRODUCCION\CRM\RELEASES\20100520\CLIENT_FTP\CRM 2x4\bin\Debug\Interop.HardLockServer.dll <-- Kapaz /htdocs/softints/RELEASES/20100520/CLIENT/CRM 2x4/bin/Debug Interop.HardLockServer.dll
2010.07.27 22:43 B E:\PRODUCCION\CRM\RELEASES\20100520\CLIENT_FTP\CRM 2x4\bin\Debug\Microsoft.Office.Interop.Access.dll <-- Kapaz /htdocs/softints/RELEASES/20100520/CLIENT/CRM 2x4/bin/Debug Microsoft.Office.Interop.Access.dll
2010.07.27 22:43 B E:\PRODUCCION\CRM\RELEASES\20100520\CLIENT_FTP\CRM 2x4\bin\Debug\Microsoft.Vbe.Interop.dll <-- Kapaz /htdocs/softints/RELEASES/20100520/CLIENT/CRM 2x4/bin/Debug Microsoft.Vbe.Interop.dll
2010.07.27 22:43 B E:\PRODUCCION\CRM\RELEASES\20100520\CLIENT_FTP\CRM 2x4\bin\Debug\office.dll <-- Kapaz /htdocs/softints/RELEASES/20100520/CLIENT/CRM 2x4/bin/Debug office.dll
2010.07.27 22:43 B E:\PRODUCCION\CRM\RELEASES\20100520\CLIENT_FTP\CRM 2x4\bin\Debug\office.xml <-- Kapaz /htdocs/softints/RELEASES/20100520/CLIENT/CRM 2x4/bin/Debug office.xml
2010.07.27 22:43 B E:\PRODUCCION\CRM\RELEASES\20100520\CLIENT_FTP\CRM 2x4\bin\Debug\Servidor de accesos.exe <-- Kapaz /htdocs/softints/RELEASES/20100520/CLIENT/CRM 2x4/bin/Debug Servidor de accesos.exe
2010.07.27 22:43 B E:\PRODUCCION\CRM\RELEASES\20100520\CLIENT_FTP\CRM 2x4\bin\Debug\Servidor de accesos.exe.config <-- Kapaz /htdocs/softints/RELEASES/20100520/CLIENT/CRM 2x4/bin/Debug Servidor de accesos.exe.config
2010.07.27 22:43 B E:\PRODUCCION\CRM\RELEASES\20100520\CLIENT_FTP\CRM 2x4\bin\Debug\Servidor de accesos.pdb <-- Kapaz /htdocs/softints/RELEASES/20100520/CLIENT/CRM 2x4/bin/Debug Servidor de accesos.pdb
2010.07.27 22:43 B E:\PRODUCCION\CRM\RELEASES\20100520\CLIENT_FTP\CRM 2x4\bin\Debug\Servidor de accesos.vshost.exe <-- Kapaz /htdocs/softints/RELEASES/20100520/CLIENT/CRM 2x4/bin/Debug Servidor de accesos.vshost.exe
2010.07.27 22:43 B E:\PRODUCCION\CRM\RELEASES\20100520\CLIENT_FTP\CRM 2x4\bin\Debug\Servidor de accesos.vshost.exe.config <-- Kapaz /htdocs/softints/RELEASES/20100520/CLIENT/CRM 2x4/bin/Debug Servidor de accesos.vshost.exe.config
2010.07.27 22:43 B E:\PRODUCCION\CRM\RELEASES\20100520\CLIENT_FTP\CRM 2x4\bin\Debug\Servidor de accesos.vshost.exe.manifest <-- Kapaz /htdocs/softints/RELEASES/20100520/CLIENT/CRM 2x4/bin/Debug Servidor de accesos.vshost.exe.manifest
2010.08.05 10:45 B E:\PRODUCCION\CRM\RELEASES\20100520\CLIENT_FTP\CRM 2x4\bin\Debug\2383799.xml --> ftp.kapaz.com.ar /htdocs/softints/RELEASES/20100520/CLIENT_FTP/CRM 2x4/bin/Debug 2383799.xml
2010.08.05 10:45 B E:\PRODUCCION\CRM\RELEASES\20100520\CLIENT_FTP\CRM 2x4\bin\Debug\26239245.xml --> ftp.kapaz.com.ar /htdocs/softints/RELEASES/20100520/CLIENT_FTP/CRM 2x4/bin/Debug 26239245.xml
2010.08.05 10:45 B E:\PRODUCCION\CRM\RELEASES\20100520\CLIENT_FTP\CRM 2x4\bin\Debug\35104124.tmp --> ftp.kapaz.com.ar /htdocs/softints/RELEASES/20100520/CLIENT_FTP/CRM 2x4/bin/Debug 35104124.tmp
2010.08.05 10:45 B E:\PRODUCCION\CRM\RELEASES\20100520\CLIENT_FTP\CRM 2x4\bin\Debug\40362448.xml --> ftp.kapaz.com.ar /htdocs/softints/RELEASES/20100520/CLIENT_FTP/CRM 2x4/bin/Debug 40362448.xml
2010.08.05 10:45 B E:\PRODUCCION\CRM\RELEASES\20100520\CLIENT_FTP\CRM 2x4\bin\Debug\41429416.tmp --> ftp.kapaz.com.ar /htdocs/softints/RELEASES/20100520/CLIENT_FTP/CRM 2x4/bin/Debug 41429416.tmp
2010.08.05 10:45 B E:\PRODUCCION\CRM\RELEASES\20100520\CLIENT_FTP\CRM 2x4\bin\Debug\44115416.tmp --> ftp.kapaz.com.ar /htdocs/softints/RELEASES/20100520/CLIENT_FTP/CRM 2x4/bin/Debug 44115416.tmp
2010.08.05 10:45 B E:\PRODUCCION\CRM\RELEASES\20100520\CLIENT_FTP\CRM 2x4\bin\Debug\47891719.tmp --> ftp.kapaz.com.ar /htdocs/softints/RELEASES/20100520/CLIENT_FTP/CRM 2x4/bin/Debug 47891719.tmp
2010.08.05 10:45 B E:\PRODUCCION\CRM\RELEASES\20100520\CLIENT_FTP\CRM 2x4\bin\Debug\54444047.tmp --> ftp.kapaz.com.ar /htdocs/softints/RELEASES/20100520/CLIENT_FTP/CRM 2x4/bin/Debug 54444047.tmp
2010.08.05 10:45 B E:\PRODUCCION\CRM\RELEASES\20100520\CLIENT_FTP\CRM 2x4\bin\Debug\64844482.tmp --> ftp.kapaz.com.ar /htdocs/softints/RELEASES/20100520/CLIENT_FTP/CRM 2x4/bin/Debug 64844482.tmp
2010.08.05 10:45 B E:\PRODUCCION\CRM\RELEASES\20100520\CLIENT_FTP\CRM 2x4\bin\Debug\Admin Data.dll --> ftp.kapaz.com.ar /htdocs/softints/RELEASES/20100520/CLIENT_FTP/CRM 2x4/bin/Debug Admin Data.dll
2010.08.05 10:45 B E:\PRODUCCION\CRM\RELEASES\20100520\CLIENT_FTP\CRM 2x4\bin\Debug\Admin Data.pdb --> ftp.kapaz.com.ar /htdocs/softints/RELEASES/20100520/CLIENT_FTP/CRM 2x4/bin/Debug Admin Data.pdb
2010.08.05 10:45 B E:\PRODUCCION\CRM\RELEASES\20100520\CLIENT_FTP\CRM 2x4\bin\Debug\Admin Domain.dll --> ftp.kapaz.com.ar /htdocs/softints/RELEASES/20100520/CLIENT_FTP/CRM 2x4/bin/Debug Admin Domain.dll
2010.08.05 10:46 B E:\PRODUCCION\CRM\RELEASES\20100520\CLIENT_FTP\CRM 2x4\bin\Debug\Admin Domain.pdb --> ftp.kapaz.com.ar /htdocs/softints/RELEASES/20100520/CLIENT_FTP/CRM 2x4/bin/Debug Admin Domain.pdb
2010.08.05 10:46 B E:\PRODUCCION\CRM\RELEASES\20100520\CLIENT_FTP\CRM 2x4\bin\Debug\CRM 2x4.application --> ftp.kapaz.com.ar /htdocs/softints/RELEASES/20100520/CLIENT_FTP/CRM 2x4/bin/Debug CRM 2x4.application
2010.08.05 10:49 B E:\PRODUCCION\CRM\RELEASES\20100520\CLIENT_FTP\CRM 2x4\bin\Debug\CRM 2x4.exe --> ftp.kapaz.com.ar /htdocs/softints/RELEASES/20100520/CLIENT_FTP/CRM 2x4/bin/Debug CRM 2x4.exe
2010.08.05 10:50 B E:\PRODUCCION\CRM\RELEASES\20100520\CLIENT_FTP\CRM 2x4\bin\Debug\CRM 2x4.exe.config --> ftp.kapaz.com.ar /htdocs/softints/RELEASES/20100520/CLIENT_FTP/CRM 2x4/bin/Debug CRM 2x4.exe.config
2010.08.05 10:50 B E:\PRODUCCION\CRM\RELEASES\20100520\CLIENT_FTP\CRM 2x4\bin\Debug\CRM 2x4.exe.manifest --> ftp.kapaz.com.ar /htdocs/softints/RELEASES/20100520/CLIENT_FTP/CRM 2x4/bin/Debug CRM 2x4.exe.manifest
2010.08.05 10:50 B E:\PRODUCCION\CRM\RELEASES\20100520\CLIENT_FTP\CRM 2x4\bin\Debug\CRM 2x4.pdb --> ftp.kapaz.com.ar /htdocs/softints/RELEASES/20100520/CLIENT_FTP/CRM 2x4/bin/Debug CRM 2x4.pdb
2010.08.05 10:51 B E:\PRODUCCION\CRM\RELEASES\20100520\CLIENT_FTP\CRM 2x4\bin\Debug\CRM 2x4.vshost.application --> ftp.kapaz.com.ar /htdocs/softints/RELEASES/20100520/CLIENT_FTP/CRM 2x4/bin/Debug CRM 2x4.vshost.application
2010.08.05 10:51 B E:\PRODUCCION\CRM\RELEASES\20100520\CLIENT_FTP\CRM 2x4\bin\Debug\CRM 2x4.vshost.exe --> ftp.kapaz.com.ar /htdocs/softints/RELEASES/20100520/CLIENT_FTP/CRM 2x4/bin/Debug CRM 2x4.vshost.exe
2010.08.05 10:51 B E:\PRODUCCION\CRM\RELEASES\20100520\CLIENT_FTP\CRM 2x4\bin\Debug\CRM 2x4.vshost.exe.config --> ftp.kapaz.com.ar /htdocs/softints/RELEASES/20100520/CLIENT_FTP/CRM 2x4/bin/Debug CRM 2x4.vshost.exe.config
2010.08.05 10:52 B E:\PRODUCCION\CRM\RELEASES\20100520\CLIENT_FTP\CRM 2x4\bin\Debug\CRM Admin.exe --> ftp.kapaz.com.ar /htdocs/softints/RELEASES/20100520/CLIENT_FTP/CRM 2x4/bin/Debug CRM Admin.exe
2010.08.05 10:52 B E:\PRODUCCION\CRM\RELEASES\20100520\CLIENT_FTP\CRM 2x4\bin\Debug\CRM Admin.pdb --> ftp.kapaz.com.ar /htdocs/softints/RELEASES/20100520/CLIENT_FTP/CRM 2x4/bin/Debug CRM Admin.pdb
2010.08.05 10:52 B E:\PRODUCCION\CRM\RELEASES\20100520\CLIENT_FTP\CRM 2x4\bin\Debug\CRM Admin.vshost.exe --> ftp.kapaz.com.ar /htdocs/softints/RELEASES/20100520/CLIENT_FTP/CRM 2x4/bin/Debug CRM Admin.vshost.exe
2010.08.05 10:52 B E:\PRODUCCION\CRM\RELEASES\20100520\CLIENT_FTP\CRM 2x4\bin\Debug\CRM Admin.vshost.exe.manifest --> ftp.kapaz.com.ar /htdocs/softints/RELEASES/20100520/CLIENT_FTP/CRM 2x4/bin/Debug CRM Admin.vshost.exe.manifest
2010.08.05 10:52 B E:\PRODUCCION\CRM\RELEASES\20100520\CLIENT_FTP\CRM 2x4\bin\Debug\CRM Admin.xml --> ftp.kapaz.com.ar /htdocs/softints/RELEASES/20100520/CLIENT_FTP/CRM 2x4/bin/Debug CRM Admin.xml
2010.08.05 10:52 B E:\PRODUCCION\CRM\RELEASES\20100520\CLIENT_FTP\CRM 2x4\bin\Debug\CRM Data.dll --> ftp.kapaz.com.ar /htdocs/softints/RELEASES/20100520/CLIENT_FTP/CRM 2x4/bin/Debug CRM Data.dll
2010.08.05 10:52 B E:\PRODUCCION\CRM\RELEASES\20100520\CLIENT_FTP\CRM 2x4\bin\Debug\CRM Data.pdb --> ftp.kapaz.com.ar /htdocs/softints/RELEASES/20100520/CLIENT_FTP/CRM 2x4/bin/Debug CRM Data.pdb
2010.08.05 10:52 B E:\PRODUCCION\CRM\RELEASES\20100520\CLIENT_FTP\CRM 2x4\bin\Debug\CRM Domain.dll --> ftp.kapaz.com.ar /htdocs/softints/RELEASES/20100520/CLIENT_FTP/CRM 2x4/bin/Debug CRM Domain.dll
2010.08.05 10:53 B E:\PRODUCCION\CRM\RELEASES\20100520\CLIENT_FTP\CRM 2x4\bin\Debug\CRM Domain.pdb --> ftp.kapaz.com.ar /htdocs/softints/RELEASES/20100520/CLIENT_FTP/CRM 2x4/bin/Debug CRM Domain.pdb
2010.08.05 10:53 B E:\PRODUCCION\CRM\RELEASES\20100520\CLIENT_FTP\CRM 2x4\bin\Debug\Interop.HardLockServer.dll --> ftp.kapaz.com.ar /htdocs/softints/RELEASES/20100520/CLIENT_FTP/CRM 2x4/bin/Debug Interop.HardLockServer.dll
2010.08.05 10:54 B E:\PRODUCCION\CRM\RELEASES\20100520\CLIENT_FTP\CRM 2x4\bin\Debug\Microsoft.Office.Interop.Access.dll --> ftp.kapaz.com.ar /htdocs/softints/RELEASES/20100520/CLIENT_FTP/CRM 2x4/bin/Debug Microsoft.Office.Interop.Access.dll
2010.08.05 10:54 B E:\PRODUCCION\CRM\RELEASES\20100520\CLIENT_FTP\CRM 2x4\bin\Debug\Microsoft.Vbe.Interop.dll --> ftp.kapaz.com.ar /htdocs/softints/RELEASES/20100520/CLIENT_FTP/CRM 2x4/bin/Debug Microsoft.Vbe.Interop.dll
2010.08.05 10:54 B E:\PRODUCCION\CRM\RELEASES\20100520\CLIENT_FTP\CRM 2x4\bin\Debug\office.dll --> ftp.kapaz.com.ar /htdocs/softints/RELEASES/20100520/CLIENT_FTP/CRM 2x4/bin/Debug office.dll
2010.08.05 10:55 B E:\PRODUCCION\CRM\RELEASES\20100520\CLIENT_FTP\CRM 2x4\bin\Debug\office.xml --> ftp.kapaz.com.ar /htdocs/softints/RELEASES/20100520/CLIENT_FTP/CRM 2x4/bin/Debug office.xml
2010.08.05 10:56 B E:\PRODUCCION\CRM\RELEASES\20100520\CLIENT_FTP\CRM 2x4\bin\Debug\Servidor de accesos.exe --> ftp.kapaz.com.ar /htdocs/softints/RELEASES/20100520/CLIENT_FTP/CRM 2x4/bin/Debug Servidor de accesos.exe
2010.08.05 10:56 B E:\PRODUCCION\CRM\RELEASES\20100520\CLIENT_FTP\CRM 2x4\bin\Debug\Servidor de accesos.exe.config --> ftp.kapaz.com.ar /htdocs/softints/RELEASES/20100520/CLIENT_FTP/CRM 2x4/bin/Debug Servidor de accesos.exe.config
2010.08.05 10:56 B E:\PRODUCCION\CRM\RELEASES\20100520\CLIENT_FTP\CRM 2x4\bin\Debug\Servidor de accesos.pdb --> ftp.kapaz.com.ar /htdocs/softints/RELEASES/20100520/CLIENT_FTP/CRM 2x4/bin/Debug Servidor de accesos.pdb
2010.08.05 10:56 B E:\PRODUCCION\CRM\RELEASES\20100520\CLIENT_FTP\CRM 2x4\bin\Debug\Servidor de accesos.vshost.exe --> ftp.kapaz.com.ar /htdocs/softints/RELEASES/20100520/CLIENT_FTP/CRM 2x4/bin/Debug Servidor de accesos.vshost.exe
2010.08.05 10:56 B E:\PRODUCCION\CRM\RELEASES\20100520\CLIENT_FTP\CRM 2x4\bin\Debug\Servidor de accesos.vshost.exe.config --> ftp.kapaz.com.ar /htdocs/softints/RELEASES/20100520/CLIENT_FTP/CRM 2x4/bin/Debug Servidor de accesos.vshost.exe.config
2010.08.05 10:56 B E:\PRODUCCION\CRM\RELEASES\20100520\CLIENT_FTP\CRM 2x4\bin\Debug\Servidor de accesos.vshost.exe.manifest --> ftp.kapaz.com.ar /htdocs/softints/RELEASES/20100520/CLIENT_FTP/CRM 2x4/bin/Debug Servidor de accesos.vshost.exe.manifest
2010.08.05 10:56 B E:\PRODUCCION\CRM\RELEASES\20100520\CLIENT_FTP\CRM 2x4\bin\Debug\WS_FTP.LOG --> ftp.kapaz.com.ar /htdocs/softints/RELEASES/20100520/CLIENT_FTP/CRM 2x4/bin/Debug WS_FTP.LOG
2010.09.03 22:17 B E:\PRODUCCION\CRM\RELEASES\20100520\CLIENT_FTP\CRM 2x4\bin\Debug\13172414.tmp --> ftp.primogenia.com /public_html/softints/CRM 2x4/bin/Debug 13172414.tmp
2010.09.03 22:17 B E:\PRODUCCION\CRM\RELEASES\20100520\CLIENT_FTP\CRM 2x4\bin\Debug\16947234.tmp --> ftp.primogenia.com /public_html/softints/CRM 2x4/bin/Debug 16947234.tmp
2010.09.03 22:17 B E:\PRODUCCION\CRM\RELEASES\20100520\CLIENT_FTP\CRM 2x4\bin\Debug\2383799.xml --> ftp.primogenia.com /public_html/softints/CRM 2x4/bin/Debug 2383799.xml
2010.09.03 22:17 B E:\PRODUCCION\CRM\RELEASES\20100520\CLIENT_FTP\CRM 2x4\bin\Debug\26239245.xml --> ftp.primogenia.com /public_html/softints/CRM 2x4/bin/Debug 26239245.xml
2010.09.03 22:17 B E:\PRODUCCION\CRM\RELEASES\20100520\CLIENT_FTP\CRM 2x4\bin\Debug\27006480.tmp --> ftp.primogenia.com /public_html/softints/CRM 2x4/bin/Debug 27006480.tmp
2010.09.03 22:17 B E:\PRODUCCION\CRM\RELEASES\20100520\CLIENT_FTP\CRM 2x4\bin\Debug\32057793.tmp --> ftp.primogenia.com /public_html/softints/CRM 2x4/bin/Debug 32057793.tmp
2010.09.03 22:17 B E:\PRODUCCION\CRM\RELEASES\20100520\CLIENT_FTP\CRM 2x4\bin\Debug\32115247.tmp --> ftp.primogenia.com /public_html/softints/CRM 2x4/bin/Debug 32115247.tmp
2010.09.03 22:17 B E:\PRODUCCION\CRM\RELEASES\20100520\CLIENT_FTP\CRM 2x4\bin\Debug\35104124.tmp --> ftp.primogenia.com /public_html/softints/CRM 2x4/bin/Debug 35104124.tmp
2010.09.03 22:17 B E:\PRODUCCION\CRM\RELEASES\20100520\CLIENT_FTP\CRM 2x4\bin\Debug\40362448.xml --> ftp.primogenia.com /public_html/softints/CRM 2x4/bin/Debug 40362448.xml
2010.09.03 22:17 B E:\PRODUCCION\CRM\RELEASES\20100520\CLIENT_FTP\CRM 2x4\bin\Debug\41429416.tmp --> ftp.primogenia.com /public_html/softints/CRM 2x4/bin/Debug 41429416.tmp
2010.09.03 22:17 B E:\PRODUCCION\CRM\RELEASES\20100520\CLIENT_FTP\CRM 2x4\bin\Debug\44115416.tmp --> ftp.primogenia.com /public_html/softints/CRM 2x4/bin/Debug 44115416.tmp
2010.09.03 22:17 B E:\PRODUCCION\CRM\RELEASES\20100520\CLIENT_FTP\CRM 2x4\bin\Debug\47891719.tmp --> ftp.primogenia.com /public_html/softints/CRM 2x4/bin/Debug 47891719.tmp
2010.09.03 22:17 B E:\PRODUCCION\CRM\RELEASES\20100520\CLIENT_FTP\CRM 2x4\bin\Debug\4861097.tmp --> ftp.primogenia.com /public_html/softints/CRM 2x4/bin/Debug 4861097.tmp
2010.09.03 22:17 B E:\PRODUCCION\CRM\RELEASES\20100520\CLIENT_FTP\CRM 2x4\bin\Debug\54024015.tmp --> ftp.primogenia.com /public_html/softints/CRM 2x4/bin/Debug 54024015.tmp
2010.09.03 22:17 B E:\PRODUCCION\CRM\RELEASES\20100520\CLIENT_FTP\CRM 2x4\bin\Debug\54444047.tmp --> ftp.primogenia.com /public_html/softints/CRM 2x4/bin/Debug 54444047.tmp
2010.09.03 22:17 B E:\PRODUCCION\CRM\RELEASES\20100520\CLIENT_FTP\CRM 2x4\bin\Debug\61705107.tmp --> ftp.primogenia.com /public_html/softints/CRM 2x4/bin/Debug 61705107.tmp
2010.09.03 22:17 B E:\PRODUCCION\CRM\RELEASES\20100520\CLIENT_FTP\CRM 2x4\bin\Debug\64844482.tmp --> ftp.primogenia.com /public_html/softints/CRM 2x4/bin/Debug 64844482.tmp
2010.09.03 22:17 B E:\PRODUCCION\CRM\RELEASES\20100520\CLIENT_FTP\CRM 2x4\bin\Debug\Admin Data.dll --> ftp.primogenia.com /public_html/softints/CRM 2x4/bin/Debug Admin Data.dll
2010.09.03 22:17 B E:\PRODUCCION\CRM\RELEASES\20100520\CLIENT_FTP\CRM 2x4\bin\Debug\Admin Data.pdb --> ftp.primogenia.com /public_html/softints/CRM 2x4/bin/Debug Admin Data.pdb
2010.09.03 22:17 B E:\PRODUCCION\CRM\RELEASES\20100520\CLIENT_FTP\CRM 2x4\bin\Debug\Admin Domain.dll --> ftp.primogenia.com /public_html/softints/CRM 2x4/bin/Debug Admin Domain.dll
2010.09.03 22:17 B E:\PRODUCCION\CRM\RELEASES\20100520\CLIENT_FTP\CRM 2x4\bin\Debug\Admin Domain.pdb --> ftp.primogenia.com /public_html/softints/CRM 2x4/bin/Debug Admin Domain.pdb
2010.09.03 22:18 B E:\PRODUCCION\CRM\RELEASES\20100520\CLIENT_FTP\CRM 2x4\bin\Debug\CRM 2x4.application --> ftp.primogenia.com /public_html/softints/CRM 2x4/bin/Debug CRM 2x4.application
2010.09.03 22:21 B E:\PRODUCCION\CRM\RELEASES\20100520\CLIENT_FTP\CRM 2x4\bin\Debug\CRM 2x4.exe --> ftp.primogenia.com /public_html/softints/CRM 2x4/bin/Debug CRM 2x4.exe
2010.09.03 22:21 B E:\PRODUCCION\CRM\RELEASES\20100520\CLIENT_FTP\CRM 2x4\bin\Debug\CRM 2x4.exe.config --> ftp.primogenia.com /public_html/softints/CRM 2x4/bin/Debug CRM 2x4.exe.config
2010.09.03 22:21 B E:\PRODUCCION\CRM\RELEASES\20100520\CLIENT_FTP\CRM 2x4\bin\Debug\CRM 2x4.exe.manifest --> ftp.primogenia.com /public_html/softints/CRM 2x4/bin/Debug CRM 2x4.exe.manifest
2010.09.03 22:22 B E:\PRODUCCION\CRM\RELEASES\20100520\CLIENT_FTP\CRM 2x4\bin\Debug\CRM 2x4.pdb --> ftp.primogenia.com /public_html/softints/CRM 2x4/bin/Debug CRM 2x4.pdb
2010.09.03 22:22 B E:\PRODUCCION\CRM\RELEASES\20100520\CLIENT_FTP\CRM 2x4\bin\Debug\CRM 2x4.vshost.application --> ftp.primogenia.com /public_html/softints/CRM 2x4/bin/Debug CRM 2x4.vshost.application
2010.09.03 22:22 B E:\PRODUCCION\CRM\RELEASES\20100520\CLIENT_FTP\CRM 2x4\bin\Debug\CRM 2x4.vshost.exe --> ftp.primogenia.com /public_html/softints/CRM 2x4/bin/Debug CRM 2x4.vshost.exe
2010.09.03 22:22 B E:\PRODUCCION\CRM\RELEASES\20100520\CLIENT_FTP\CRM 2x4\bin\Debug\CRM 2x4.vshost.exe.config --> ftp.primogenia.com /public_html/softints/CRM 2x4/bin/Debug CRM 2x4.vshost.exe.config
2010.09.03 22:23 B E:\PRODUCCION\CRM\RELEASES\20100520\CLIENT_FTP\CRM 2x4\bin\Debug\CRM Admin.exe --> ftp.primogenia.com /public_html/softints/CRM 2x4/bin/Debug CRM Admin.exe
2010.09.03 22:23 B E:\PRODUCCION\CRM\RELEASES\20100520\CLIENT_FTP\CRM 2x4\bin\Debug\CRM Admin.pdb --> ftp.primogenia.com /public_html/softints/CRM 2x4/bin/Debug CRM Admin.pdb
2010.09.03 22:23 B E:\PRODUCCION\CRM\RELEASES\20100520\CLIENT_FTP\CRM 2x4\bin\Debug\CRM Admin.vshost.exe --> ftp.primogenia.com /public_html/softints/CRM 2x4/bin/Debug CRM Admin.vshost.exe
2010.09.03 22:23 B E:\PRODUCCION\CRM\RELEASES\20100520\CLIENT_FTP\CRM 2x4\bin\Debug\CRM Admin.vshost.exe.manifest --> ftp.primogenia.com /public_html/softints/CRM 2x4/bin/Debug CRM Admin.vshost.exe.manifest
2010.09.03 22:23 B E:\PRODUCCION\CRM\RELEASES\20100520\CLIENT_FTP\CRM 2x4\bin\Debug\CRM Admin.xml --> ftp.primogenia.com /public_html/softints/CRM 2x4/bin/Debug CRM Admin.xml
2010.09.03 22:23 B E:\PRODUCCION\CRM\RELEASES\20100520\CLIENT_FTP\CRM 2x4\bin\Debug\CRM Data.dll --> ftp.primogenia.com /public_html/softints/CRM 2x4/bin/Debug CRM Data.dll
2010.09.03 22:23 B E:\PRODUCCION\CRM\RELEASES\20100520\CLIENT_FTP\CRM 2x4\bin\Debug\CRM Data.pdb --> ftp.primogenia.com /public_html/softints/CRM 2x4/bin/Debug CRM Data.pdb
2010.09.03 22:24 B E:\PRODUCCION\CRM\RELEASES\20100520\CLIENT_FTP\CRM 2x4\bin\Debug\CRM Domain.dll --> ftp.primogenia.com /public_html/softints/CRM 2x4/bin/Debug CRM Domain.dll
2010.09.03 22:24 B E:\PRODUCCION\CRM\RELEASES\20100520\CLIENT_FTP\CRM 2x4\bin\Debug\CRM Domain.pdb --> ftp.primogenia.com /public_html/softints/CRM 2x4/bin/Debug CRM Domain.pdb
2010.09.03 22:24 B E:\PRODUCCION\CRM\RELEASES\20100520\CLIENT_FTP\CRM 2x4\bin\Debug\Interop.HardLockServer.dll --> ftp.primogenia.com /public_html/softints/CRM 2x4/bin/Debug Interop.HardLockServer.dll
2010.09.03 22:25 B E:\PRODUCCION\CRM\RELEASES\20100520\CLIENT_FTP\CRM 2x4\bin\Debug\Microsoft.Office.Interop.Access.dll --> ftp.primogenia.com /public_html/softints/CRM 2x4/bin/Debug Microsoft.Office.Interop.Access.dll
2010.09.03 22:26 B E:\PRODUCCION\CRM\RELEASES\20100520\CLIENT_FTP\CRM 2x4\bin\Debug\Microsoft.Vbe.Interop.dll --> ftp.primogenia.com /public_html/softints/CRM 2x4/bin/Debug Microsoft.Vbe.Interop.dll
2010.09.03 22:26 B E:\PRODUCCION\CRM\RELEASES\20100520\CLIENT_FTP\CRM 2x4\bin\Debug\office.dll --> ftp.primogenia.com /public_html/softints/CRM 2x4/bin/Debug office.dll
2010.09.03 22:26 B E:\PRODUCCION\CRM\RELEASES\20100520\CLIENT_FTP\CRM 2x4\bin\Debug\office.xml --> ftp.primogenia.com /public_html/softints/CRM 2x4/bin/Debug office.xml
2010.09.03 22:27 B E:\PRODUCCION\CRM\RELEASES\20100520\CLIENT_FTP\CRM 2x4\bin\Debug\Servidor de accesos.exe --> ftp.primogenia.com /public_html/softints/CRM 2x4/bin/Debug Servidor de accesos.exe
2010.09.03 22:27 B E:\PRODUCCION\CRM\RELEASES\20100520\CLIENT_FTP\CRM 2x4\bin\Debug\Servidor de accesos.exe.config --> ftp.primogenia.com /public_html/softints/CRM 2x4/bin/Debug Servidor de accesos.exe.config
2010.09.03 22:27 B E:\PRODUCCION\CRM\RELEASES\20100520\CLIENT_FTP\CRM 2x4\bin\Debug\Servidor de accesos.pdb --> ftp.primogenia.com /public_html/softints/CRM 2x4/bin/Debug Servidor de accesos.pdb
2010.09.03 22:27 B E:\PRODUCCION\CRM\RELEASES\20100520\CLIENT_FTP\CRM 2x4\bin\Debug\Servidor de accesos.vshost.exe --> ftp.primogenia.com /public_html/softints/CRM 2x4/bin/Debug Servidor de accesos.vshost.exe
2010.09.03 22:27 B E:\PRODUCCION\CRM\RELEASES\20100520\CLIENT_FTP\CRM 2x4\bin\Debug\Servidor de accesos.vshost.exe.config --> ftp.primogenia.com /public_html/softints/CRM 2x4/bin/Debug Servidor de accesos.vshost.exe.config
2010.09.03 22:27 B E:\PRODUCCION\CRM\RELEASES\20100520\CLIENT_FTP\CRM 2x4\bin\Debug\Servidor de accesos.vshost.exe.manifest --> ftp.primogenia.com /public_html/softints/CRM 2x4/bin/Debug Servidor de accesos.vshost.exe.manifest
2010.09.03 22:27 B E:\PRODUCCION\CRM\RELEASES\20100520\CLIENT_FTP\CRM 2x4\bin\Debug\WS_FTP.LOG --> ftp.primogenia.com /public_html/softints/CRM 2x4/bin/Debug WS_FTP.LOG
