2010.07.27 22:47 B E:\PRODUCCION\CRM\RELEASES\20100520\CLIENT_FTP\CRM 2x4\Reports\frmReportFormat.Designer.vb <-- Kapaz /htdocs/softints/RELEASES/20100520/CLIENT/CRM 2x4/Reports frmReportFormat.Designer.vb
2010.07.27 22:47 B E:\PRODUCCION\CRM\RELEASES\20100520\CLIENT_FTP\CRM 2x4\Reports\frmReportFormat.resx <-- Kapaz /htdocs/softints/RELEASES/20100520/CLIENT/CRM 2x4/Reports frmReportFormat.resx
2010.07.27 22:47 B E:\PRODUCCION\CRM\RELEASES\20100520\CLIENT_FTP\CRM 2x4\Reports\frmReportFormat.vb <-- Kapaz /htdocs/softints/RELEASES/20100520/CLIENT/CRM 2x4/Reports frmReportFormat.vb
2010.07.27 22:47 B E:\PRODUCCION\CRM\RELEASES\20100520\CLIENT_FTP\CRM 2x4\Reports\frmReportViewer.Designer.vb <-- Kapaz /htdocs/softints/RELEASES/20100520/CLIENT/CRM 2x4/Reports frmReportViewer.Designer.vb
2010.07.27 22:47 B E:\PRODUCCION\CRM\RELEASES\20100520\CLIENT_FTP\CRM 2x4\Reports\frmReportViewer.resx <-- Kapaz /htdocs/softints/RELEASES/20100520/CLIENT/CRM 2x4/Reports frmReportViewer.resx
2010.07.27 22:47 B E:\PRODUCCION\CRM\RELEASES\20100520\CLIENT_FTP\CRM 2x4\Reports\frmReportViewer.vb <-- Kapaz /htdocs/softints/RELEASES/20100520/CLIENT/CRM 2x4/Reports frmReportViewer.vb
2010.07.27 22:47 B E:\PRODUCCION\CRM\RELEASES\20100520\CLIENT_FTP\CRM 2x4\Reports\RptCstList.rpt <-- Kapaz /htdocs/softints/RELEASES/20100520/CLIENT/CRM 2x4/Reports RptCstList.rpt
2010.07.27 22:47 B E:\PRODUCCION\CRM\RELEASES\20100520\CLIENT_FTP\CRM 2x4\Reports\RptCstList.vb <-- Kapaz /htdocs/softints/RELEASES/20100520/CLIENT/CRM 2x4/Reports RptCstList.vb
2010.07.27 22:47 B E:\PRODUCCION\CRM\RELEASES\20100520\CLIENT_FTP\CRM 2x4\Reports\RptEventList.rpt <-- Kapaz /htdocs/softints/RELEASES/20100520/CLIENT/CRM 2x4/Reports RptEventList.rpt
2010.07.27 22:47 B E:\PRODUCCION\CRM\RELEASES\20100520\CLIENT_FTP\CRM 2x4\Reports\RptEventList.vb <-- Kapaz /htdocs/softints/RELEASES/20100520/CLIENT/CRM 2x4/Reports RptEventList.vb
2010.07.27 22:47 B E:\PRODUCCION\CRM\RELEASES\20100520\CLIENT_FTP\CRM 2x4\Reports\RptPCstDeleted.rpt <-- Kapaz /htdocs/softints/RELEASES/20100520/CLIENT/CRM 2x4/Reports RptPCstDeleted.rpt
2010.07.27 22:47 B E:\PRODUCCION\CRM\RELEASES\20100520\CLIENT_FTP\CRM 2x4\Reports\RptPCstDeleted.vb <-- Kapaz /htdocs/softints/RELEASES/20100520/CLIENT/CRM 2x4/Reports RptPCstDeleted.vb
2010.07.27 22:47 B E:\PRODUCCION\CRM\RELEASES\20100520\CLIENT_FTP\CRM 2x4\Reports\RptPCstEntry.rpt <-- Kapaz /htdocs/softints/RELEASES/20100520/CLIENT/CRM 2x4/Reports RptPCstEntry.rpt
2010.07.27 22:47 B E:\PRODUCCION\CRM\RELEASES\20100520\CLIENT_FTP\CRM 2x4\Reports\RptPCstEntry.vb <-- Kapaz /htdocs/softints/RELEASES/20100520/CLIENT/CRM 2x4/Reports RptPCstEntry.vb
2010.07.27 22:47 B E:\PRODUCCION\CRM\RELEASES\20100520\CLIENT_FTP\CRM 2x4\Reports\RptPCstList.rpt <-- Kapaz /htdocs/softints/RELEASES/20100520/CLIENT/CRM 2x4/Reports RptPCstList.rpt
2010.07.27 22:47 B E:\PRODUCCION\CRM\RELEASES\20100520\CLIENT_FTP\CRM 2x4\Reports\RptPCstList.vb <-- Kapaz /htdocs/softints/RELEASES/20100520/CLIENT/CRM 2x4/Reports RptPCstList.vb
2010.07.27 22:47 B E:\PRODUCCION\CRM\RELEASES\20100520\CLIENT_FTP\CRM 2x4\Reports\RptPCstToTango.rpt <-- Kapaz /htdocs/softints/RELEASES/20100520/CLIENT/CRM 2x4/Reports RptPCstToTango.rpt
2010.07.27 22:47 B E:\PRODUCCION\CRM\RELEASES\20100520\CLIENT_FTP\CRM 2x4\Reports\RptPCstToTango.vb <-- Kapaz /htdocs/softints/RELEASES/20100520/CLIENT/CRM 2x4/Reports RptPCstToTango.vb
2010.07.27 22:47 B E:\PRODUCCION\CRM\RELEASES\20100520\CLIENT_FTP\CRM 2x4\Reports\RptTaskDetails.rpt <-- Kapaz /htdocs/softints/RELEASES/20100520/CLIENT/CRM 2x4/Reports RptTaskDetails.rpt
2010.07.27 22:47 B E:\PRODUCCION\CRM\RELEASES\20100520\CLIENT_FTP\CRM 2x4\Reports\RptTaskDetails.vb <-- Kapaz /htdocs/softints/RELEASES/20100520/CLIENT/CRM 2x4/Reports RptTaskDetails.vb
2010.07.27 22:47 B E:\PRODUCCION\CRM\RELEASES\20100520\CLIENT_FTP\CRM 2x4\Reports\RptTaskList.rpt <-- Kapaz /htdocs/softints/RELEASES/20100520/CLIENT/CRM 2x4/Reports RptTaskList.rpt
2010.07.27 22:47 B E:\PRODUCCION\CRM\RELEASES\20100520\CLIENT_FTP\CRM 2x4\Reports\RptTaskList.vb <-- Kapaz /htdocs/softints/RELEASES/20100520/CLIENT/CRM 2x4/Reports RptTaskList.vb
2010.08.05 11:39 B E:\PRODUCCION\CRM\RELEASES\20100520\CLIENT_FTP\CRM 2x4\Reports\frmReportFormat.Designer.vb --> ftp.kapaz.com.ar /htdocs/softints/RELEASES/20100520/CLIENT_FTP/CRM 2x4/Reports frmReportFormat.Designer.vb
2010.08.05 11:39 B E:\PRODUCCION\CRM\RELEASES\20100520\CLIENT_FTP\CRM 2x4\Reports\frmReportFormat.resx --> ftp.kapaz.com.ar /htdocs/softints/RELEASES/20100520/CLIENT_FTP/CRM 2x4/Reports frmReportFormat.resx
2010.08.05 11:39 B E:\PRODUCCION\CRM\RELEASES\20100520\CLIENT_FTP\CRM 2x4\Reports\frmReportFormat.vb --> ftp.kapaz.com.ar /htdocs/softints/RELEASES/20100520/CLIENT_FTP/CRM 2x4/Reports frmReportFormat.vb
2010.08.05 11:39 B E:\PRODUCCION\CRM\RELEASES\20100520\CLIENT_FTP\CRM 2x4\Reports\frmReportViewer.Designer.vb --> ftp.kapaz.com.ar /htdocs/softints/RELEASES/20100520/CLIENT_FTP/CRM 2x4/Reports frmReportViewer.Designer.vb
2010.08.05 11:39 B E:\PRODUCCION\CRM\RELEASES\20100520\CLIENT_FTP\CRM 2x4\Reports\frmReportViewer.resx --> ftp.kapaz.com.ar /htdocs/softints/RELEASES/20100520/CLIENT_FTP/CRM 2x4/Reports frmReportViewer.resx
2010.08.05 11:39 B E:\PRODUCCION\CRM\RELEASES\20100520\CLIENT_FTP\CRM 2x4\Reports\frmReportViewer.vb --> ftp.kapaz.com.ar /htdocs/softints/RELEASES/20100520/CLIENT_FTP/CRM 2x4/Reports frmReportViewer.vb
2010.08.05 11:39 B E:\PRODUCCION\CRM\RELEASES\20100520\CLIENT_FTP\CRM 2x4\Reports\RptCstList.rpt --> ftp.kapaz.com.ar /htdocs/softints/RELEASES/20100520/CLIENT_FTP/CRM 2x4/Reports RptCstList.rpt
2010.08.05 11:39 B E:\PRODUCCION\CRM\RELEASES\20100520\CLIENT_FTP\CRM 2x4\Reports\RptCstList.vb --> ftp.kapaz.com.ar /htdocs/softints/RELEASES/20100520/CLIENT_FTP/CRM 2x4/Reports RptCstList.vb
2010.08.05 11:39 B E:\PRODUCCION\CRM\RELEASES\20100520\CLIENT_FTP\CRM 2x4\Reports\RptEventList.rpt --> ftp.kapaz.com.ar /htdocs/softints/RELEASES/20100520/CLIENT_FTP/CRM 2x4/Reports RptEventList.rpt
2010.08.05 11:39 B E:\PRODUCCION\CRM\RELEASES\20100520\CLIENT_FTP\CRM 2x4\Reports\RptEventList.vb --> ftp.kapaz.com.ar /htdocs/softints/RELEASES/20100520/CLIENT_FTP/CRM 2x4/Reports RptEventList.vb
2010.08.05 11:39 B E:\PRODUCCION\CRM\RELEASES\20100520\CLIENT_FTP\CRM 2x4\Reports\RptPCstDeleted.rpt --> ftp.kapaz.com.ar /htdocs/softints/RELEASES/20100520/CLIENT_FTP/CRM 2x4/Reports RptPCstDeleted.rpt
2010.08.05 11:40 B E:\PRODUCCION\CRM\RELEASES\20100520\CLIENT_FTP\CRM 2x4\Reports\RptPCstDeleted.vb --> ftp.kapaz.com.ar /htdocs/softints/RELEASES/20100520/CLIENT_FTP/CRM 2x4/Reports RptPCstDeleted.vb
2010.08.05 11:40 B E:\PRODUCCION\CRM\RELEASES\20100520\CLIENT_FTP\CRM 2x4\Reports\RptPCstEntry.rpt --> ftp.kapaz.com.ar /htdocs/softints/RELEASES/20100520/CLIENT_FTP/CRM 2x4/Reports RptPCstEntry.rpt
2010.08.05 11:40 B E:\PRODUCCION\CRM\RELEASES\20100520\CLIENT_FTP\CRM 2x4\Reports\RptPCstEntry.vb --> ftp.kapaz.com.ar /htdocs/softints/RELEASES/20100520/CLIENT_FTP/CRM 2x4/Reports RptPCstEntry.vb
2010.08.05 11:40 B E:\PRODUCCION\CRM\RELEASES\20100520\CLIENT_FTP\CRM 2x4\Reports\RptPCstList.rpt --> ftp.kapaz.com.ar /htdocs/softints/RELEASES/20100520/CLIENT_FTP/CRM 2x4/Reports RptPCstList.rpt
2010.08.05 11:40 B E:\PRODUCCION\CRM\RELEASES\20100520\CLIENT_FTP\CRM 2x4\Reports\RptPCstList.vb --> ftp.kapaz.com.ar /htdocs/softints/RELEASES/20100520/CLIENT_FTP/CRM 2x4/Reports RptPCstList.vb
2010.08.05 11:40 B E:\PRODUCCION\CRM\RELEASES\20100520\CLIENT_FTP\CRM 2x4\Reports\RptPCstToTango.rpt --> ftp.kapaz.com.ar /htdocs/softints/RELEASES/20100520/CLIENT_FTP/CRM 2x4/Reports RptPCstToTango.rpt
2010.08.05 11:40 B E:\PRODUCCION\CRM\RELEASES\20100520\CLIENT_FTP\CRM 2x4\Reports\RptPCstToTango.vb --> ftp.kapaz.com.ar /htdocs/softints/RELEASES/20100520/CLIENT_FTP/CRM 2x4/Reports RptPCstToTango.vb
2010.08.05 11:40 B E:\PRODUCCION\CRM\RELEASES\20100520\CLIENT_FTP\CRM 2x4\Reports\RptTaskDetails.rpt --> ftp.kapaz.com.ar /htdocs/softints/RELEASES/20100520/CLIENT_FTP/CRM 2x4/Reports RptTaskDetails.rpt
2010.08.05 11:40 B E:\PRODUCCION\CRM\RELEASES\20100520\CLIENT_FTP\CRM 2x4\Reports\RptTaskDetails.vb --> ftp.kapaz.com.ar /htdocs/softints/RELEASES/20100520/CLIENT_FTP/CRM 2x4/Reports RptTaskDetails.vb
2010.08.05 11:40 B E:\PRODUCCION\CRM\RELEASES\20100520\CLIENT_FTP\CRM 2x4\Reports\RptTaskList.rpt --> ftp.kapaz.com.ar /htdocs/softints/RELEASES/20100520/CLIENT_FTP/CRM 2x4/Reports RptTaskList.rpt
2010.08.05 11:40 B E:\PRODUCCION\CRM\RELEASES\20100520\CLIENT_FTP\CRM 2x4\Reports\RptTaskList.vb --> ftp.kapaz.com.ar /htdocs/softints/RELEASES/20100520/CLIENT_FTP/CRM 2x4/Reports RptTaskList.vb
2010.08.05 11:40 B E:\PRODUCCION\CRM\RELEASES\20100520\CLIENT_FTP\CRM 2x4\Reports\WS_FTP.LOG --> ftp.kapaz.com.ar /htdocs/softints/RELEASES/20100520/CLIENT_FTP/CRM 2x4/Reports WS_FTP.LOG
2010.09.04 00:07 B E:\PRODUCCION\CRM\RELEASES\20100520\CLIENT_FTP\CRM 2x4\Reports\frmReportFormat.Designer.vb --> ftp.primogenia.com /public_html/softints/CRM 2x4/Reports frmReportFormat.Designer.vb
2010.09.04 00:07 B E:\PRODUCCION\CRM\RELEASES\20100520\CLIENT_FTP\CRM 2x4\Reports\frmReportFormat.resx --> ftp.primogenia.com /public_html/softints/CRM 2x4/Reports frmReportFormat.resx
2010.09.04 00:07 B E:\PRODUCCION\CRM\RELEASES\20100520\CLIENT_FTP\CRM 2x4\Reports\frmReportFormat.vb --> ftp.primogenia.com /public_html/softints/CRM 2x4/Reports frmReportFormat.vb
2010.09.04 00:07 B E:\PRODUCCION\CRM\RELEASES\20100520\CLIENT_FTP\CRM 2x4\Reports\frmReportViewer.Designer.vb --> ftp.primogenia.com /public_html/softints/CRM 2x4/Reports frmReportViewer.Designer.vb
2010.09.04 00:07 B E:\PRODUCCION\CRM\RELEASES\20100520\CLIENT_FTP\CRM 2x4\Reports\frmReportViewer.resx --> ftp.primogenia.com /public_html/softints/CRM 2x4/Reports frmReportViewer.resx
2010.09.04 00:07 B E:\PRODUCCION\CRM\RELEASES\20100520\CLIENT_FTP\CRM 2x4\Reports\frmReportViewer.vb --> ftp.primogenia.com /public_html/softints/CRM 2x4/Reports frmReportViewer.vb
2010.09.04 00:07 B E:\PRODUCCION\CRM\RELEASES\20100520\CLIENT_FTP\CRM 2x4\Reports\RptCstList.rpt --> ftp.primogenia.com /public_html/softints/CRM 2x4/Reports RptCstList.rpt
2010.09.04 00:07 B E:\PRODUCCION\CRM\RELEASES\20100520\CLIENT_FTP\CRM 2x4\Reports\RptCstList.vb --> ftp.primogenia.com /public_html/softints/CRM 2x4/Reports RptCstList.vb
2010.09.04 00:07 B E:\PRODUCCION\CRM\RELEASES\20100520\CLIENT_FTP\CRM 2x4\Reports\RptEventList.rpt --> ftp.primogenia.com /public_html/softints/CRM 2x4/Reports RptEventList.rpt
2010.09.04 00:07 B E:\PRODUCCION\CRM\RELEASES\20100520\CLIENT_FTP\CRM 2x4\Reports\RptEventList.vb --> ftp.primogenia.com /public_html/softints/CRM 2x4/Reports RptEventList.vb
2010.09.04 00:07 B E:\PRODUCCION\CRM\RELEASES\20100520\CLIENT_FTP\CRM 2x4\Reports\RptPCstDeleted.rpt --> ftp.primogenia.com /public_html/softints/CRM 2x4/Reports RptPCstDeleted.rpt
2010.09.04 00:07 B E:\PRODUCCION\CRM\RELEASES\20100520\CLIENT_FTP\CRM 2x4\Reports\RptPCstDeleted.vb --> ftp.primogenia.com /public_html/softints/CRM 2x4/Reports RptPCstDeleted.vb
2010.09.04 00:08 B E:\PRODUCCION\CRM\RELEASES\20100520\CLIENT_FTP\CRM 2x4\Reports\RptPCstEntry.rpt --> ftp.primogenia.com /public_html/softints/CRM 2x4/Reports RptPCstEntry.rpt
2010.09.04 00:08 B E:\PRODUCCION\CRM\RELEASES\20100520\CLIENT_FTP\CRM 2x4\Reports\RptPCstEntry.vb --> ftp.primogenia.com /public_html/softints/CRM 2x4/Reports RptPCstEntry.vb
2010.09.04 00:08 B E:\PRODUCCION\CRM\RELEASES\20100520\CLIENT_FTP\CRM 2x4\Reports\RptPCstList.rpt --> ftp.primogenia.com /public_html/softints/CRM 2x4/Reports RptPCstList.rpt
2010.09.04 00:08 B E:\PRODUCCION\CRM\RELEASES\20100520\CLIENT_FTP\CRM 2x4\Reports\RptPCstList.vb --> ftp.primogenia.com /public_html/softints/CRM 2x4/Reports RptPCstList.vb
2010.09.04 00:08 B E:\PRODUCCION\CRM\RELEASES\20100520\CLIENT_FTP\CRM 2x4\Reports\RptPCstToTango.rpt --> ftp.primogenia.com /public_html/softints/CRM 2x4/Reports RptPCstToTango.rpt
2010.09.04 00:08 B E:\PRODUCCION\CRM\RELEASES\20100520\CLIENT_FTP\CRM 2x4\Reports\RptPCstToTango.vb --> ftp.primogenia.com /public_html/softints/CRM 2x4/Reports RptPCstToTango.vb
2010.09.04 00:08 B E:\PRODUCCION\CRM\RELEASES\20100520\CLIENT_FTP\CRM 2x4\Reports\RptTaskDetails.rpt --> ftp.primogenia.com /public_html/softints/CRM 2x4/Reports RptTaskDetails.rpt
2010.09.04 00:08 B E:\PRODUCCION\CRM\RELEASES\20100520\CLIENT_FTP\CRM 2x4\Reports\RptTaskDetails.vb --> ftp.primogenia.com /public_html/softints/CRM 2x4/Reports RptTaskDetails.vb
2010.09.04 00:08 B E:\PRODUCCION\CRM\RELEASES\20100520\CLIENT_FTP\CRM 2x4\Reports\RptTaskList.rpt --> ftp.primogenia.com /public_html/softints/CRM 2x4/Reports RptTaskList.rpt
2010.09.04 00:08 B E:\PRODUCCION\CRM\RELEASES\20100520\CLIENT_FTP\CRM 2x4\Reports\RptTaskList.vb --> ftp.primogenia.com /public_html/softints/CRM 2x4/Reports RptTaskList.vb
2010.09.04 00:08 B E:\PRODUCCION\CRM\RELEASES\20100520\CLIENT_FTP\CRM 2x4\Reports\WS_FTP.LOG --> ftp.primogenia.com /public_html/softints/CRM 2x4/Reports WS_FTP.LOG
