2010.07.27 22:46 B E:\PRODUCCION\CRM\RELEASES\20100520\CLIENT_FTP\CRM 2x4\obj\Release\TempPE\My Project.Resources.Designer.vb.dll <-- Kapaz /htdocs/softints/RELEASES/20100520/CLIENT/CRM 2x4/obj/Release/TempPE My Project.Resources.Designer.vb.dll
2010.07.27 22:46 B E:\PRODUCCION\CRM\RELEASES\20100520\CLIENT_FTP\CRM 2x4\obj\Release\TempPE\Reports.RptCstList.vb.dll <-- Kapaz /htdocs/softints/RELEASES/20100520/CLIENT/CRM 2x4/obj/Release/TempPE Reports.RptCstList.vb.dll
2010.07.27 22:46 B E:\PRODUCCION\CRM\RELEASES\20100520\CLIENT_FTP\CRM 2x4\obj\Release\TempPE\Reports.RptEventList.vb.dll <-- Kapaz /htdocs/softints/RELEASES/20100520/CLIENT/CRM 2x4/obj/Release/TempPE Reports.RptEventList.vb.dll
2010.07.27 22:46 B E:\PRODUCCION\CRM\RELEASES\20100520\CLIENT_FTP\CRM 2x4\obj\Release\TempPE\Reports.RptPCstDeleted.vb.dll <-- Kapaz /htdocs/softints/RELEASES/20100520/CLIENT/CRM 2x4/obj/Release/TempPE Reports.RptPCstDeleted.vb.dll
2010.07.27 22:46 B E:\PRODUCCION\CRM\RELEASES\20100520\CLIENT_FTP\CRM 2x4\obj\Release\TempPE\Reports.RptPCstEntry.vb.dll <-- Kapaz /htdocs/softints/RELEASES/20100520/CLIENT/CRM 2x4/obj/Release/TempPE Reports.RptPCstEntry.vb.dll
2010.07.27 22:46 B E:\PRODUCCION\CRM\RELEASES\20100520\CLIENT_FTP\CRM 2x4\obj\Release\TempPE\Reports.RptPCstList.vb.dll <-- Kapaz /htdocs/softints/RELEASES/20100520/CLIENT/CRM 2x4/obj/Release/TempPE Reports.RptPCstList.vb.dll
2010.07.27 22:46 B E:\PRODUCCION\CRM\RELEASES\20100520\CLIENT_FTP\CRM 2x4\obj\Release\TempPE\Reports.RptPCstToTango.vb.dll <-- Kapaz /htdocs/softints/RELEASES/20100520/CLIENT/CRM 2x4/obj/Release/TempPE Reports.RptPCstToTango.vb.dll
2010.07.27 22:46 B E:\PRODUCCION\CRM\RELEASES\20100520\CLIENT_FTP\CRM 2x4\obj\Release\TempPE\Reports.RptTaskDetails.vb.dll <-- Kapaz /htdocs/softints/RELEASES/20100520/CLIENT/CRM 2x4/obj/Release/TempPE Reports.RptTaskDetails.vb.dll
2010.07.27 22:46 B E:\PRODUCCION\CRM\RELEASES\20100520\CLIENT_FTP\CRM 2x4\obj\Release\TempPE\Reports.RptTaskList.vb.dll <-- Kapaz /htdocs/softints/RELEASES/20100520/CLIENT/CRM 2x4/obj/Release/TempPE Reports.RptTaskList.vb.dll
2010.08.05 11:35 B E:\PRODUCCION\CRM\RELEASES\20100520\CLIENT_FTP\CRM 2x4\obj\Release\TempPE\My Project.Resources.Designer.vb.dll --> ftp.kapaz.com.ar /htdocs/softints/RELEASES/20100520/CLIENT_FTP/CRM 2x4/obj/Release/TempPE My Project.Resources.Designer.vb.dll
2010.08.05 11:35 B E:\PRODUCCION\CRM\RELEASES\20100520\CLIENT_FTP\CRM 2x4\obj\Release\TempPE\Reports.RptCstList.vb.dll --> ftp.kapaz.com.ar /htdocs/softints/RELEASES/20100520/CLIENT_FTP/CRM 2x4/obj/Release/TempPE Reports.RptCstList.vb.dll
2010.08.05 11:36 B E:\PRODUCCION\CRM\RELEASES\20100520\CLIENT_FTP\CRM 2x4\obj\Release\TempPE\Reports.RptEventList.vb.dll --> ftp.kapaz.com.ar /htdocs/softints/RELEASES/20100520/CLIENT_FTP/CRM 2x4/obj/Release/TempPE Reports.RptEventList.vb.dll
2010.08.05 11:36 B E:\PRODUCCION\CRM\RELEASES\20100520\CLIENT_FTP\CRM 2x4\obj\Release\TempPE\Reports.RptPCstDeleted.vb.dll --> ftp.kapaz.com.ar /htdocs/softints/RELEASES/20100520/CLIENT_FTP/CRM 2x4/obj/Release/TempPE Reports.RptPCstDeleted.vb.dll
2010.08.05 11:36 B E:\PRODUCCION\CRM\RELEASES\20100520\CLIENT_FTP\CRM 2x4\obj\Release\TempPE\Reports.RptPCstEntry.vb.dll --> ftp.kapaz.com.ar /htdocs/softints/RELEASES/20100520/CLIENT_FTP/CRM 2x4/obj/Release/TempPE Reports.RptPCstEntry.vb.dll
2010.08.05 11:36 B E:\PRODUCCION\CRM\RELEASES\20100520\CLIENT_FTP\CRM 2x4\obj\Release\TempPE\Reports.RptPCstList.vb.dll --> ftp.kapaz.com.ar /htdocs/softints/RELEASES/20100520/CLIENT_FTP/CRM 2x4/obj/Release/TempPE Reports.RptPCstList.vb.dll
2010.08.05 11:36 B E:\PRODUCCION\CRM\RELEASES\20100520\CLIENT_FTP\CRM 2x4\obj\Release\TempPE\Reports.RptPCstToTango.vb.dll --> ftp.kapaz.com.ar /htdocs/softints/RELEASES/20100520/CLIENT_FTP/CRM 2x4/obj/Release/TempPE Reports.RptPCstToTango.vb.dll
2010.08.05 11:36 B E:\PRODUCCION\CRM\RELEASES\20100520\CLIENT_FTP\CRM 2x4\obj\Release\TempPE\Reports.RptTaskDetails.vb.dll --> ftp.kapaz.com.ar /htdocs/softints/RELEASES/20100520/CLIENT_FTP/CRM 2x4/obj/Release/TempPE Reports.RptTaskDetails.vb.dll
2010.08.05 11:36 B E:\PRODUCCION\CRM\RELEASES\20100520\CLIENT_FTP\CRM 2x4\obj\Release\TempPE\Reports.RptTaskList.vb.dll --> ftp.kapaz.com.ar /htdocs/softints/RELEASES/20100520/CLIENT_FTP/CRM 2x4/obj/Release/TempPE Reports.RptTaskList.vb.dll
2010.08.05 11:36 B E:\PRODUCCION\CRM\RELEASES\20100520\CLIENT_FTP\CRM 2x4\obj\Release\TempPE\WS_FTP.LOG --> ftp.kapaz.com.ar /htdocs/softints/RELEASES/20100520/CLIENT_FTP/CRM 2x4/obj/Release/TempPE WS_FTP.LOG
2010.09.03 23:10 B E:\PRODUCCION\CRM\RELEASES\20100520\CLIENT_FTP\CRM 2x4\obj\Release\TempPE\My Project.Resources.Designer.vb.dll --> ftp.primogenia.com /public_html/softints/CRM 2x4/obj/Release/TempPE My Project.Resources.Designer.vb.dll
2010.09.03 23:10 B E:\PRODUCCION\CRM\RELEASES\20100520\CLIENT_FTP\CRM 2x4\obj\Release\TempPE\Reports.RptCstList.vb.dll --> ftp.primogenia.com /public_html/softints/CRM 2x4/obj/Release/TempPE Reports.RptCstList.vb.dll
2010.09.03 23:10 B E:\PRODUCCION\CRM\RELEASES\20100520\CLIENT_FTP\CRM 2x4\obj\Release\TempPE\Reports.RptEventList.vb.dll --> ftp.primogenia.com /public_html/softints/CRM 2x4/obj/Release/TempPE Reports.RptEventList.vb.dll
2010.09.03 23:10 B E:\PRODUCCION\CRM\RELEASES\20100520\CLIENT_FTP\CRM 2x4\obj\Release\TempPE\Reports.RptPCstDeleted.vb.dll --> ftp.primogenia.com /public_html/softints/CRM 2x4/obj/Release/TempPE Reports.RptPCstDeleted.vb.dll
2010.09.03 23:10 B E:\PRODUCCION\CRM\RELEASES\20100520\CLIENT_FTP\CRM 2x4\obj\Release\TempPE\Reports.RptPCstEntry.vb.dll --> ftp.primogenia.com /public_html/softints/CRM 2x4/obj/Release/TempPE Reports.RptPCstEntry.vb.dll
2010.09.03 23:10 B E:\PRODUCCION\CRM\RELEASES\20100520\CLIENT_FTP\CRM 2x4\obj\Release\TempPE\Reports.RptPCstList.vb.dll --> ftp.primogenia.com /public_html/softints/CRM 2x4/obj/Release/TempPE Reports.RptPCstList.vb.dll
2010.09.03 23:10 B E:\PRODUCCION\CRM\RELEASES\20100520\CLIENT_FTP\CRM 2x4\obj\Release\TempPE\Reports.RptPCstToTango.vb.dll --> ftp.primogenia.com /public_html/softints/CRM 2x4/obj/Release/TempPE Reports.RptPCstToTango.vb.dll
2010.09.03 23:10 B E:\PRODUCCION\CRM\RELEASES\20100520\CLIENT_FTP\CRM 2x4\obj\Release\TempPE\Reports.RptTaskDetails.vb.dll --> ftp.primogenia.com /public_html/softints/CRM 2x4/obj/Release/TempPE Reports.RptTaskDetails.vb.dll
2010.09.03 23:10 B E:\PRODUCCION\CRM\RELEASES\20100520\CLIENT_FTP\CRM 2x4\obj\Release\TempPE\Reports.RptTaskList.vb.dll --> ftp.primogenia.com /public_html/softints/CRM 2x4/obj/Release/TempPE Reports.RptTaskList.vb.dll
2010.09.03 23:10 B E:\PRODUCCION\CRM\RELEASES\20100520\CLIENT_FTP\CRM 2x4\obj\Release\TempPE\WS_FTP.LOG --> ftp.primogenia.com /public_html/softints/CRM 2x4/obj/Release/TempPE WS_FTP.LOG
