2010.07.27 22:45 B E:\PRODUCCION\CRM\RELEASES\20100520\CLIENT_FTP\CRM 2x4\My Project\app.manifest <-- Kapaz /htdocs/softints/RELEASES/20100520/CLIENT/CRM 2x4/My Project app.manifest
2010.07.27 22:45 B E:\PRODUCCION\CRM\RELEASES\20100520\CLIENT_FTP\CRM 2x4\My Project\Application.Designer.vb <-- Kapaz /htdocs/softints/RELEASES/20100520/CLIENT/CRM 2x4/My Project Application.Designer.vb
2010.07.27 22:45 B E:\PRODUCCION\CRM\RELEASES\20100520\CLIENT_FTP\CRM 2x4\My Project\Application.myapp <-- Kapaz /htdocs/softints/RELEASES/20100520/CLIENT/CRM 2x4/My Project Application.myapp
2010.07.27 22:45 B E:\PRODUCCION\CRM\RELEASES\20100520\CLIENT_FTP\CRM 2x4\My Project\AssemblyInfo.vb <-- Kapaz /htdocs/softints/RELEASES/20100520/CLIENT/CRM 2x4/My Project AssemblyInfo.vb
2010.07.27 22:45 B E:\PRODUCCION\CRM\RELEASES\20100520\CLIENT_FTP\CRM 2x4\My Project\Resources.Designer.vb <-- Kapaz /htdocs/softints/RELEASES/20100520/CLIENT/CRM 2x4/My Project Resources.Designer.vb
2010.07.27 22:45 B E:\PRODUCCION\CRM\RELEASES\20100520\CLIENT_FTP\CRM 2x4\My Project\Resources.resx <-- Kapaz /htdocs/softints/RELEASES/20100520/CLIENT/CRM 2x4/My Project Resources.resx
2010.07.27 22:45 B E:\PRODUCCION\CRM\RELEASES\20100520\CLIENT_FTP\CRM 2x4\My Project\Settings.Designer.vb <-- Kapaz /htdocs/softints/RELEASES/20100520/CLIENT/CRM 2x4/My Project Settings.Designer.vb
2010.07.27 22:45 B E:\PRODUCCION\CRM\RELEASES\20100520\CLIENT_FTP\CRM 2x4\My Project\Settings.settings <-- Kapaz /htdocs/softints/RELEASES/20100520/CLIENT/CRM 2x4/My Project Settings.settings
2010.08.05 11:17 B E:\PRODUCCION\CRM\RELEASES\20100520\CLIENT_FTP\CRM 2x4\My Project\app.manifest --> ftp.kapaz.com.ar /htdocs/softints/RELEASES/20100520/CLIENT_FTP/CRM 2x4/My Project app.manifest
2010.08.05 11:17 B E:\PRODUCCION\CRM\RELEASES\20100520\CLIENT_FTP\CRM 2x4\My Project\Application.Designer.vb --> ftp.kapaz.com.ar /htdocs/softints/RELEASES/20100520/CLIENT_FTP/CRM 2x4/My Project Application.Designer.vb
2010.08.05 11:17 B E:\PRODUCCION\CRM\RELEASES\20100520\CLIENT_FTP\CRM 2x4\My Project\Application.myapp --> ftp.kapaz.com.ar /htdocs/softints/RELEASES/20100520/CLIENT_FTP/CRM 2x4/My Project Application.myapp
2010.08.05 11:17 B E:\PRODUCCION\CRM\RELEASES\20100520\CLIENT_FTP\CRM 2x4\My Project\AssemblyInfo.vb --> ftp.kapaz.com.ar /htdocs/softints/RELEASES/20100520/CLIENT_FTP/CRM 2x4/My Project AssemblyInfo.vb
2010.08.05 11:17 B E:\PRODUCCION\CRM\RELEASES\20100520\CLIENT_FTP\CRM 2x4\My Project\licenses.licx --> ftp.kapaz.com.ar /htdocs/softints/RELEASES/20100520/CLIENT_FTP/CRM 2x4/My Project licenses.licx
2010.08.05 11:17 B E:\PRODUCCION\CRM\RELEASES\20100520\CLIENT_FTP\CRM 2x4\My Project\Resources.Designer.vb --> ftp.kapaz.com.ar /htdocs/softints/RELEASES/20100520/CLIENT_FTP/CRM 2x4/My Project Resources.Designer.vb
2010.08.05 11:17 B E:\PRODUCCION\CRM\RELEASES\20100520\CLIENT_FTP\CRM 2x4\My Project\Resources.resx --> ftp.kapaz.com.ar /htdocs/softints/RELEASES/20100520/CLIENT_FTP/CRM 2x4/My Project Resources.resx
2010.08.05 11:17 B E:\PRODUCCION\CRM\RELEASES\20100520\CLIENT_FTP\CRM 2x4\My Project\Settings.Designer.vb --> ftp.kapaz.com.ar /htdocs/softints/RELEASES/20100520/CLIENT_FTP/CRM 2x4/My Project Settings.Designer.vb
2010.08.05 11:17 B E:\PRODUCCION\CRM\RELEASES\20100520\CLIENT_FTP\CRM 2x4\My Project\Settings.settings --> ftp.kapaz.com.ar /htdocs/softints/RELEASES/20100520/CLIENT_FTP/CRM 2x4/My Project Settings.settings
2010.08.05 11:17 B E:\PRODUCCION\CRM\RELEASES\20100520\CLIENT_FTP\CRM 2x4\My Project\WS_FTP.LOG --> ftp.kapaz.com.ar /htdocs/softints/RELEASES/20100520/CLIENT_FTP/CRM 2x4/My Project WS_FTP.LOG
2010.09.03 22:52 B E:\PRODUCCION\CRM\RELEASES\20100520\CLIENT_FTP\CRM 2x4\My Project\app.manifest --> ftp.primogenia.com /public_html/softints/CRM 2x4/My Project app.manifest
2010.09.03 22:52 B E:\PRODUCCION\CRM\RELEASES\20100520\CLIENT_FTP\CRM 2x4\My Project\Application.Designer.vb --> ftp.primogenia.com /public_html/softints/CRM 2x4/My Project Application.Designer.vb
2010.09.03 22:52 B E:\PRODUCCION\CRM\RELEASES\20100520\CLIENT_FTP\CRM 2x4\My Project\Application.myapp --> ftp.primogenia.com /public_html/softints/CRM 2x4/My Project Application.myapp
2010.09.03 22:52 B E:\PRODUCCION\CRM\RELEASES\20100520\CLIENT_FTP\CRM 2x4\My Project\AssemblyInfo.vb --> ftp.primogenia.com /public_html/softints/CRM 2x4/My Project AssemblyInfo.vb
2010.09.03 22:52 B E:\PRODUCCION\CRM\RELEASES\20100520\CLIENT_FTP\CRM 2x4\My Project\licenses.licx --> ftp.primogenia.com /public_html/softints/CRM 2x4/My Project licenses.licx
2010.09.03 22:52 B E:\PRODUCCION\CRM\RELEASES\20100520\CLIENT_FTP\CRM 2x4\My Project\Resources.Designer.vb --> ftp.primogenia.com /public_html/softints/CRM 2x4/My Project Resources.Designer.vb
2010.09.03 22:52 B E:\PRODUCCION\CRM\RELEASES\20100520\CLIENT_FTP\CRM 2x4\My Project\Resources.resx --> ftp.primogenia.com /public_html/softints/CRM 2x4/My Project Resources.resx
2010.09.03 22:52 B E:\PRODUCCION\CRM\RELEASES\20100520\CLIENT_FTP\CRM 2x4\My Project\Settings.Designer.vb --> ftp.primogenia.com /public_html/softints/CRM 2x4/My Project Settings.Designer.vb
2010.09.03 22:52 B E:\PRODUCCION\CRM\RELEASES\20100520\CLIENT_FTP\CRM 2x4\My Project\Settings.settings --> ftp.primogenia.com /public_html/softints/CRM 2x4/My Project Settings.settings
2010.09.03 22:52 B E:\PRODUCCION\CRM\RELEASES\20100520\CLIENT_FTP\CRM 2x4\My Project\WS_FTP.LOG --> ftp.primogenia.com /public_html/softints/CRM 2x4/My Project WS_FTP.LOG
