2010.07.27 22:45 B E:\PRODUCCION\CRM\RELEASES\20100520\CLIENT_FTP\CRM 2x4\obj\Debug\TempPE\My Project.Resources.Designer.vb.dll <-- Kapaz /htdocs/softints/RELEASES/20100520/CLIENT/CRM 2x4/obj/Debug/TempPE My Project.Resources.Designer.vb.dll
2010.07.27 22:45 B E:\PRODUCCION\CRM\RELEASES\20100520\CLIENT_FTP\CRM 2x4\obj\Debug\TempPE\Reports.RptCstList.vb.dll <-- Kapaz /htdocs/softints/RELEASES/20100520/CLIENT/CRM 2x4/obj/Debug/TempPE Reports.RptCstList.vb.dll
2010.07.27 22:45 B E:\PRODUCCION\CRM\RELEASES\20100520\CLIENT_FTP\CRM 2x4\obj\Debug\TempPE\Reports.RptEventList.vb.dll <-- Kapaz /htdocs/softints/RELEASES/20100520/CLIENT/CRM 2x4/obj/Debug/TempPE Reports.RptEventList.vb.dll
2010.07.27 22:45 B E:\PRODUCCION\CRM\RELEASES\20100520\CLIENT_FTP\CRM 2x4\obj\Debug\TempPE\Reports.RptPCstDeleted.vb.dll <-- Kapaz /htdocs/softints/RELEASES/20100520/CLIENT/CRM 2x4/obj/Debug/TempPE Reports.RptPCstDeleted.vb.dll
2010.07.27 22:45 B E:\PRODUCCION\CRM\RELEASES\20100520\CLIENT_FTP\CRM 2x4\obj\Debug\TempPE\Reports.RptPCstEntry.vb.dll <-- Kapaz /htdocs/softints/RELEASES/20100520/CLIENT/CRM 2x4/obj/Debug/TempPE Reports.RptPCstEntry.vb.dll
2010.07.27 22:45 B E:\PRODUCCION\CRM\RELEASES\20100520\CLIENT_FTP\CRM 2x4\obj\Debug\TempPE\Reports.RptPCstList.vb.dll <-- Kapaz /htdocs/softints/RELEASES/20100520/CLIENT/CRM 2x4/obj/Debug/TempPE Reports.RptPCstList.vb.dll
2010.07.27 22:45 B E:\PRODUCCION\CRM\RELEASES\20100520\CLIENT_FTP\CRM 2x4\obj\Debug\TempPE\Reports.RptPCstToTango.vb.dll <-- Kapaz /htdocs/softints/RELEASES/20100520/CLIENT/CRM 2x4/obj/Debug/TempPE Reports.RptPCstToTango.vb.dll
2010.07.27 22:45 B E:\PRODUCCION\CRM\RELEASES\20100520\CLIENT_FTP\CRM 2x4\obj\Debug\TempPE\Reports.RptTaskDetails.vb.dll <-- Kapaz /htdocs/softints/RELEASES/20100520/CLIENT/CRM 2x4/obj/Debug/TempPE Reports.RptTaskDetails.vb.dll
2010.07.27 22:45 B E:\PRODUCCION\CRM\RELEASES\20100520\CLIENT_FTP\CRM 2x4\obj\Debug\TempPE\Reports.RptTaskList.vb.dll <-- Kapaz /htdocs/softints/RELEASES/20100520/CLIENT/CRM 2x4/obj/Debug/TempPE Reports.RptTaskList.vb.dll
2010.08.05 11:17 B E:\PRODUCCION\CRM\RELEASES\20100520\CLIENT_FTP\CRM 2x4\obj\Debug\TempPE\My Project.Resources.Designer.vb.dll --> ftp.kapaz.com.ar /htdocs/softints/RELEASES/20100520/CLIENT_FTP/CRM 2x4/obj/Debug/TempPE My Project.Resources.Designer.vb.dll
2010.08.05 11:17 B E:\PRODUCCION\CRM\RELEASES\20100520\CLIENT_FTP\CRM 2x4\obj\Debug\TempPE\Reports.RptCstList.vb.dll --> ftp.kapaz.com.ar /htdocs/softints/RELEASES/20100520/CLIENT_FTP/CRM 2x4/obj/Debug/TempPE Reports.RptCstList.vb.dll
2010.08.05 11:18 B E:\PRODUCCION\CRM\RELEASES\20100520\CLIENT_FTP\CRM 2x4\obj\Debug\TempPE\Reports.RptEventList.vb.dll --> ftp.kapaz.com.ar /htdocs/softints/RELEASES/20100520/CLIENT_FTP/CRM 2x4/obj/Debug/TempPE Reports.RptEventList.vb.dll
2010.08.05 11:18 B E:\PRODUCCION\CRM\RELEASES\20100520\CLIENT_FTP\CRM 2x4\obj\Debug\TempPE\Reports.RptPCstDeleted.vb.dll --> ftp.kapaz.com.ar /htdocs/softints/RELEASES/20100520/CLIENT_FTP/CRM 2x4/obj/Debug/TempPE Reports.RptPCstDeleted.vb.dll
2010.08.05 11:18 B E:\PRODUCCION\CRM\RELEASES\20100520\CLIENT_FTP\CRM 2x4\obj\Debug\TempPE\Reports.RptPCstEntry.vb.dll --> ftp.kapaz.com.ar /htdocs/softints/RELEASES/20100520/CLIENT_FTP/CRM 2x4/obj/Debug/TempPE Reports.RptPCstEntry.vb.dll
2010.08.05 11:18 B E:\PRODUCCION\CRM\RELEASES\20100520\CLIENT_FTP\CRM 2x4\obj\Debug\TempPE\Reports.RptPCstList.vb.dll --> ftp.kapaz.com.ar /htdocs/softints/RELEASES/20100520/CLIENT_FTP/CRM 2x4/obj/Debug/TempPE Reports.RptPCstList.vb.dll
2010.08.05 11:18 B E:\PRODUCCION\CRM\RELEASES\20100520\CLIENT_FTP\CRM 2x4\obj\Debug\TempPE\Reports.RptPCstToTango.vb.dll --> ftp.kapaz.com.ar /htdocs/softints/RELEASES/20100520/CLIENT_FTP/CRM 2x4/obj/Debug/TempPE Reports.RptPCstToTango.vb.dll
2010.08.05 11:18 B E:\PRODUCCION\CRM\RELEASES\20100520\CLIENT_FTP\CRM 2x4\obj\Debug\TempPE\Reports.RptTaskDetails.vb.dll --> ftp.kapaz.com.ar /htdocs/softints/RELEASES/20100520/CLIENT_FTP/CRM 2x4/obj/Debug/TempPE Reports.RptTaskDetails.vb.dll
2010.08.05 11:18 B E:\PRODUCCION\CRM\RELEASES\20100520\CLIENT_FTP\CRM 2x4\obj\Debug\TempPE\Reports.RptTaskList.vb.dll --> ftp.kapaz.com.ar /htdocs/softints/RELEASES/20100520/CLIENT_FTP/CRM 2x4/obj/Debug/TempPE Reports.RptTaskList.vb.dll
2010.08.05 11:18 B E:\PRODUCCION\CRM\RELEASES\20100520\CLIENT_FTP\CRM 2x4\obj\Debug\TempPE\WS_FTP.LOG --> ftp.kapaz.com.ar /htdocs/softints/RELEASES/20100520/CLIENT_FTP/CRM 2x4/obj/Debug/TempPE WS_FTP.LOG
2010.09.03 22:52 B E:\PRODUCCION\CRM\RELEASES\20100520\CLIENT_FTP\CRM 2x4\obj\Debug\TempPE\My Project.Resources.Designer.vb.dll --> ftp.primogenia.com /public_html/softints/CRM 2x4/obj/Debug/TempPE My Project.Resources.Designer.vb.dll
2010.09.03 22:52 B E:\PRODUCCION\CRM\RELEASES\20100520\CLIENT_FTP\CRM 2x4\obj\Debug\TempPE\Reports.RptCstList.vb.dll --> ftp.primogenia.com /public_html/softints/CRM 2x4/obj/Debug/TempPE Reports.RptCstList.vb.dll
2010.09.03 22:52 B E:\PRODUCCION\CRM\RELEASES\20100520\CLIENT_FTP\CRM 2x4\obj\Debug\TempPE\Reports.RptEventList.vb.dll --> ftp.primogenia.com /public_html/softints/CRM 2x4/obj/Debug/TempPE Reports.RptEventList.vb.dll
2010.09.03 22:52 B E:\PRODUCCION\CRM\RELEASES\20100520\CLIENT_FTP\CRM 2x4\obj\Debug\TempPE\Reports.RptPCstDeleted.vb.dll --> ftp.primogenia.com /public_html/softints/CRM 2x4/obj/Debug/TempPE Reports.RptPCstDeleted.vb.dll
2010.09.03 22:52 B E:\PRODUCCION\CRM\RELEASES\20100520\CLIENT_FTP\CRM 2x4\obj\Debug\TempPE\Reports.RptPCstEntry.vb.dll --> ftp.primogenia.com /public_html/softints/CRM 2x4/obj/Debug/TempPE Reports.RptPCstEntry.vb.dll
2010.09.03 22:52 B E:\PRODUCCION\CRM\RELEASES\20100520\CLIENT_FTP\CRM 2x4\obj\Debug\TempPE\Reports.RptPCstList.vb.dll --> ftp.primogenia.com /public_html/softints/CRM 2x4/obj/Debug/TempPE Reports.RptPCstList.vb.dll
2010.09.03 22:52 B E:\PRODUCCION\CRM\RELEASES\20100520\CLIENT_FTP\CRM 2x4\obj\Debug\TempPE\Reports.RptPCstToTango.vb.dll --> ftp.primogenia.com /public_html/softints/CRM 2x4/obj/Debug/TempPE Reports.RptPCstToTango.vb.dll
2010.09.03 22:52 B E:\PRODUCCION\CRM\RELEASES\20100520\CLIENT_FTP\CRM 2x4\obj\Debug\TempPE\Reports.RptTaskDetails.vb.dll --> ftp.primogenia.com /public_html/softints/CRM 2x4/obj/Debug/TempPE Reports.RptTaskDetails.vb.dll
2010.09.03 22:52 B E:\PRODUCCION\CRM\RELEASES\20100520\CLIENT_FTP\CRM 2x4\obj\Debug\TempPE\Reports.RptTaskList.vb.dll --> ftp.primogenia.com /public_html/softints/CRM 2x4/obj/Debug/TempPE Reports.RptTaskList.vb.dll
2010.09.03 22:52 B E:\PRODUCCION\CRM\RELEASES\20100520\CLIENT_FTP\CRM 2x4\obj\Debug\TempPE\WS_FTP.LOG --> ftp.primogenia.com /public_html/softints/CRM 2x4/obj/Debug/TempPE WS_FTP.LOG
