2010.07.27 22:48 B E:\PRODUCCION\CRM\RELEASES\20100520\CLIENT_FTP\CRM Domain\Entities\System\Action.vb <-- Kapaz /htdocs/softints/RELEASES/20100520/CLIENT/CRM Domain/Entities/System Action.vb
2010.07.27 22:48 B E:\PRODUCCION\CRM\RELEASES\20100520\CLIENT_FTP\CRM Domain\Entities\System\Company.vb <-- Kapaz /htdocs/softints/RELEASES/20100520/CLIENT/CRM Domain/Entities/System Company.vb
2010.07.27 22:48 B E:\PRODUCCION\CRM\RELEASES\20100520\CLIENT_FTP\CRM Domain\Entities\System\Licence.vb <-- Kapaz /htdocs/softints/RELEASES/20100520/CLIENT/CRM Domain/Entities/System Licence.vb
2010.07.27 22:48 B E:\PRODUCCION\CRM\RELEASES\20100520\CLIENT_FTP\CRM Domain\Entities\System\ObjectProperty.vb <-- Kapaz /htdocs/softints/RELEASES/20100520/CLIENT/CRM Domain/Entities/System ObjectProperty.vb
2010.07.27 22:48 B E:\PRODUCCION\CRM\RELEASES\20100520\CLIENT_FTP\CRM Domain\Entities\System\Profile.vb <-- Kapaz /htdocs/softints/RELEASES/20100520/CLIENT/CRM Domain/Entities/System Profile.vb
2010.07.27 22:49 B E:\PRODUCCION\CRM\RELEASES\20100520\CLIENT_FTP\CRM Domain\Entities\System\User.vb <-- Kapaz /htdocs/softints/RELEASES/20100520/CLIENT/CRM Domain/Entities/System User.vb
2010.08.05 11:55 B E:\PRODUCCION\CRM\RELEASES\20100520\CLIENT_FTP\CRM Domain\Entities\System\Action.vb --> ftp.kapaz.com.ar /htdocs/softints/RELEASES/20100520/CLIENT_FTP/CRM Domain/Entities/System Action.vb
2010.08.05 11:55 B E:\PRODUCCION\CRM\RELEASES\20100520\CLIENT_FTP\CRM Domain\Entities\System\Company.vb --> ftp.kapaz.com.ar /htdocs/softints/RELEASES/20100520/CLIENT_FTP/CRM Domain/Entities/System Company.vb
2010.08.05 11:55 B E:\PRODUCCION\CRM\RELEASES\20100520\CLIENT_FTP\CRM Domain\Entities\System\Licence.vb --> ftp.kapaz.com.ar /htdocs/softints/RELEASES/20100520/CLIENT_FTP/CRM Domain/Entities/System Licence.vb
2010.08.05 11:55 B E:\PRODUCCION\CRM\RELEASES\20100520\CLIENT_FTP\CRM Domain\Entities\System\ObjectProperty.vb --> ftp.kapaz.com.ar /htdocs/softints/RELEASES/20100520/CLIENT_FTP/CRM Domain/Entities/System ObjectProperty.vb
2010.08.05 11:55 B E:\PRODUCCION\CRM\RELEASES\20100520\CLIENT_FTP\CRM Domain\Entities\System\Profile.vb --> ftp.kapaz.com.ar /htdocs/softints/RELEASES/20100520/CLIENT_FTP/CRM Domain/Entities/System Profile.vb
2010.08.05 11:55 B E:\PRODUCCION\CRM\RELEASES\20100520\CLIENT_FTP\CRM Domain\Entities\System\User.vb --> ftp.kapaz.com.ar /htdocs/softints/RELEASES/20100520/CLIENT_FTP/CRM Domain/Entities/System User.vb
2010.08.05 11:56 B E:\PRODUCCION\CRM\RELEASES\20100520\CLIENT_FTP\CRM Domain\Entities\System\WS_FTP.LOG --> ftp.kapaz.com.ar /htdocs/softints/RELEASES/20100520/CLIENT_FTP/CRM Domain/Entities/System WS_FTP.LOG
2010.09.03 22:03 B E:\PRODUCCION\CRM\RELEASES\20100520\CLIENT_FTP\CRM Domain\Entities\System\Action.vb --> ftp.primogenia.com /public_html/softints/CRM Domain/Entities/System Action.vb
2010.09.03 22:03 B E:\PRODUCCION\CRM\RELEASES\20100520\CLIENT_FTP\CRM Domain\Entities\System\Company.vb --> ftp.primogenia.com /public_html/softints/CRM Domain/Entities/System Company.vb
2010.09.03 22:03 B E:\PRODUCCION\CRM\RELEASES\20100520\CLIENT_FTP\CRM Domain\Entities\System\Licence.vb --> ftp.primogenia.com /public_html/softints/CRM Domain/Entities/System Licence.vb
2010.09.03 22:03 B E:\PRODUCCION\CRM\RELEASES\20100520\CLIENT_FTP\CRM Domain\Entities\System\ObjectProperty.vb --> ftp.primogenia.com /public_html/softints/CRM Domain/Entities/System ObjectProperty.vb
2010.09.03 22:03 B E:\PRODUCCION\CRM\RELEASES\20100520\CLIENT_FTP\CRM Domain\Entities\System\Profile.vb --> ftp.primogenia.com /public_html/softints/CRM Domain/Entities/System Profile.vb
2010.09.03 22:03 B E:\PRODUCCION\CRM\RELEASES\20100520\CLIENT_FTP\CRM Domain\Entities\System\User.vb --> ftp.primogenia.com /public_html/softints/CRM Domain/Entities/System User.vb
2010.09.03 22:03 B E:\PRODUCCION\CRM\RELEASES\20100520\CLIENT_FTP\CRM Domain\Entities\System\WS_FTP.LOG --> ftp.primogenia.com /public_html/softints/CRM Domain/Entities/System WS_FTP.LOG
