2010.07.27 22:44 B E:\PRODUCCION\CRM\RELEASES\20100520\CLIENT_FTP\CRM 2x4\Forms\frmParameters\frmParametersCustomersDeleted.Designer.vb <-- Kapaz /htdocs/softints/RELEASES/20100520/CLIENT/CRM 2x4/Forms/frmParameters frmParametersCustomersDeleted.Designer.vb
2010.07.27 22:44 B E:\PRODUCCION\CRM\RELEASES\20100520\CLIENT_FTP\CRM 2x4\Forms\frmParameters\frmParametersCustomersDeleted.resx <-- Kapaz /htdocs/softints/RELEASES/20100520/CLIENT/CRM 2x4/Forms/frmParameters frmParametersCustomersDeleted.resx
2010.07.27 22:44 B E:\PRODUCCION\CRM\RELEASES\20100520\CLIENT_FTP\CRM 2x4\Forms\frmParameters\frmParametersCustomersDeleted.vb <-- Kapaz /htdocs/softints/RELEASES/20100520/CLIENT/CRM 2x4/Forms/frmParameters frmParametersCustomersDeleted.vb
2010.07.27 22:44 B E:\PRODUCCION\CRM\RELEASES\20100520\CLIENT_FTP\CRM 2x4\Forms\frmParameters\frmParametersCustomersList.Designer.vb <-- Kapaz /htdocs/softints/RELEASES/20100520/CLIENT/CRM 2x4/Forms/frmParameters frmParametersCustomersList.Designer.vb
2010.07.27 22:44 B E:\PRODUCCION\CRM\RELEASES\20100520\CLIENT_FTP\CRM 2x4\Forms\frmParameters\frmParametersCustomersList.resx <-- Kapaz /htdocs/softints/RELEASES/20100520/CLIENT/CRM 2x4/Forms/frmParameters frmParametersCustomersList.resx
2010.07.27 22:44 B E:\PRODUCCION\CRM\RELEASES\20100520\CLIENT_FTP\CRM 2x4\Forms\frmParameters\frmParametersCustomersList.vb <-- Kapaz /htdocs/softints/RELEASES/20100520/CLIENT/CRM 2x4/Forms/frmParameters frmParametersCustomersList.vb
2010.07.27 22:44 B E:\PRODUCCION\CRM\RELEASES\20100520\CLIENT_FTP\CRM 2x4\Forms\frmParameters\frmParametersEventSummary.Designer.vb <-- Kapaz /htdocs/softints/RELEASES/20100520/CLIENT/CRM 2x4/Forms/frmParameters frmParametersEventSummary.Designer.vb
2010.07.27 22:44 B E:\PRODUCCION\CRM\RELEASES\20100520\CLIENT_FTP\CRM 2x4\Forms\frmParameters\frmParametersEventSummary.resx <-- Kapaz /htdocs/softints/RELEASES/20100520/CLIENT/CRM 2x4/Forms/frmParameters frmParametersEventSummary.resx
2010.07.27 22:44 B E:\PRODUCCION\CRM\RELEASES\20100520\CLIENT_FTP\CRM 2x4\Forms\frmParameters\frmParametersEventSummary.vb <-- Kapaz /htdocs/softints/RELEASES/20100520/CLIENT/CRM 2x4/Forms/frmParameters frmParametersEventSummary.vb
2010.07.27 22:44 B E:\PRODUCCION\CRM\RELEASES\20100520\CLIENT_FTP\CRM 2x4\Forms\frmParameters\frmParametersPotentialCustomersEntry.Designer.vb <-- Kapaz /htdocs/softints/RELEASES/20100520/CLIENT/CRM 2x4/Forms/frmParameters frmParametersPotentialCustomersEntry.Designer.vb
2010.07.27 22:44 B E:\PRODUCCION\CRM\RELEASES\20100520\CLIENT_FTP\CRM 2x4\Forms\frmParameters\frmParametersPotentialCustomersEntry.resx <-- Kapaz /htdocs/softints/RELEASES/20100520/CLIENT/CRM 2x4/Forms/frmParameters frmParametersPotentialCustomersEntry.resx
2010.07.27 22:44 B E:\PRODUCCION\CRM\RELEASES\20100520\CLIENT_FTP\CRM 2x4\Forms\frmParameters\frmParametersPotentialCustomersEntry.vb <-- Kapaz /htdocs/softints/RELEASES/20100520/CLIENT/CRM 2x4/Forms/frmParameters frmParametersPotentialCustomersEntry.vb
2010.07.27 22:44 B E:\PRODUCCION\CRM\RELEASES\20100520\CLIENT_FTP\CRM 2x4\Forms\frmParameters\frmParametersPotentialToTango.Designer.vb <-- Kapaz /htdocs/softints/RELEASES/20100520/CLIENT/CRM 2x4/Forms/frmParameters frmParametersPotentialToTango.Designer.vb
2010.07.27 22:44 B E:\PRODUCCION\CRM\RELEASES\20100520\CLIENT_FTP\CRM 2x4\Forms\frmParameters\frmParametersPotentialToTango.resx <-- Kapaz /htdocs/softints/RELEASES/20100520/CLIENT/CRM 2x4/Forms/frmParameters frmParametersPotentialToTango.resx
2010.07.27 22:44 B E:\PRODUCCION\CRM\RELEASES\20100520\CLIENT_FTP\CRM 2x4\Forms\frmParameters\frmParametersPotentialToTango.vb <-- Kapaz /htdocs/softints/RELEASES/20100520/CLIENT/CRM 2x4/Forms/frmParameters frmParametersPotentialToTango.vb
2010.07.27 22:44 B E:\PRODUCCION\CRM\RELEASES\20100520\CLIENT_FTP\CRM 2x4\Forms\frmParameters\frmParametersTaskDetails.Designer.vb <-- Kapaz /htdocs/softints/RELEASES/20100520/CLIENT/CRM 2x4/Forms/frmParameters frmParametersTaskDetails.Designer.vb
2010.07.27 22:44 B E:\PRODUCCION\CRM\RELEASES\20100520\CLIENT_FTP\CRM 2x4\Forms\frmParameters\frmParametersTaskDetails.resx <-- Kapaz /htdocs/softints/RELEASES/20100520/CLIENT/CRM 2x4/Forms/frmParameters frmParametersTaskDetails.resx
2010.07.27 22:44 B E:\PRODUCCION\CRM\RELEASES\20100520\CLIENT_FTP\CRM 2x4\Forms\frmParameters\frmParametersTaskDetails.vb <-- Kapaz /htdocs/softints/RELEASES/20100520/CLIENT/CRM 2x4/Forms/frmParameters frmParametersTaskDetails.vb
2010.07.27 22:44 B E:\PRODUCCION\CRM\RELEASES\20100520\CLIENT_FTP\CRM 2x4\Forms\frmParameters\frmParametersTaskSummary.Designer.vb <-- Kapaz /htdocs/softints/RELEASES/20100520/CLIENT/CRM 2x4/Forms/frmParameters frmParametersTaskSummary.Designer.vb
2010.07.27 22:44 B E:\PRODUCCION\CRM\RELEASES\20100520\CLIENT_FTP\CRM 2x4\Forms\frmParameters\frmParametersTaskSummary.resx <-- Kapaz /htdocs/softints/RELEASES/20100520/CLIENT/CRM 2x4/Forms/frmParameters frmParametersTaskSummary.resx
2010.07.27 22:44 B E:\PRODUCCION\CRM\RELEASES\20100520\CLIENT_FTP\CRM 2x4\Forms\frmParameters\frmParametersTaskSummary.vb <-- Kapaz /htdocs/softints/RELEASES/20100520/CLIENT/CRM 2x4/Forms/frmParameters frmParametersTaskSummary.vb
2010.08.05 11:05 B E:\PRODUCCION\CRM\RELEASES\20100520\CLIENT_FTP\CRM 2x4\Forms\frmParameters\frmParametersCustomersDeleted.Designer.vb --> ftp.kapaz.com.ar /htdocs/softints/RELEASES/20100520/CLIENT_FTP/CRM 2x4/Forms/frmParameters frmParametersCustomersDeleted.Designer.vb
2010.08.05 11:05 B E:\PRODUCCION\CRM\RELEASES\20100520\CLIENT_FTP\CRM 2x4\Forms\frmParameters\frmParametersCustomersDeleted.resx --> ftp.kapaz.com.ar /htdocs/softints/RELEASES/20100520/CLIENT_FTP/CRM 2x4/Forms/frmParameters frmParametersCustomersDeleted.resx
2010.08.05 11:06 B E:\PRODUCCION\CRM\RELEASES\20100520\CLIENT_FTP\CRM 2x4\Forms\frmParameters\frmParametersCustomersDeleted.vb --> ftp.kapaz.com.ar /htdocs/softints/RELEASES/20100520/CLIENT_FTP/CRM 2x4/Forms/frmParameters frmParametersCustomersDeleted.vb
2010.08.05 11:06 B E:\PRODUCCION\CRM\RELEASES\20100520\CLIENT_FTP\CRM 2x4\Forms\frmParameters\frmParametersCustomersList.Designer.vb --> ftp.kapaz.com.ar /htdocs/softints/RELEASES/20100520/CLIENT_FTP/CRM 2x4/Forms/frmParameters frmParametersCustomersList.Designer.vb
2010.08.05 11:06 B E:\PRODUCCION\CRM\RELEASES\20100520\CLIENT_FTP\CRM 2x4\Forms\frmParameters\frmParametersCustomersList.resx --> ftp.kapaz.com.ar /htdocs/softints/RELEASES/20100520/CLIENT_FTP/CRM 2x4/Forms/frmParameters frmParametersCustomersList.resx
2010.08.05 11:06 B E:\PRODUCCION\CRM\RELEASES\20100520\CLIENT_FTP\CRM 2x4\Forms\frmParameters\frmParametersCustomersList.vb --> ftp.kapaz.com.ar /htdocs/softints/RELEASES/20100520/CLIENT_FTP/CRM 2x4/Forms/frmParameters frmParametersCustomersList.vb
2010.08.05 11:06 B E:\PRODUCCION\CRM\RELEASES\20100520\CLIENT_FTP\CRM 2x4\Forms\frmParameters\frmParametersEventSummary.Designer.vb --> ftp.kapaz.com.ar /htdocs/softints/RELEASES/20100520/CLIENT_FTP/CRM 2x4/Forms/frmParameters frmParametersEventSummary.Designer.vb
2010.08.05 11:06 B E:\PRODUCCION\CRM\RELEASES\20100520\CLIENT_FTP\CRM 2x4\Forms\frmParameters\frmParametersEventSummary.resx --> ftp.kapaz.com.ar /htdocs/softints/RELEASES/20100520/CLIENT_FTP/CRM 2x4/Forms/frmParameters frmParametersEventSummary.resx
2010.08.05 11:06 B E:\PRODUCCION\CRM\RELEASES\20100520\CLIENT_FTP\CRM 2x4\Forms\frmParameters\frmParametersEventSummary.vb --> ftp.kapaz.com.ar /htdocs/softints/RELEASES/20100520/CLIENT_FTP/CRM 2x4/Forms/frmParameters frmParametersEventSummary.vb
2010.08.05 11:06 B E:\PRODUCCION\CRM\RELEASES\20100520\CLIENT_FTP\CRM 2x4\Forms\frmParameters\frmParametersPotentialCustomersEntry.Designer.vb --> ftp.kapaz.com.ar /htdocs/softints/RELEASES/20100520/CLIENT_FTP/CRM 2x4/Forms/frmParameters frmParametersPotentialCustomersEntry.Designer.vb
2010.08.05 11:07 B E:\PRODUCCION\CRM\RELEASES\20100520\CLIENT_FTP\CRM 2x4\Forms\frmParameters\frmParametersPotentialCustomersEntry.resx --> ftp.kapaz.com.ar /htdocs/softints/RELEASES/20100520/CLIENT_FTP/CRM 2x4/Forms/frmParameters frmParametersPotentialCustomersEntry.resx
2010.08.05 11:07 B E:\PRODUCCION\CRM\RELEASES\20100520\CLIENT_FTP\CRM 2x4\Forms\frmParameters\frmParametersPotentialCustomersEntry.vb --> ftp.kapaz.com.ar /htdocs/softints/RELEASES/20100520/CLIENT_FTP/CRM 2x4/Forms/frmParameters frmParametersPotentialCustomersEntry.vb
2010.08.05 11:07 B E:\PRODUCCION\CRM\RELEASES\20100520\CLIENT_FTP\CRM 2x4\Forms\frmParameters\frmParametersPotentialToTango.Designer.vb --> ftp.kapaz.com.ar /htdocs/softints/RELEASES/20100520/CLIENT_FTP/CRM 2x4/Forms/frmParameters frmParametersPotentialToTango.Designer.vb
2010.08.05 11:07 B E:\PRODUCCION\CRM\RELEASES\20100520\CLIENT_FTP\CRM 2x4\Forms\frmParameters\frmParametersPotentialToTango.resx --> ftp.kapaz.com.ar /htdocs/softints/RELEASES/20100520/CLIENT_FTP/CRM 2x4/Forms/frmParameters frmParametersPotentialToTango.resx
2010.08.05 11:07 B E:\PRODUCCION\CRM\RELEASES\20100520\CLIENT_FTP\CRM 2x4\Forms\frmParameters\frmParametersPotentialToTango.vb --> ftp.kapaz.com.ar /htdocs/softints/RELEASES/20100520/CLIENT_FTP/CRM 2x4/Forms/frmParameters frmParametersPotentialToTango.vb
2010.08.05 11:07 B E:\PRODUCCION\CRM\RELEASES\20100520\CLIENT_FTP\CRM 2x4\Forms\frmParameters\frmParametersTaskDetails.Designer.vb --> ftp.kapaz.com.ar /htdocs/softints/RELEASES/20100520/CLIENT_FTP/CRM 2x4/Forms/frmParameters frmParametersTaskDetails.Designer.vb
2010.08.05 11:07 B E:\PRODUCCION\CRM\RELEASES\20100520\CLIENT_FTP\CRM 2x4\Forms\frmParameters\frmParametersTaskDetails.resx --> ftp.kapaz.com.ar /htdocs/softints/RELEASES/20100520/CLIENT_FTP/CRM 2x4/Forms/frmParameters frmParametersTaskDetails.resx
2010.08.05 11:07 B E:\PRODUCCION\CRM\RELEASES\20100520\CLIENT_FTP\CRM 2x4\Forms\frmParameters\frmParametersTaskDetails.vb --> ftp.kapaz.com.ar /htdocs/softints/RELEASES/20100520/CLIENT_FTP/CRM 2x4/Forms/frmParameters frmParametersTaskDetails.vb
2010.08.05 11:07 B E:\PRODUCCION\CRM\RELEASES\20100520\CLIENT_FTP\CRM 2x4\Forms\frmParameters\frmParametersTaskSummary.Designer.vb --> ftp.kapaz.com.ar /htdocs/softints/RELEASES/20100520/CLIENT_FTP/CRM 2x4/Forms/frmParameters frmParametersTaskSummary.Designer.vb
2010.08.05 11:08 B E:\PRODUCCION\CRM\RELEASES\20100520\CLIENT_FTP\CRM 2x4\Forms\frmParameters\frmParametersTaskSummary.resx --> ftp.kapaz.com.ar /htdocs/softints/RELEASES/20100520/CLIENT_FTP/CRM 2x4/Forms/frmParameters frmParametersTaskSummary.resx
2010.08.05 11:08 B E:\PRODUCCION\CRM\RELEASES\20100520\CLIENT_FTP\CRM 2x4\Forms\frmParameters\frmParametersTaskSummary.vb --> ftp.kapaz.com.ar /htdocs/softints/RELEASES/20100520/CLIENT_FTP/CRM 2x4/Forms/frmParameters frmParametersTaskSummary.vb
2010.08.05 11:08 B E:\PRODUCCION\CRM\RELEASES\20100520\CLIENT_FTP\CRM 2x4\Forms\frmParameters\WS_FTP.LOG --> ftp.kapaz.com.ar /htdocs/softints/RELEASES/20100520/CLIENT_FTP/CRM 2x4/Forms/frmParameters WS_FTP.LOG
2010.09.03 22:42 B E:\PRODUCCION\CRM\RELEASES\20100520\CLIENT_FTP\CRM 2x4\Forms\frmParameters\frmParametersCustomersDeleted.Designer.vb --> ftp.primogenia.com /public_html/softints/CRM 2x4/Forms/frmParameters frmParametersCustomersDeleted.Designer.vb
2010.09.03 22:42 B E:\PRODUCCION\CRM\RELEASES\20100520\CLIENT_FTP\CRM 2x4\Forms\frmParameters\frmParametersCustomersDeleted.resx --> ftp.primogenia.com /public_html/softints/CRM 2x4/Forms/frmParameters frmParametersCustomersDeleted.resx
2010.09.03 22:42 B E:\PRODUCCION\CRM\RELEASES\20100520\CLIENT_FTP\CRM 2x4\Forms\frmParameters\frmParametersCustomersDeleted.vb --> ftp.primogenia.com /public_html/softints/CRM 2x4/Forms/frmParameters frmParametersCustomersDeleted.vb
2010.09.03 22:42 B E:\PRODUCCION\CRM\RELEASES\20100520\CLIENT_FTP\CRM 2x4\Forms\frmParameters\frmParametersCustomersList.Designer.vb --> ftp.primogenia.com /public_html/softints/CRM 2x4/Forms/frmParameters frmParametersCustomersList.Designer.vb
2010.09.03 22:42 B E:\PRODUCCION\CRM\RELEASES\20100520\CLIENT_FTP\CRM 2x4\Forms\frmParameters\frmParametersCustomersList.resx --> ftp.primogenia.com /public_html/softints/CRM 2x4/Forms/frmParameters frmParametersCustomersList.resx
2010.09.03 22:42 B E:\PRODUCCION\CRM\RELEASES\20100520\CLIENT_FTP\CRM 2x4\Forms\frmParameters\frmParametersCustomersList.vb --> ftp.primogenia.com /public_html/softints/CRM 2x4/Forms/frmParameters frmParametersCustomersList.vb
2010.09.03 22:43 B E:\PRODUCCION\CRM\RELEASES\20100520\CLIENT_FTP\CRM 2x4\Forms\frmParameters\frmParametersEventSummary.Designer.vb --> ftp.primogenia.com /public_html/softints/CRM 2x4/Forms/frmParameters frmParametersEventSummary.Designer.vb
2010.09.03 22:43 B E:\PRODUCCION\CRM\RELEASES\20100520\CLIENT_FTP\CRM 2x4\Forms\frmParameters\frmParametersEventSummary.resx --> ftp.primogenia.com /public_html/softints/CRM 2x4/Forms/frmParameters frmParametersEventSummary.resx
2010.09.03 22:43 B E:\PRODUCCION\CRM\RELEASES\20100520\CLIENT_FTP\CRM 2x4\Forms\frmParameters\frmParametersEventSummary.vb --> ftp.primogenia.com /public_html/softints/CRM 2x4/Forms/frmParameters frmParametersEventSummary.vb
2010.09.03 22:43 B E:\PRODUCCION\CRM\RELEASES\20100520\CLIENT_FTP\CRM 2x4\Forms\frmParameters\frmParametersPotentialCustomersEntry.Designer.vb --> ftp.primogenia.com /public_html/softints/CRM 2x4/Forms/frmParameters frmParametersPotentialCustomersEntry.Designer.vb
2010.09.03 22:43 B E:\PRODUCCION\CRM\RELEASES\20100520\CLIENT_FTP\CRM 2x4\Forms\frmParameters\frmParametersPotentialCustomersEntry.resx --> ftp.primogenia.com /public_html/softints/CRM 2x4/Forms/frmParameters frmParametersPotentialCustomersEntry.resx
2010.09.03 22:43 B E:\PRODUCCION\CRM\RELEASES\20100520\CLIENT_FTP\CRM 2x4\Forms\frmParameters\frmParametersPotentialCustomersEntry.vb --> ftp.primogenia.com /public_html/softints/CRM 2x4/Forms/frmParameters frmParametersPotentialCustomersEntry.vb
2010.09.03 22:43 B E:\PRODUCCION\CRM\RELEASES\20100520\CLIENT_FTP\CRM 2x4\Forms\frmParameters\frmParametersPotentialToTango.Designer.vb --> ftp.primogenia.com /public_html/softints/CRM 2x4/Forms/frmParameters frmParametersPotentialToTango.Designer.vb
2010.09.03 22:43 B E:\PRODUCCION\CRM\RELEASES\20100520\CLIENT_FTP\CRM 2x4\Forms\frmParameters\frmParametersPotentialToTango.resx --> ftp.primogenia.com /public_html/softints/CRM 2x4/Forms/frmParameters frmParametersPotentialToTango.resx
2010.09.03 22:44 B E:\PRODUCCION\CRM\RELEASES\20100520\CLIENT_FTP\CRM 2x4\Forms\frmParameters\frmParametersPotentialToTango.vb --> ftp.primogenia.com /public_html/softints/CRM 2x4/Forms/frmParameters frmParametersPotentialToTango.vb
2010.09.03 22:44 B E:\PRODUCCION\CRM\RELEASES\20100520\CLIENT_FTP\CRM 2x4\Forms\frmParameters\frmParametersTaskDetails.Designer.vb --> ftp.primogenia.com /public_html/softints/CRM 2x4/Forms/frmParameters frmParametersTaskDetails.Designer.vb
2010.09.03 22:44 B E:\PRODUCCION\CRM\RELEASES\20100520\CLIENT_FTP\CRM 2x4\Forms\frmParameters\frmParametersTaskDetails.resx --> ftp.primogenia.com /public_html/softints/CRM 2x4/Forms/frmParameters frmParametersTaskDetails.resx
2010.09.03 22:44 B E:\PRODUCCION\CRM\RELEASES\20100520\CLIENT_FTP\CRM 2x4\Forms\frmParameters\frmParametersTaskDetails.vb --> ftp.primogenia.com /public_html/softints/CRM 2x4/Forms/frmParameters frmParametersTaskDetails.vb
2010.09.03 22:44 B E:\PRODUCCION\CRM\RELEASES\20100520\CLIENT_FTP\CRM 2x4\Forms\frmParameters\frmParametersTaskSummary.Designer.vb --> ftp.primogenia.com /public_html/softints/CRM 2x4/Forms/frmParameters frmParametersTaskSummary.Designer.vb
2010.09.03 22:44 B E:\PRODUCCION\CRM\RELEASES\20100520\CLIENT_FTP\CRM 2x4\Forms\frmParameters\frmParametersTaskSummary.resx --> ftp.primogenia.com /public_html/softints/CRM 2x4/Forms/frmParameters frmParametersTaskSummary.resx
2010.09.03 22:44 B E:\PRODUCCION\CRM\RELEASES\20100520\CLIENT_FTP\CRM 2x4\Forms\frmParameters\frmParametersTaskSummary.vb --> ftp.primogenia.com /public_html/softints/CRM 2x4/Forms/frmParameters frmParametersTaskSummary.vb
2010.09.03 22:44 B E:\PRODUCCION\CRM\RELEASES\20100520\CLIENT_FTP\CRM 2x4\Forms\frmParameters\WS_FTP.LOG --> ftp.primogenia.com /public_html/softints/CRM 2x4/Forms/frmParameters WS_FTP.LOG
