2010.07.27 22:47 B E:\PRODUCCION\CRM\RELEASES\20100520\CLIENT_FTP\CRM 2x4\Resources\accept.png <-- Kapaz /htdocs/softints/RELEASES/20100520/CLIENT/CRM 2x4/Resources accept.png
2010.07.27 22:47 B E:\PRODUCCION\CRM\RELEASES\20100520\CLIENT_FTP\CRM 2x4\Resources\add.png <-- Kapaz /htdocs/softints/RELEASES/20100520/CLIENT/CRM 2x4/Resources add.png
2010.07.27 22:47 B E:\PRODUCCION\CRM\RELEASES\20100520\CLIENT_FTP\CRM 2x4\Resources\BackLogin.png <-- Kapaz /htdocs/softints/RELEASES/20100520/CLIENT/CRM 2x4/Resources BackLogin.png
2010.07.27 22:47 B E:\PRODUCCION\CRM\RELEASES\20100520\CLIENT_FTP\CRM 2x4\Resources\backTango.png <-- Kapaz /htdocs/softints/RELEASES/20100520/CLIENT/CRM 2x4/Resources backTango.png
2010.07.27 22:47 B E:\PRODUCCION\CRM\RELEASES\20100520\CLIENT_FTP\CRM 2x4\Resources\Cancel.png <-- Kapaz /htdocs/softints/RELEASES/20100520/CLIENT/CRM 2x4/Resources Cancel.png
2010.07.27 22:47 B E:\PRODUCCION\CRM\RELEASES\20100520\CLIENT_FTP\CRM 2x4\Resources\CLIP.png <-- Kapaz /htdocs/softints/RELEASES/20100520/CLIENT/CRM 2x4/Resources CLIP.png
2010.07.27 22:47 B E:\PRODUCCION\CRM\RELEASES\20100520\CLIENT_FTP\CRM 2x4\Resources\Clock.png <-- Kapaz /htdocs/softints/RELEASES/20100520/CLIENT/CRM 2x4/Resources Clock.png
2010.07.27 22:47 B E:\PRODUCCION\CRM\RELEASES\20100520\CLIENT_FTP\CRM 2x4\Resources\Company.png <-- Kapaz /htdocs/softints/RELEASES/20100520/CLIENT/CRM 2x4/Resources Company.png
2010.07.27 22:47 B E:\PRODUCCION\CRM\RELEASES\20100520\CLIENT_FTP\CRM 2x4\Resources\Customer.png <-- Kapaz /htdocs/softints/RELEASES/20100520/CLIENT/CRM 2x4/Resources Customer.png
2010.07.27 22:47 B E:\PRODUCCION\CRM\RELEASES\20100520\CLIENT_FTP\CRM 2x4\Resources\delete.png <-- Kapaz /htdocs/softints/RELEASES/20100520/CLIENT/CRM 2x4/Resources delete.png
2010.07.27 22:47 B E:\PRODUCCION\CRM\RELEASES\20100520\CLIENT_FTP\CRM 2x4\Resources\Favorite.ico <-- Kapaz /htdocs/softints/RELEASES/20100520/CLIENT/CRM 2x4/Resources Favorite.ico
2010.07.27 22:47 B E:\PRODUCCION\CRM\RELEASES\20100520\CLIENT_FTP\CRM 2x4\Resources\Favorites.png <-- Kapaz /htdocs/softints/RELEASES/20100520/CLIENT/CRM 2x4/Resources Favorites.png
2010.07.27 22:47 B E:\PRODUCCION\CRM\RELEASES\20100520\CLIENT_FTP\CRM 2x4\Resources\First.png <-- Kapaz /htdocs/softints/RELEASES/20100520/CLIENT/CRM 2x4/Resources First.png
2010.07.27 22:47 B E:\PRODUCCION\CRM\RELEASES\20100520\CLIENT_FTP\CRM 2x4\Resources\Icon.ico <-- Kapaz /htdocs/softints/RELEASES/20100520/CLIENT/CRM 2x4/Resources Icon.ico
2010.07.27 22:47 B E:\PRODUCCION\CRM\RELEASES\20100520\CLIENT_FTP\CRM 2x4\Resources\Info.png <-- Kapaz /htdocs/softints/RELEASES/20100520/CLIENT/CRM 2x4/Resources Info.png
2010.07.27 22:47 B E:\PRODUCCION\CRM\RELEASES\20100520\CLIENT_FTP\CRM 2x4\Resources\Key.png <-- Kapaz /htdocs/softints/RELEASES/20100520/CLIENT/CRM 2x4/Resources Key.png
2010.07.27 22:47 B E:\PRODUCCION\CRM\RELEASES\20100520\CLIENT_FTP\CRM 2x4\Resources\Last.png <-- Kapaz /htdocs/softints/RELEASES/20100520/CLIENT/CRM 2x4/Resources Last.png
2010.07.27 22:47 B E:\PRODUCCION\CRM\RELEASES\20100520\CLIENT_FTP\CRM 2x4\Resources\List.png <-- Kapaz /htdocs/softints/RELEASES/20100520/CLIENT/CRM 2x4/Resources List.png
2010.07.27 22:47 B E:\PRODUCCION\CRM\RELEASES\20100520\CLIENT_FTP\CRM 2x4\Resources\lock.png <-- Kapaz /htdocs/softints/RELEASES/20100520/CLIENT/CRM 2x4/Resources lock.png
2010.07.27 22:48 B E:\PRODUCCION\CRM\RELEASES\20100520\CLIENT_FTP\CRM 2x4\Resources\Modules.png <-- Kapaz /htdocs/softints/RELEASES/20100520/CLIENT/CRM 2x4/Resources Modules.png
2010.07.27 22:48 B E:\PRODUCCION\CRM\RELEASES\20100520\CLIENT_FTP\CRM 2x4\Resources\next.png <-- Kapaz /htdocs/softints/RELEASES/20100520/CLIENT/CRM 2x4/Resources next.png
2010.07.27 22:48 B E:\PRODUCCION\CRM\RELEASES\20100520\CLIENT_FTP\CRM 2x4\Resources\Permissions.png <-- Kapaz /htdocs/softints/RELEASES/20100520/CLIENT/CRM 2x4/Resources Permissions.png
2010.07.27 22:48 B E:\PRODUCCION\CRM\RELEASES\20100520\CLIENT_FTP\CRM 2x4\Resources\previous.png <-- Kapaz /htdocs/softints/RELEASES/20100520/CLIENT/CRM 2x4/Resources previous.png
2010.07.27 22:48 B E:\PRODUCCION\CRM\RELEASES\20100520\CLIENT_FTP\CRM 2x4\Resources\Refresh.png <-- Kapaz /htdocs/softints/RELEASES/20100520/CLIENT/CRM 2x4/Resources Refresh.png
2010.07.27 22:48 B E:\PRODUCCION\CRM\RELEASES\20100520\CLIENT_FTP\CRM 2x4\Resources\REMINDER.WAV <-- Kapaz /htdocs/softints/RELEASES/20100520/CLIENT/CRM 2x4/Resources REMINDER.WAV
2010.07.27 22:48 B E:\PRODUCCION\CRM\RELEASES\20100520\CLIENT_FTP\CRM 2x4\Resources\save_16x16.gif <-- Kapaz /htdocs/softints/RELEASES/20100520/CLIENT/CRM 2x4/Resources save_16x16.gif
2010.07.27 22:48 B E:\PRODUCCION\CRM\RELEASES\20100520\CLIENT_FTP\CRM 2x4\Resources\search.png <-- Kapaz /htdocs/softints/RELEASES/20100520/CLIENT/CRM 2x4/Resources search.png
2010.07.27 22:48 B E:\PRODUCCION\CRM\RELEASES\20100520\CLIENT_FTP\CRM 2x4\Resources\Tango.jpg <-- Kapaz /htdocs/softints/RELEASES/20100520/CLIENT/CRM 2x4/Resources Tango.jpg
2010.07.27 22:48 B E:\PRODUCCION\CRM\RELEASES\20100520\CLIENT_FTP\CRM 2x4\Resources\Tango.png <-- Kapaz /htdocs/softints/RELEASES/20100520/CLIENT/CRM 2x4/Resources Tango.png
2010.07.27 22:48 B E:\PRODUCCION\CRM\RELEASES\20100520\CLIENT_FTP\CRM 2x4\Resources\Task.png <-- Kapaz /htdocs/softints/RELEASES/20100520/CLIENT/CRM 2x4/Resources Task.png
2010.07.27 22:48 B E:\PRODUCCION\CRM\RELEASES\20100520\CLIENT_FTP\CRM 2x4\Resources\Tasks.png <-- Kapaz /htdocs/softints/RELEASES/20100520/CLIENT/CRM 2x4/Resources Tasks.png
2010.07.27 22:48 B E:\PRODUCCION\CRM\RELEASES\20100520\CLIENT_FTP\CRM 2x4\Resources\Thumbs.db <-- Kapaz /htdocs/softints/RELEASES/20100520/CLIENT/CRM 2x4/Resources Thumbs.db
2010.07.27 22:48 B E:\PRODUCCION\CRM\RELEASES\20100520\CLIENT_FTP\CRM 2x4\Resources\Tool.png <-- Kapaz /htdocs/softints/RELEASES/20100520/CLIENT/CRM 2x4/Resources Tool.png
2010.07.27 22:48 B E:\PRODUCCION\CRM\RELEASES\20100520\CLIENT_FTP\CRM 2x4\Resources\unlock.png <-- Kapaz /htdocs/softints/RELEASES/20100520/CLIENT/CRM 2x4/Resources unlock.png
2010.07.27 22:48 B E:\PRODUCCION\CRM\RELEASES\20100520\CLIENT_FTP\CRM 2x4\Resources\up.png <-- Kapaz /htdocs/softints/RELEASES/20100520/CLIENT/CRM 2x4/Resources up.png
2010.07.27 22:48 B E:\PRODUCCION\CRM\RELEASES\20100520\CLIENT_FTP\CRM 2x4\Resources\UserInfo.png <-- Kapaz /htdocs/softints/RELEASES/20100520/CLIENT/CRM 2x4/Resources UserInfo.png
2010.07.27 22:48 B E:\PRODUCCION\CRM\RELEASES\20100520\CLIENT_FTP\CRM 2x4\Resources\UserKey.png <-- Kapaz /htdocs/softints/RELEASES/20100520/CLIENT/CRM 2x4/Resources UserKey.png
2010.07.27 22:48 B E:\PRODUCCION\CRM\RELEASES\20100520\CLIENT_FTP\CRM 2x4\Resources\warning.ico <-- Kapaz /htdocs/softints/RELEASES/20100520/CLIENT/CRM 2x4/Resources warning.ico
2010.07.27 22:48 B E:\PRODUCCION\CRM\RELEASES\20100520\CLIENT_FTP\CRM 2x4\Resources\warning.png <-- Kapaz /htdocs/softints/RELEASES/20100520/CLIENT/CRM 2x4/Resources warning.png
2010.07.27 22:48 B E:\PRODUCCION\CRM\RELEASES\20100520\CLIENT_FTP\CRM 2x4\Resources\wExcel.bmp <-- Kapaz /htdocs/softints/RELEASES/20100520/CLIENT/CRM 2x4/Resources wExcel.bmp
2010.07.27 22:48 B E:\PRODUCCION\CRM\RELEASES\20100520\CLIENT_FTP\CRM 2x4\Resources\wExcelLogo.bmp <-- Kapaz /htdocs/softints/RELEASES/20100520/CLIENT/CRM 2x4/Resources wExcelLogo.bmp
2010.07.27 22:48 B E:\PRODUCCION\CRM\RELEASES\20100520\CLIENT_FTP\CRM 2x4\Resources\wWord.bmp <-- Kapaz /htdocs/softints/RELEASES/20100520/CLIENT/CRM 2x4/Resources wWord.bmp
2010.07.27 22:48 B E:\PRODUCCION\CRM\RELEASES\20100520\CLIENT_FTP\CRM 2x4\Resources\wWordLogo.bmp <-- Kapaz /htdocs/softints/RELEASES/20100520/CLIENT/CRM 2x4/Resources wWordLogo.bmp
2010.08.05 11:41 B E:\PRODUCCION\CRM\RELEASES\20100520\CLIENT_FTP\CRM 2x4\Resources\accept.png --> ftp.kapaz.com.ar /htdocs/softints/RELEASES/20100520/CLIENT_FTP/CRM 2x4/Resources accept.png
2010.08.05 11:41 B E:\PRODUCCION\CRM\RELEASES\20100520\CLIENT_FTP\CRM 2x4\Resources\add.png --> ftp.kapaz.com.ar /htdocs/softints/RELEASES/20100520/CLIENT_FTP/CRM 2x4/Resources add.png
2010.08.05 11:41 B E:\PRODUCCION\CRM\RELEASES\20100520\CLIENT_FTP\CRM 2x4\Resources\BackLogin.png --> ftp.kapaz.com.ar /htdocs/softints/RELEASES/20100520/CLIENT_FTP/CRM 2x4/Resources BackLogin.png
2010.08.05 11:41 B E:\PRODUCCION\CRM\RELEASES\20100520\CLIENT_FTP\CRM 2x4\Resources\backTango.png --> ftp.kapaz.com.ar /htdocs/softints/RELEASES/20100520/CLIENT_FTP/CRM 2x4/Resources backTango.png
2010.08.05 11:41 B E:\PRODUCCION\CRM\RELEASES\20100520\CLIENT_FTP\CRM 2x4\Resources\Cancel.png --> ftp.kapaz.com.ar /htdocs/softints/RELEASES/20100520/CLIENT_FTP/CRM 2x4/Resources Cancel.png
2010.08.05 11:41 B E:\PRODUCCION\CRM\RELEASES\20100520\CLIENT_FTP\CRM 2x4\Resources\CLIP.png --> ftp.kapaz.com.ar /htdocs/softints/RELEASES/20100520/CLIENT_FTP/CRM 2x4/Resources CLIP.png
2010.08.05 11:42 B E:\PRODUCCION\CRM\RELEASES\20100520\CLIENT_FTP\CRM 2x4\Resources\Clock.png --> ftp.kapaz.com.ar /htdocs/softints/RELEASES/20100520/CLIENT_FTP/CRM 2x4/Resources Clock.png
2010.08.05 11:42 B E:\PRODUCCION\CRM\RELEASES\20100520\CLIENT_FTP\CRM 2x4\Resources\Company.png --> ftp.kapaz.com.ar /htdocs/softints/RELEASES/20100520/CLIENT_FTP/CRM 2x4/Resources Company.png
2010.08.05 11:42 B E:\PRODUCCION\CRM\RELEASES\20100520\CLIENT_FTP\CRM 2x4\Resources\Customer.png --> ftp.kapaz.com.ar /htdocs/softints/RELEASES/20100520/CLIENT_FTP/CRM 2x4/Resources Customer.png
2010.08.05 11:42 B E:\PRODUCCION\CRM\RELEASES\20100520\CLIENT_FTP\CRM 2x4\Resources\delete.png --> ftp.kapaz.com.ar /htdocs/softints/RELEASES/20100520/CLIENT_FTP/CRM 2x4/Resources delete.png
2010.08.05 11:42 B E:\PRODUCCION\CRM\RELEASES\20100520\CLIENT_FTP\CRM 2x4\Resources\Favorite.ico --> ftp.kapaz.com.ar /htdocs/softints/RELEASES/20100520/CLIENT_FTP/CRM 2x4/Resources Favorite.ico
2010.08.05 11:42 B E:\PRODUCCION\CRM\RELEASES\20100520\CLIENT_FTP\CRM 2x4\Resources\Favorites.png --> ftp.kapaz.com.ar /htdocs/softints/RELEASES/20100520/CLIENT_FTP/CRM 2x4/Resources Favorites.png
2010.08.05 11:42 B E:\PRODUCCION\CRM\RELEASES\20100520\CLIENT_FTP\CRM 2x4\Resources\First.png --> ftp.kapaz.com.ar /htdocs/softints/RELEASES/20100520/CLIENT_FTP/CRM 2x4/Resources First.png
2010.08.05 11:42 B E:\PRODUCCION\CRM\RELEASES\20100520\CLIENT_FTP\CRM 2x4\Resources\Icon.ico --> ftp.kapaz.com.ar /htdocs/softints/RELEASES/20100520/CLIENT_FTP/CRM 2x4/Resources Icon.ico
2010.08.05 11:42 B E:\PRODUCCION\CRM\RELEASES\20100520\CLIENT_FTP\CRM 2x4\Resources\Info.png --> ftp.kapaz.com.ar /htdocs/softints/RELEASES/20100520/CLIENT_FTP/CRM 2x4/Resources Info.png
2010.08.05 11:42 B E:\PRODUCCION\CRM\RELEASES\20100520\CLIENT_FTP\CRM 2x4\Resources\Key.png --> ftp.kapaz.com.ar /htdocs/softints/RELEASES/20100520/CLIENT_FTP/CRM 2x4/Resources Key.png
2010.08.05 11:42 B E:\PRODUCCION\CRM\RELEASES\20100520\CLIENT_FTP\CRM 2x4\Resources\Last.png --> ftp.kapaz.com.ar /htdocs/softints/RELEASES/20100520/CLIENT_FTP/CRM 2x4/Resources Last.png
2010.08.05 11:42 B E:\PRODUCCION\CRM\RELEASES\20100520\CLIENT_FTP\CRM 2x4\Resources\List.png --> ftp.kapaz.com.ar /htdocs/softints/RELEASES/20100520/CLIENT_FTP/CRM 2x4/Resources List.png
2010.08.05 11:42 B E:\PRODUCCION\CRM\RELEASES\20100520\CLIENT_FTP\CRM 2x4\Resources\lock.png --> ftp.kapaz.com.ar /htdocs/softints/RELEASES/20100520/CLIENT_FTP/CRM 2x4/Resources lock.png
2010.08.05 11:42 B E:\PRODUCCION\CRM\RELEASES\20100520\CLIENT_FTP\CRM 2x4\Resources\Modules.png --> ftp.kapaz.com.ar /htdocs/softints/RELEASES/20100520/CLIENT_FTP/CRM 2x4/Resources Modules.png
2010.08.05 11:42 B E:\PRODUCCION\CRM\RELEASES\20100520\CLIENT_FTP\CRM 2x4\Resources\next.png --> ftp.kapaz.com.ar /htdocs/softints/RELEASES/20100520/CLIENT_FTP/CRM 2x4/Resources next.png
2010.08.05 11:42 B E:\PRODUCCION\CRM\RELEASES\20100520\CLIENT_FTP\CRM 2x4\Resources\Permissions.png --> ftp.kapaz.com.ar /htdocs/softints/RELEASES/20100520/CLIENT_FTP/CRM 2x4/Resources Permissions.png
2010.08.05 11:42 B E:\PRODUCCION\CRM\RELEASES\20100520\CLIENT_FTP\CRM 2x4\Resources\previous.png --> ftp.kapaz.com.ar /htdocs/softints/RELEASES/20100520/CLIENT_FTP/CRM 2x4/Resources previous.png
2010.08.05 11:42 B E:\PRODUCCION\CRM\RELEASES\20100520\CLIENT_FTP\CRM 2x4\Resources\Refresh.png --> ftp.kapaz.com.ar /htdocs/softints/RELEASES/20100520/CLIENT_FTP/CRM 2x4/Resources Refresh.png
2010.08.05 11:43 B E:\PRODUCCION\CRM\RELEASES\20100520\CLIENT_FTP\CRM 2x4\Resources\REMINDER.WAV --> ftp.kapaz.com.ar /htdocs/softints/RELEASES/20100520/CLIENT_FTP/CRM 2x4/Resources REMINDER.WAV
2010.08.05 11:43 B E:\PRODUCCION\CRM\RELEASES\20100520\CLIENT_FTP\CRM 2x4\Resources\save_16x16.gif --> ftp.kapaz.com.ar /htdocs/softints/RELEASES/20100520/CLIENT_FTP/CRM 2x4/Resources save_16x16.gif
2010.08.05 11:43 B E:\PRODUCCION\CRM\RELEASES\20100520\CLIENT_FTP\CRM 2x4\Resources\search.png --> ftp.kapaz.com.ar /htdocs/softints/RELEASES/20100520/CLIENT_FTP/CRM 2x4/Resources search.png
2010.08.05 11:43 B E:\PRODUCCION\CRM\RELEASES\20100520\CLIENT_FTP\CRM 2x4\Resources\Tango.jpg --> ftp.kapaz.com.ar /htdocs/softints/RELEASES/20100520/CLIENT_FTP/CRM 2x4/Resources Tango.jpg
2010.08.05 11:43 B E:\PRODUCCION\CRM\RELEASES\20100520\CLIENT_FTP\CRM 2x4\Resources\Tango.png --> ftp.kapaz.com.ar /htdocs/softints/RELEASES/20100520/CLIENT_FTP/CRM 2x4/Resources Tango.png
2010.08.05 11:43 B E:\PRODUCCION\CRM\RELEASES\20100520\CLIENT_FTP\CRM 2x4\Resources\Task.png --> ftp.kapaz.com.ar /htdocs/softints/RELEASES/20100520/CLIENT_FTP/CRM 2x4/Resources Task.png
2010.08.05 11:43 B E:\PRODUCCION\CRM\RELEASES\20100520\CLIENT_FTP\CRM 2x4\Resources\Tasks.png --> ftp.kapaz.com.ar /htdocs/softints/RELEASES/20100520/CLIENT_FTP/CRM 2x4/Resources Tasks.png
2010.08.05 11:43 B E:\PRODUCCION\CRM\RELEASES\20100520\CLIENT_FTP\CRM 2x4\Resources\Thumbs.db --> ftp.kapaz.com.ar /htdocs/softints/RELEASES/20100520/CLIENT_FTP/CRM 2x4/Resources Thumbs.db
2010.08.05 11:43 B E:\PRODUCCION\CRM\RELEASES\20100520\CLIENT_FTP\CRM 2x4\Resources\Tool.png --> ftp.kapaz.com.ar /htdocs/softints/RELEASES/20100520/CLIENT_FTP/CRM 2x4/Resources Tool.png
2010.08.05 11:43 B E:\PRODUCCION\CRM\RELEASES\20100520\CLIENT_FTP\CRM 2x4\Resources\unlock.png --> ftp.kapaz.com.ar /htdocs/softints/RELEASES/20100520/CLIENT_FTP/CRM 2x4/Resources unlock.png
2010.08.05 11:43 B E:\PRODUCCION\CRM\RELEASES\20100520\CLIENT_FTP\CRM 2x4\Resources\up.png --> ftp.kapaz.com.ar /htdocs/softints/RELEASES/20100520/CLIENT_FTP/CRM 2x4/Resources up.png
2010.08.05 11:43 B E:\PRODUCCION\CRM\RELEASES\20100520\CLIENT_FTP\CRM 2x4\Resources\UserInfo.png --> ftp.kapaz.com.ar /htdocs/softints/RELEASES/20100520/CLIENT_FTP/CRM 2x4/Resources UserInfo.png
2010.08.05 11:43 B E:\PRODUCCION\CRM\RELEASES\20100520\CLIENT_FTP\CRM 2x4\Resources\UserKey.png --> ftp.kapaz.com.ar /htdocs/softints/RELEASES/20100520/CLIENT_FTP/CRM 2x4/Resources UserKey.png
2010.08.05 11:43 B E:\PRODUCCION\CRM\RELEASES\20100520\CLIENT_FTP\CRM 2x4\Resources\warning.ico --> ftp.kapaz.com.ar /htdocs/softints/RELEASES/20100520/CLIENT_FTP/CRM 2x4/Resources warning.ico
2010.08.05 11:43 B E:\PRODUCCION\CRM\RELEASES\20100520\CLIENT_FTP\CRM 2x4\Resources\warning.png --> ftp.kapaz.com.ar /htdocs/softints/RELEASES/20100520/CLIENT_FTP/CRM 2x4/Resources warning.png
2010.08.05 11:43 B E:\PRODUCCION\CRM\RELEASES\20100520\CLIENT_FTP\CRM 2x4\Resources\wExcel.bmp --> ftp.kapaz.com.ar /htdocs/softints/RELEASES/20100520/CLIENT_FTP/CRM 2x4/Resources wExcel.bmp
2010.08.05 11:43 B E:\PRODUCCION\CRM\RELEASES\20100520\CLIENT_FTP\CRM 2x4\Resources\wExcelLogo.bmp --> ftp.kapaz.com.ar /htdocs/softints/RELEASES/20100520/CLIENT_FTP/CRM 2x4/Resources wExcelLogo.bmp
2010.08.05 11:44 B E:\PRODUCCION\CRM\RELEASES\20100520\CLIENT_FTP\CRM 2x4\Resources\WS_FTP.LOG --> ftp.kapaz.com.ar /htdocs/softints/RELEASES/20100520/CLIENT_FTP/CRM 2x4/Resources WS_FTP.LOG
2010.08.05 11:44 B E:\PRODUCCION\CRM\RELEASES\20100520\CLIENT_FTP\CRM 2x4\Resources\wWord.bmp --> ftp.kapaz.com.ar /htdocs/softints/RELEASES/20100520/CLIENT_FTP/CRM 2x4/Resources wWord.bmp
2010.08.05 11:44 B E:\PRODUCCION\CRM\RELEASES\20100520\CLIENT_FTP\CRM 2x4\Resources\wWordLogo.bmp --> ftp.kapaz.com.ar /htdocs/softints/RELEASES/20100520/CLIENT_FTP/CRM 2x4/Resources wWordLogo.bmp
2010.09.04 00:16 B E:\PRODUCCION\CRM\RELEASES\20100520\CLIENT_FTP\CRM 2x4\Resources\accept.png --> ftp.primogenia.com /public_html/softints/CRM 2x4/Resources accept.png
2010.09.04 00:16 B E:\PRODUCCION\CRM\RELEASES\20100520\CLIENT_FTP\CRM 2x4\Resources\add.png --> ftp.primogenia.com /public_html/softints/CRM 2x4/Resources add.png
2010.09.04 00:16 B E:\PRODUCCION\CRM\RELEASES\20100520\CLIENT_FTP\CRM 2x4\Resources\BackLogin.png --> ftp.primogenia.com /public_html/softints/CRM 2x4/Resources BackLogin.png
2010.09.04 00:16 B E:\PRODUCCION\CRM\RELEASES\20100520\CLIENT_FTP\CRM 2x4\Resources\backTango.png --> ftp.primogenia.com /public_html/softints/CRM 2x4/Resources backTango.png
2010.09.04 00:16 B E:\PRODUCCION\CRM\RELEASES\20100520\CLIENT_FTP\CRM 2x4\Resources\Cancel.png --> ftp.primogenia.com /public_html/softints/CRM 2x4/Resources Cancel.png
2010.09.04 00:16 B E:\PRODUCCION\CRM\RELEASES\20100520\CLIENT_FTP\CRM 2x4\Resources\CLIP.png --> ftp.primogenia.com /public_html/softints/CRM 2x4/Resources CLIP.png
2010.09.04 00:16 B E:\PRODUCCION\CRM\RELEASES\20100520\CLIENT_FTP\CRM 2x4\Resources\Clock.png --> ftp.primogenia.com /public_html/softints/CRM 2x4/Resources Clock.png
2010.09.04 00:16 B E:\PRODUCCION\CRM\RELEASES\20100520\CLIENT_FTP\CRM 2x4\Resources\Company.png --> ftp.primogenia.com /public_html/softints/CRM 2x4/Resources Company.png
2010.09.04 00:16 B E:\PRODUCCION\CRM\RELEASES\20100520\CLIENT_FTP\CRM 2x4\Resources\Customer.png --> ftp.primogenia.com /public_html/softints/CRM 2x4/Resources Customer.png
2010.09.04 00:16 B E:\PRODUCCION\CRM\RELEASES\20100520\CLIENT_FTP\CRM 2x4\Resources\delete.png --> ftp.primogenia.com /public_html/softints/CRM 2x4/Resources delete.png
2010.09.04 00:16 B E:\PRODUCCION\CRM\RELEASES\20100520\CLIENT_FTP\CRM 2x4\Resources\Favorite.ico --> ftp.primogenia.com /public_html/softints/CRM 2x4/Resources Favorite.ico
2010.09.04 00:16 B E:\PRODUCCION\CRM\RELEASES\20100520\CLIENT_FTP\CRM 2x4\Resources\Favorites.png --> ftp.primogenia.com /public_html/softints/CRM 2x4/Resources Favorites.png
2010.09.04 00:16 B E:\PRODUCCION\CRM\RELEASES\20100520\CLIENT_FTP\CRM 2x4\Resources\First.png --> ftp.primogenia.com /public_html/softints/CRM 2x4/Resources First.png
2010.09.04 00:16 B E:\PRODUCCION\CRM\RELEASES\20100520\CLIENT_FTP\CRM 2x4\Resources\Icon.ico --> ftp.primogenia.com /public_html/softints/CRM 2x4/Resources Icon.ico
2010.09.04 00:16 B E:\PRODUCCION\CRM\RELEASES\20100520\CLIENT_FTP\CRM 2x4\Resources\Info.png --> ftp.primogenia.com /public_html/softints/CRM 2x4/Resources Info.png
2010.09.04 00:16 B E:\PRODUCCION\CRM\RELEASES\20100520\CLIENT_FTP\CRM 2x4\Resources\Key.png --> ftp.primogenia.com /public_html/softints/CRM 2x4/Resources Key.png
2010.09.04 00:16 B E:\PRODUCCION\CRM\RELEASES\20100520\CLIENT_FTP\CRM 2x4\Resources\Last.png --> ftp.primogenia.com /public_html/softints/CRM 2x4/Resources Last.png
2010.09.04 00:16 B E:\PRODUCCION\CRM\RELEASES\20100520\CLIENT_FTP\CRM 2x4\Resources\List.png --> ftp.primogenia.com /public_html/softints/CRM 2x4/Resources List.png
2010.09.04 00:16 B E:\PRODUCCION\CRM\RELEASES\20100520\CLIENT_FTP\CRM 2x4\Resources\lock.png --> ftp.primogenia.com /public_html/softints/CRM 2x4/Resources lock.png
2010.09.04 00:16 B E:\PRODUCCION\CRM\RELEASES\20100520\CLIENT_FTP\CRM 2x4\Resources\Modules.png --> ftp.primogenia.com /public_html/softints/CRM 2x4/Resources Modules.png
2010.09.04 00:16 B E:\PRODUCCION\CRM\RELEASES\20100520\CLIENT_FTP\CRM 2x4\Resources\next.png --> ftp.primogenia.com /public_html/softints/CRM 2x4/Resources next.png
2010.09.04 00:17 B E:\PRODUCCION\CRM\RELEASES\20100520\CLIENT_FTP\CRM 2x4\Resources\Permissions.png --> ftp.primogenia.com /public_html/softints/CRM 2x4/Resources Permissions.png
2010.09.04 00:17 B E:\PRODUCCION\CRM\RELEASES\20100520\CLIENT_FTP\CRM 2x4\Resources\previous.png --> ftp.primogenia.com /public_html/softints/CRM 2x4/Resources previous.png
2010.09.04 00:17 B E:\PRODUCCION\CRM\RELEASES\20100520\CLIENT_FTP\CRM 2x4\Resources\Refresh.png --> ftp.primogenia.com /public_html/softints/CRM 2x4/Resources Refresh.png
2010.09.04 00:17 B E:\PRODUCCION\CRM\RELEASES\20100520\CLIENT_FTP\CRM 2x4\Resources\REMINDER.WAV --> ftp.primogenia.com /public_html/softints/CRM 2x4/Resources REMINDER.WAV
2010.09.04 00:17 B E:\PRODUCCION\CRM\RELEASES\20100520\CLIENT_FTP\CRM 2x4\Resources\save_16x16.gif --> ftp.primogenia.com /public_html/softints/CRM 2x4/Resources save_16x16.gif
2010.09.04 00:17 B E:\PRODUCCION\CRM\RELEASES\20100520\CLIENT_FTP\CRM 2x4\Resources\search.png --> ftp.primogenia.com /public_html/softints/CRM 2x4/Resources search.png
2010.09.04 00:17 B E:\PRODUCCION\CRM\RELEASES\20100520\CLIENT_FTP\CRM 2x4\Resources\Tango.jpg --> ftp.primogenia.com /public_html/softints/CRM 2x4/Resources Tango.jpg
2010.09.04 00:17 B E:\PRODUCCION\CRM\RELEASES\20100520\CLIENT_FTP\CRM 2x4\Resources\Tango.png --> ftp.primogenia.com /public_html/softints/CRM 2x4/Resources Tango.png
2010.09.04 00:17 B E:\PRODUCCION\CRM\RELEASES\20100520\CLIENT_FTP\CRM 2x4\Resources\Task.png --> ftp.primogenia.com /public_html/softints/CRM 2x4/Resources Task.png
2010.09.04 00:17 B E:\PRODUCCION\CRM\RELEASES\20100520\CLIENT_FTP\CRM 2x4\Resources\Tasks.png --> ftp.primogenia.com /public_html/softints/CRM 2x4/Resources Tasks.png
2010.09.04 00:17 B E:\PRODUCCION\CRM\RELEASES\20100520\CLIENT_FTP\CRM 2x4\Resources\Thumbs.db --> ftp.primogenia.com /public_html/softints/CRM 2x4/Resources Thumbs.db
2010.09.04 00:17 B E:\PRODUCCION\CRM\RELEASES\20100520\CLIENT_FTP\CRM 2x4\Resources\Tool.png --> ftp.primogenia.com /public_html/softints/CRM 2x4/Resources Tool.png
2010.09.04 00:17 B E:\PRODUCCION\CRM\RELEASES\20100520\CLIENT_FTP\CRM 2x4\Resources\unlock.png --> ftp.primogenia.com /public_html/softints/CRM 2x4/Resources unlock.png
2010.09.04 00:17 B E:\PRODUCCION\CRM\RELEASES\20100520\CLIENT_FTP\CRM 2x4\Resources\up.png --> ftp.primogenia.com /public_html/softints/CRM 2x4/Resources up.png
2010.09.04 00:17 B E:\PRODUCCION\CRM\RELEASES\20100520\CLIENT_FTP\CRM 2x4\Resources\UserInfo.png --> ftp.primogenia.com /public_html/softints/CRM 2x4/Resources UserInfo.png
2010.09.04 00:17 B E:\PRODUCCION\CRM\RELEASES\20100520\CLIENT_FTP\CRM 2x4\Resources\UserKey.png --> ftp.primogenia.com /public_html/softints/CRM 2x4/Resources UserKey.png
2010.09.04 00:17 B E:\PRODUCCION\CRM\RELEASES\20100520\CLIENT_FTP\CRM 2x4\Resources\warning.ico --> ftp.primogenia.com /public_html/softints/CRM 2x4/Resources warning.ico
2010.09.04 00:17 B E:\PRODUCCION\CRM\RELEASES\20100520\CLIENT_FTP\CRM 2x4\Resources\warning.png --> ftp.primogenia.com /public_html/softints/CRM 2x4/Resources warning.png
2010.09.04 00:17 B E:\PRODUCCION\CRM\RELEASES\20100520\CLIENT_FTP\CRM 2x4\Resources\wExcel.bmp --> ftp.primogenia.com /public_html/softints/CRM 2x4/Resources wExcel.bmp
2010.09.04 00:17 B E:\PRODUCCION\CRM\RELEASES\20100520\CLIENT_FTP\CRM 2x4\Resources\wExcelLogo.bmp --> ftp.primogenia.com /public_html/softints/CRM 2x4/Resources wExcelLogo.bmp
2010.09.04 00:17 B E:\PRODUCCION\CRM\RELEASES\20100520\CLIENT_FTP\CRM 2x4\Resources\WS_FTP.LOG --> ftp.primogenia.com /public_html/softints/CRM 2x4/Resources WS_FTP.LOG
2010.09.04 00:18 B E:\PRODUCCION\CRM\RELEASES\20100520\CLIENT_FTP\CRM 2x4\Resources\wWord.bmp --> ftp.primogenia.com /public_html/softints/CRM 2x4/Resources wWord.bmp
2010.09.04 00:18 B E:\PRODUCCION\CRM\RELEASES\20100520\CLIENT_FTP\CRM 2x4\Resources\wWordLogo.bmp --> ftp.primogenia.com /public_html/softints/CRM 2x4/Resources wWordLogo.bmp
