2010.07.15 14:26 B E:\PRODUCCION\CRM\RELEASES\20100520\ADMIN\CRM Admin\Forms\CRM Admin.vbproj --> ftp.kapaz.com.ar /htdocs/softints/RELEASES/20100520/ADMIN/CRM Admin/Forms CRM Admin.vbproj
2010.07.15 14:26 B E:\PRODUCCION\CRM\RELEASES\20100520\ADMIN\CRM Admin\Forms\frmCompanies.Designer.vb --> ftp.kapaz.com.ar /htdocs/softints/RELEASES/20100520/ADMIN/CRM Admin/Forms frmCompanies.Designer.vb
2010.07.15 14:26 B E:\PRODUCCION\CRM\RELEASES\20100520\ADMIN\CRM Admin\Forms\frmCompanies.resx --> ftp.kapaz.com.ar /htdocs/softints/RELEASES/20100520/ADMIN/CRM Admin/Forms frmCompanies.resx
2010.07.15 14:26 B E:\PRODUCCION\CRM\RELEASES\20100520\ADMIN\CRM Admin\Forms\frmCompanies.vb --> ftp.kapaz.com.ar /htdocs/softints/RELEASES/20100520/ADMIN/CRM Admin/Forms frmCompanies.vb
2010.07.15 14:26 B E:\PRODUCCION\CRM\RELEASES\20100520\ADMIN\CRM Admin\Forms\frmDomain.designer.vb --> ftp.kapaz.com.ar /htdocs/softints/RELEASES/20100520/ADMIN/CRM Admin/Forms frmDomain.designer.vb
2010.07.15 14:27 B E:\PRODUCCION\CRM\RELEASES\20100520\ADMIN\CRM Admin\Forms\frmDomain.resx --> ftp.kapaz.com.ar /htdocs/softints/RELEASES/20100520/ADMIN/CRM Admin/Forms frmDomain.resx
2010.07.15 14:27 B E:\PRODUCCION\CRM\RELEASES\20100520\ADMIN\CRM Admin\Forms\frmDomain.vb --> ftp.kapaz.com.ar /htdocs/softints/RELEASES/20100520/ADMIN/CRM Admin/Forms frmDomain.vb
2010.07.15 14:27 B E:\PRODUCCION\CRM\RELEASES\20100520\ADMIN\CRM Admin\Forms\frmException.Designer.vb --> ftp.kapaz.com.ar /htdocs/softints/RELEASES/20100520/ADMIN/CRM Admin/Forms frmException.Designer.vb
2010.07.15 14:27 B E:\PRODUCCION\CRM\RELEASES\20100520\ADMIN\CRM Admin\Forms\frmException.resx --> ftp.kapaz.com.ar /htdocs/softints/RELEASES/20100520/ADMIN/CRM Admin/Forms frmException.resx
2010.07.15 14:27 B E:\PRODUCCION\CRM\RELEASES\20100520\ADMIN\CRM Admin\Forms\frmException.vb --> ftp.kapaz.com.ar /htdocs/softints/RELEASES/20100520/ADMIN/CRM Admin/Forms frmException.vb
2010.07.15 14:27 B E:\PRODUCCION\CRM\RELEASES\20100520\ADMIN\CRM Admin\Forms\frmLogin.designer.vb --> ftp.kapaz.com.ar /htdocs/softints/RELEASES/20100520/ADMIN/CRM Admin/Forms frmLogin.designer.vb
2010.07.15 14:27 B E:\PRODUCCION\CRM\RELEASES\20100520\ADMIN\CRM Admin\Forms\frmLogin.resx --> ftp.kapaz.com.ar /htdocs/softints/RELEASES/20100520/ADMIN/CRM Admin/Forms frmLogin.resx
2010.07.15 14:27 B E:\PRODUCCION\CRM\RELEASES\20100520\ADMIN\CRM Admin\Forms\frmLogin.vb --> ftp.kapaz.com.ar /htdocs/softints/RELEASES/20100520/ADMIN/CRM Admin/Forms frmLogin.vb
2010.07.15 14:27 B E:\PRODUCCION\CRM\RELEASES\20100520\ADMIN\CRM Admin\Forms\frmMain.Designer.vb --> ftp.kapaz.com.ar /htdocs/softints/RELEASES/20100520/ADMIN/CRM Admin/Forms frmMain.Designer.vb
2010.07.15 14:27 B E:\PRODUCCION\CRM\RELEASES\20100520\ADMIN\CRM Admin\Forms\frmMain.resx --> ftp.kapaz.com.ar /htdocs/softints/RELEASES/20100520/ADMIN/CRM Admin/Forms frmMain.resx
2010.07.15 14:27 B E:\PRODUCCION\CRM\RELEASES\20100520\ADMIN\CRM Admin\Forms\frmMain.vb --> ftp.kapaz.com.ar /htdocs/softints/RELEASES/20100520/ADMIN/CRM Admin/Forms frmMain.vb
2010.07.15 14:27 B E:\PRODUCCION\CRM\RELEASES\20100520\ADMIN\CRM Admin\Forms\frmPermissions.designer.vb --> ftp.kapaz.com.ar /htdocs/softints/RELEASES/20100520/ADMIN/CRM Admin/Forms frmPermissions.designer.vb
2010.07.15 14:27 B E:\PRODUCCION\CRM\RELEASES\20100520\ADMIN\CRM Admin\Forms\frmPermissions.resx --> ftp.kapaz.com.ar /htdocs/softints/RELEASES/20100520/ADMIN/CRM Admin/Forms frmPermissions.resx
2010.07.15 14:27 B E:\PRODUCCION\CRM\RELEASES\20100520\ADMIN\CRM Admin\Forms\frmPermissions.vb --> ftp.kapaz.com.ar /htdocs/softints/RELEASES/20100520/ADMIN/CRM Admin/Forms frmPermissions.vb
2010.07.15 14:27 B E:\PRODUCCION\CRM\RELEASES\20100520\ADMIN\CRM Admin\Forms\frmProfiles.designer.vb --> ftp.kapaz.com.ar /htdocs/softints/RELEASES/20100520/ADMIN/CRM Admin/Forms frmProfiles.designer.vb
2010.07.15 14:27 B E:\PRODUCCION\CRM\RELEASES\20100520\ADMIN\CRM Admin\Forms\frmProfiles.resx --> ftp.kapaz.com.ar /htdocs/softints/RELEASES/20100520/ADMIN/CRM Admin/Forms frmProfiles.resx
2010.07.15 14:27 B E:\PRODUCCION\CRM\RELEASES\20100520\ADMIN\CRM Admin\Forms\frmProfiles.vb --> ftp.kapaz.com.ar /htdocs/softints/RELEASES/20100520/ADMIN/CRM Admin/Forms frmProfiles.vb
2010.07.15 14:27 B E:\PRODUCCION\CRM\RELEASES\20100520\ADMIN\CRM Admin\Forms\frmUsers.Designer.vb --> ftp.kapaz.com.ar /htdocs/softints/RELEASES/20100520/ADMIN/CRM Admin/Forms frmUsers.Designer.vb
2010.07.15 14:27 B E:\PRODUCCION\CRM\RELEASES\20100520\ADMIN\CRM Admin\Forms\frmUsers.resx --> ftp.kapaz.com.ar /htdocs/softints/RELEASES/20100520/ADMIN/CRM Admin/Forms frmUsers.resx
2010.07.15 14:27 B E:\PRODUCCION\CRM\RELEASES\20100520\ADMIN\CRM Admin\Forms\frmUsers.vb --> ftp.kapaz.com.ar /htdocs/softints/RELEASES/20100520/ADMIN/CRM Admin/Forms frmUsers.vb
