2010.07.27 22:46 B E:\PRODUCCION\CRM\RELEASES\20100520\CLIENT_FTP\CRM 2x4\obj\Release\CRM 2x4.exe <-- Kapaz /htdocs/softints/RELEASES/20100520/CLIENT/CRM 2x4/obj/Release CRM 2x4.exe
2010.07.27 22:46 B E:\PRODUCCION\CRM\RELEASES\20100520\CLIENT_FTP\CRM 2x4\obj\Release\crm 2x4.exe.licenses <-- Kapaz /htdocs/softints/RELEASES/20100520/CLIENT/CRM 2x4/obj/Release crm 2x4.exe.licenses
2010.07.27 22:46 B E:\PRODUCCION\CRM\RELEASES\20100520\CLIENT_FTP\CRM 2x4\obj\Release\CRM 2x4.pdb <-- Kapaz /htdocs/softints/RELEASES/20100520/CLIENT/CRM 2x4/obj/Release CRM 2x4.pdb
2010.07.27 22:46 B E:\PRODUCCION\CRM\RELEASES\20100520\CLIENT_FTP\CRM 2x4\obj\Release\CRM 2x4.vbproj.FileListAbsolute.txt <-- Kapaz /htdocs/softints/RELEASES/20100520/CLIENT/CRM 2x4/obj/Release CRM 2x4.vbproj.FileListAbsolute.txt
2010.07.27 22:46 B E:\PRODUCCION\CRM\RELEASES\20100520\CLIENT_FTP\CRM 2x4\obj\Release\CRM 2x4.vbproj.GenerateResource.Cache <-- Kapaz /htdocs/softints/RELEASES/20100520/CLIENT/CRM 2x4/obj/Release CRM 2x4.vbproj.GenerateResource.Cache
2010.07.27 22:46 B E:\PRODUCCION\CRM\RELEASES\20100520\CLIENT_FTP\CRM 2x4\obj\Release\Crm.UI.frmAlert.resources <-- Kapaz /htdocs/softints/RELEASES/20100520/CLIENT/CRM 2x4/obj/Release Crm.UI.frmAlert.resources
2010.07.27 22:46 B E:\PRODUCCION\CRM\RELEASES\20100520\CLIENT_FTP\CRM 2x4\obj\Release\Crm.UI.frmAlerts.resources <-- Kapaz /htdocs/softints/RELEASES/20100520/CLIENT/CRM 2x4/obj/Release Crm.UI.frmAlerts.resources
2010.07.27 22:46 B E:\PRODUCCION\CRM\RELEASES\20100520\CLIENT_FTP\CRM 2x4\obj\Release\Crm.UI.frmCompanies.resources <-- Kapaz /htdocs/softints/RELEASES/20100520/CLIENT/CRM 2x4/obj/Release Crm.UI.frmCompanies.resources
2010.07.27 22:46 B E:\PRODUCCION\CRM\RELEASES\20100520\CLIENT_FTP\CRM 2x4\obj\Release\Crm.UI.frmContact.resources <-- Kapaz /htdocs/softints/RELEASES/20100520/CLIENT/CRM 2x4/obj/Release Crm.UI.frmContact.resources
2010.07.27 22:46 B E:\PRODUCCION\CRM\RELEASES\20100520\CLIENT_FTP\CRM 2x4\obj\Release\Crm.UI.frmCustomer.resources <-- Kapaz /htdocs/softints/RELEASES/20100520/CLIENT/CRM 2x4/obj/Release Crm.UI.frmCustomer.resources
2010.07.27 22:46 B E:\PRODUCCION\CRM\RELEASES\20100520\CLIENT_FTP\CRM 2x4\obj\Release\Crm.UI.frmCustomersDeleted.resources <-- Kapaz /htdocs/softints/RELEASES/20100520/CLIENT/CRM 2x4/obj/Release Crm.UI.frmCustomersDeleted.resources
2010.07.27 22:46 B E:\PRODUCCION\CRM\RELEASES\20100520\CLIENT_FTP\CRM 2x4\obj\Release\Crm.UI.frmCustomersToTango.resources <-- Kapaz /htdocs/softints/RELEASES/20100520/CLIENT/CRM 2x4/obj/Release Crm.UI.frmCustomersToTango.resources
2010.07.27 22:47 B E:\PRODUCCION\CRM\RELEASES\20100520\CLIENT_FTP\CRM 2x4\obj\Release\Crm.UI.frmDeleteCustomer.resources <-- Kapaz /htdocs/softints/RELEASES/20100520/CLIENT/CRM 2x4/obj/Release Crm.UI.frmDeleteCustomer.resources
2010.07.27 22:47 B E:\PRODUCCION\CRM\RELEASES\20100520\CLIENT_FTP\CRM 2x4\obj\Release\Crm.UI.frmEditionAlert.resources <-- Kapaz /htdocs/softints/RELEASES/20100520/CLIENT/CRM 2x4/obj/Release Crm.UI.frmEditionAlert.resources
2010.07.27 22:47 B E:\PRODUCCION\CRM\RELEASES\20100520\CLIENT_FTP\CRM 2x4\obj\Release\Crm.UI.frmEditionCustomer.resources <-- Kapaz /htdocs/softints/RELEASES/20100520/CLIENT/CRM 2x4/obj/Release Crm.UI.frmEditionCustomer.resources
2010.07.27 22:47 B E:\PRODUCCION\CRM\RELEASES\20100520\CLIENT_FTP\CRM 2x4\obj\Release\Crm.UI.frmEditionTask.resources <-- Kapaz /htdocs/softints/RELEASES/20100520/CLIENT/CRM 2x4/obj/Release Crm.UI.frmEditionTask.resources
2010.07.27 22:47 B E:\PRODUCCION\CRM\RELEASES\20100520\CLIENT_FTP\CRM 2x4\obj\Release\Crm.UI.frmEvent.resources <-- Kapaz /htdocs/softints/RELEASES/20100520/CLIENT/CRM 2x4/obj/Release Crm.UI.frmEvent.resources
2010.07.27 22:47 B E:\PRODUCCION\CRM\RELEASES\20100520\CLIENT_FTP\CRM 2x4\obj\Release\Crm.UI.frmException.resources <-- Kapaz /htdocs/softints/RELEASES/20100520/CLIENT/CRM 2x4/obj/Release Crm.UI.frmException.resources
2010.07.27 22:47 B E:\PRODUCCION\CRM\RELEASES\20100520\CLIENT_FTP\CRM 2x4\obj\Release\Crm.UI.frmExportExcel.resources <-- Kapaz /htdocs/softints/RELEASES/20100520/CLIENT/CRM 2x4/obj/Release Crm.UI.frmExportExcel.resources
2010.07.27 22:47 B E:\PRODUCCION\CRM\RELEASES\20100520\CLIENT_FTP\CRM 2x4\obj\Release\Crm.UI.frmExportWord.resources <-- Kapaz /htdocs/softints/RELEASES/20100520/CLIENT/CRM 2x4/obj/Release Crm.UI.frmExportWord.resources
2010.07.27 22:47 B E:\PRODUCCION\CRM\RELEASES\20100520\CLIENT_FTP\CRM 2x4\obj\Release\Crm.UI.frmLogin.resources <-- Kapaz /htdocs/softints/RELEASES/20100520/CLIENT/CRM 2x4/obj/Release Crm.UI.frmLogin.resources
2010.07.27 22:47 B E:\PRODUCCION\CRM\RELEASES\20100520\CLIENT_FTP\CRM 2x4\obj\Release\Crm.UI.frmMain.resources <-- Kapaz /htdocs/softints/RELEASES/20100520/CLIENT/CRM 2x4/obj/Release Crm.UI.frmMain.resources
2010.07.27 22:47 B E:\PRODUCCION\CRM\RELEASES\20100520\CLIENT_FTP\CRM 2x4\obj\Release\Crm.UI.frmParametersCustomersDeleted.resources <-- Kapaz /htdocs/softints/RELEASES/20100520/CLIENT/CRM 2x4/obj/Release Crm.UI.frmParametersCustomersDeleted.resources
2010.07.27 22:47 B E:\PRODUCCION\CRM\RELEASES\20100520\CLIENT_FTP\CRM 2x4\obj\Release\Crm.UI.frmParametersCustomersList.resources <-- Kapaz /htdocs/softints/RELEASES/20100520/CLIENT/CRM 2x4/obj/Release Crm.UI.frmParametersCustomersList.resources
2010.07.27 22:47 B E:\PRODUCCION\CRM\RELEASES\20100520\CLIENT_FTP\CRM 2x4\obj\Release\Crm.UI.frmParametersEventSummary.resources <-- Kapaz /htdocs/softints/RELEASES/20100520/CLIENT/CRM 2x4/obj/Release Crm.UI.frmParametersEventSummary.resources
2010.07.27 22:47 B E:\PRODUCCION\CRM\RELEASES\20100520\CLIENT_FTP\CRM 2x4\obj\Release\Crm.UI.frmParametersPotentialCustomersEntry.resources <-- Kapaz /htdocs/softints/RELEASES/20100520/CLIENT/CRM 2x4/obj/Release Crm.UI.frmParametersPotentialCustomersEntry.resources
2010.07.27 22:47 B E:\PRODUCCION\CRM\RELEASES\20100520\CLIENT_FTP\CRM 2x4\obj\Release\Crm.UI.frmParametersPotentialToTango.resources <-- Kapaz /htdocs/softints/RELEASES/20100520/CLIENT/CRM 2x4/obj/Release Crm.UI.frmParametersPotentialToTango.resources
2010.07.27 22:47 B E:\PRODUCCION\CRM\RELEASES\20100520\CLIENT_FTP\CRM 2x4\obj\Release\Crm.UI.frmParametersTaskDetails.resources <-- Kapaz /htdocs/softints/RELEASES/20100520/CLIENT/CRM 2x4/obj/Release Crm.UI.frmParametersTaskDetails.resources
2010.07.27 22:47 B E:\PRODUCCION\CRM\RELEASES\20100520\CLIENT_FTP\CRM 2x4\obj\Release\Crm.UI.frmParametersTaskList.resources <-- Kapaz /htdocs/softints/RELEASES/20100520/CLIENT/CRM 2x4/obj/Release Crm.UI.frmParametersTaskList.resources
2010.07.27 22:47 B E:\PRODUCCION\CRM\RELEASES\20100520\CLIENT_FTP\CRM 2x4\obj\Release\Crm.UI.frmParametersTaskSummary.resources <-- Kapaz /htdocs/softints/RELEASES/20100520/CLIENT/CRM 2x4/obj/Release Crm.UI.frmParametersTaskSummary.resources
2010.07.27 22:47 B E:\PRODUCCION\CRM\RELEASES\20100520\CLIENT_FTP\CRM 2x4\obj\Release\Crm.UI.frmRelation.resources <-- Kapaz /htdocs/softints/RELEASES/20100520/CLIENT/CRM 2x4/obj/Release Crm.UI.frmRelation.resources
2010.07.27 22:47 B E:\PRODUCCION\CRM\RELEASES\20100520\CLIENT_FTP\CRM 2x4\obj\Release\Crm.UI.frmReportFormat.resources <-- Kapaz /htdocs/softints/RELEASES/20100520/CLIENT/CRM 2x4/obj/Release Crm.UI.frmReportFormat.resources
2010.07.27 22:47 B E:\PRODUCCION\CRM\RELEASES\20100520\CLIENT_FTP\CRM 2x4\obj\Release\Crm.UI.frmReportViewer.resources <-- Kapaz /htdocs/softints/RELEASES/20100520/CLIENT/CRM 2x4/obj/Release Crm.UI.frmReportViewer.resources
2010.07.27 22:47 B E:\PRODUCCION\CRM\RELEASES\20100520\CLIENT_FTP\CRM 2x4\obj\Release\Crm.UI.frmSearch.resources <-- Kapaz /htdocs/softints/RELEASES/20100520/CLIENT/CRM 2x4/obj/Release Crm.UI.frmSearch.resources
2010.07.27 22:47 B E:\PRODUCCION\CRM\RELEASES\20100520\CLIENT_FTP\CRM 2x4\obj\Release\Crm.UI.frmTask.resources <-- Kapaz /htdocs/softints/RELEASES/20100520/CLIENT/CRM 2x4/obj/Release Crm.UI.frmTask.resources
2010.07.27 22:47 B E:\PRODUCCION\CRM\RELEASES\20100520\CLIENT_FTP\CRM 2x4\obj\Release\Crm.UI.frmTypes.resources <-- Kapaz /htdocs/softints/RELEASES/20100520/CLIENT/CRM 2x4/obj/Release Crm.UI.frmTypes.resources
2010.07.27 22:47 B E:\PRODUCCION\CRM\RELEASES\20100520\CLIENT_FTP\CRM 2x4\obj\Release\Crm.UI.GridView.resources <-- Kapaz /htdocs/softints/RELEASES/20100520/CLIENT/CRM 2x4/obj/Release Crm.UI.GridView.resources
2010.07.27 22:47 B E:\PRODUCCION\CRM\RELEASES\20100520\CLIENT_FTP\CRM 2x4\obj\Release\Crm.UI.Resources.resources <-- Kapaz /htdocs/softints/RELEASES/20100520/CLIENT/CRM 2x4/obj/Release Crm.UI.Resources.resources
2010.07.27 22:47 B E:\PRODUCCION\CRM\RELEASES\20100520\CLIENT_FTP\CRM 2x4\obj\Release\ResolveAssemblyReference.cache <-- Kapaz /htdocs/softints/RELEASES/20100520/CLIENT/CRM 2x4/obj/Release ResolveAssemblyReference.cache
2010.08.05 11:36 B E:\PRODUCCION\CRM\RELEASES\20100520\CLIENT_FTP\CRM 2x4\obj\Release\CRM 2x4.application --> ftp.kapaz.com.ar /htdocs/softints/RELEASES/20100520/CLIENT_FTP/CRM 2x4/obj/Release CRM 2x4.application
2010.08.05 11:37 B E:\PRODUCCION\CRM\RELEASES\20100520\CLIENT_FTP\CRM 2x4\obj\Release\CRM 2x4.exe --> ftp.kapaz.com.ar /htdocs/softints/RELEASES/20100520/CLIENT_FTP/CRM 2x4/obj/Release CRM 2x4.exe
2010.09.03 23:10 B E:\PRODUCCION\CRM\RELEASES\20100520\CLIENT_FTP\CRM 2x4\obj\Release\CRM 2x4.application --> ftp.primogenia.com /public_html/softints/CRM 2x4/obj/Release CRM 2x4.application
2010.09.03 23:15 B E:\PRODUCCION\CRM\RELEASES\20100520\CLIENT_FTP\CRM 2x4\obj\Release\CRM 2x4.exe --> ftp.primogenia.com /public_html/softints/CRM 2x4/obj/Release CRM 2x4.exe
2010.09.03 23:15 B E:\PRODUCCION\CRM\RELEASES\20100520\CLIENT_FTP\CRM 2x4\obj\Release\crm 2x4.exe.licenses --> ftp.primogenia.com /public_html/softints/CRM 2x4/obj/Release crm 2x4.exe.licenses
2010.09.03 23:15 B E:\PRODUCCION\CRM\RELEASES\20100520\CLIENT_FTP\CRM 2x4\obj\Release\CRM 2x4.exe.manifest --> ftp.primogenia.com /public_html/softints/CRM 2x4/obj/Release CRM 2x4.exe.manifest
2010.09.03 23:16 B E:\PRODUCCION\CRM\RELEASES\20100520\CLIENT_FTP\CRM 2x4\obj\Release\CRM 2x4.pdb --> ftp.primogenia.com /public_html/softints/CRM 2x4/obj/Release CRM 2x4.pdb
2010.09.03 23:16 B E:\PRODUCCION\CRM\RELEASES\20100520\CLIENT_FTP\CRM 2x4\obj\Release\CRM 2x4.TrustInfo.xml --> ftp.primogenia.com /public_html/softints/CRM 2x4/obj/Release CRM 2x4.TrustInfo.xml
2010.09.03 23:16 B E:\PRODUCCION\CRM\RELEASES\20100520\CLIENT_FTP\CRM 2x4\obj\Release\CRM 2x4.vbproj.FileListAbsolute.txt --> ftp.primogenia.com /public_html/softints/CRM 2x4/obj/Release CRM 2x4.vbproj.FileListAbsolute.txt
2010.09.03 23:16 B E:\PRODUCCION\CRM\RELEASES\20100520\CLIENT_FTP\CRM 2x4\obj\Release\CRM 2x4.vbproj.GenerateResource.Cache --> ftp.primogenia.com /public_html/softints/CRM 2x4/obj/Release CRM 2x4.vbproj.GenerateResource.Cache
2010.09.03 23:16 B E:\PRODUCCION\CRM\RELEASES\20100520\CLIENT_FTP\CRM 2x4\obj\Release\Crm.UI.frmAlert.resources --> ftp.primogenia.com /public_html/softints/CRM 2x4/obj/Release Crm.UI.frmAlert.resources
2010.09.03 23:16 B E:\PRODUCCION\CRM\RELEASES\20100520\CLIENT_FTP\CRM 2x4\obj\Release\Crm.UI.frmAlerts.resources --> ftp.primogenia.com /public_html/softints/CRM 2x4/obj/Release Crm.UI.frmAlerts.resources
2010.09.03 23:17 B E:\PRODUCCION\CRM\RELEASES\20100520\CLIENT_FTP\CRM 2x4\obj\Release\Crm.UI.frmCompanies.resources --> ftp.primogenia.com /public_html/softints/CRM 2x4/obj/Release Crm.UI.frmCompanies.resources
2010.09.03 23:17 B E:\PRODUCCION\CRM\RELEASES\20100520\CLIENT_FTP\CRM 2x4\obj\Release\Crm.UI.frmContact.resources --> ftp.primogenia.com /public_html/softints/CRM 2x4/obj/Release Crm.UI.frmContact.resources
2010.09.03 23:17 B E:\PRODUCCION\CRM\RELEASES\20100520\CLIENT_FTP\CRM 2x4\obj\Release\Crm.UI.frmCustomer.resources --> ftp.primogenia.com /public_html/softints/CRM 2x4/obj/Release Crm.UI.frmCustomer.resources
2010.09.03 23:17 B E:\PRODUCCION\CRM\RELEASES\20100520\CLIENT_FTP\CRM 2x4\obj\Release\Crm.UI.frmCustomersDeleted.resources --> ftp.primogenia.com /public_html/softints/CRM 2x4/obj/Release Crm.UI.frmCustomersDeleted.resources
2010.09.03 23:17 B E:\PRODUCCION\CRM\RELEASES\20100520\CLIENT_FTP\CRM 2x4\obj\Release\Crm.UI.frmCustomersToTango.resources --> ftp.primogenia.com /public_html/softints/CRM 2x4/obj/Release Crm.UI.frmCustomersToTango.resources
2010.09.03 23:17 B E:\PRODUCCION\CRM\RELEASES\20100520\CLIENT_FTP\CRM 2x4\obj\Release\Crm.UI.frmDeleteCustomer.resources --> ftp.primogenia.com /public_html/softints/CRM 2x4/obj/Release Crm.UI.frmDeleteCustomer.resources
2010.09.03 23:18 B E:\PRODUCCION\CRM\RELEASES\20100520\CLIENT_FTP\CRM 2x4\obj\Release\Crm.UI.frmEditionAlert.resources --> ftp.primogenia.com /public_html/softints/CRM 2x4/obj/Release Crm.UI.frmEditionAlert.resources
2010.09.03 23:18 B E:\PRODUCCION\CRM\RELEASES\20100520\CLIENT_FTP\CRM 2x4\obj\Release\Crm.UI.frmEditionCustomer.resources --> ftp.primogenia.com /public_html/softints/CRM 2x4/obj/Release Crm.UI.frmEditionCustomer.resources
2010.09.03 23:18 B E:\PRODUCCION\CRM\RELEASES\20100520\CLIENT_FTP\CRM 2x4\obj\Release\Crm.UI.frmEditionTask.resources --> ftp.primogenia.com /public_html/softints/CRM 2x4/obj/Release Crm.UI.frmEditionTask.resources
2010.09.03 23:18 B E:\PRODUCCION\CRM\RELEASES\20100520\CLIENT_FTP\CRM 2x4\obj\Release\Crm.UI.frmEvent.resources --> ftp.primogenia.com /public_html/softints/CRM 2x4/obj/Release Crm.UI.frmEvent.resources
2010.09.03 23:18 B E:\PRODUCCION\CRM\RELEASES\20100520\CLIENT_FTP\CRM 2x4\obj\Release\Crm.UI.frmException.resources --> ftp.primogenia.com /public_html/softints/CRM 2x4/obj/Release Crm.UI.frmException.resources
2010.09.03 23:18 B E:\PRODUCCION\CRM\RELEASES\20100520\CLIENT_FTP\CRM 2x4\obj\Release\Crm.UI.frmExportExcel.resources --> ftp.primogenia.com /public_html/softints/CRM 2x4/obj/Release Crm.UI.frmExportExcel.resources
2010.09.03 23:18 B E:\PRODUCCION\CRM\RELEASES\20100520\CLIENT_FTP\CRM 2x4\obj\Release\Crm.UI.frmExportWord.resources --> ftp.primogenia.com /public_html/softints/CRM 2x4/obj/Release Crm.UI.frmExportWord.resources
2010.09.03 23:19 B E:\PRODUCCION\CRM\RELEASES\20100520\CLIENT_FTP\CRM 2x4\obj\Release\Crm.UI.frmLogin.resources --> ftp.primogenia.com /public_html/softints/CRM 2x4/obj/Release Crm.UI.frmLogin.resources
2010.09.03 23:19 B E:\PRODUCCION\CRM\RELEASES\20100520\CLIENT_FTP\CRM 2x4\obj\Release\Crm.UI.frmMain.resources --> ftp.primogenia.com /public_html/softints/CRM 2x4/obj/Release Crm.UI.frmMain.resources
2010.09.03 23:19 B E:\PRODUCCION\CRM\RELEASES\20100520\CLIENT_FTP\CRM 2x4\obj\Release\Crm.UI.frmParametersCustomersDeleted.resources --> ftp.primogenia.com /public_html/softints/CRM 2x4/obj/Release Crm.UI.frmParametersCustomersDeleted.resources
2010.09.03 23:19 B E:\PRODUCCION\CRM\RELEASES\20100520\CLIENT_FTP\CRM 2x4\obj\Release\Crm.UI.frmParametersCustomersList.resources --> ftp.primogenia.com /public_html/softints/CRM 2x4/obj/Release Crm.UI.frmParametersCustomersList.resources
2010.09.03 23:19 B E:\PRODUCCION\CRM\RELEASES\20100520\CLIENT_FTP\CRM 2x4\obj\Release\Crm.UI.frmParametersEventSummary.resources --> ftp.primogenia.com /public_html/softints/CRM 2x4/obj/Release Crm.UI.frmParametersEventSummary.resources
2010.09.03 23:19 B E:\PRODUCCION\CRM\RELEASES\20100520\CLIENT_FTP\CRM 2x4\obj\Release\Crm.UI.frmParametersPotentialCustomersEntry.resources --> ftp.primogenia.com /public_html/softints/CRM 2x4/obj/Release Crm.UI.frmParametersPotentialCustomersEntry.resources
2010.09.03 23:19 B E:\PRODUCCION\CRM\RELEASES\20100520\CLIENT_FTP\CRM 2x4\obj\Release\Crm.UI.frmParametersPotentialToTango.resources --> ftp.primogenia.com /public_html/softints/CRM 2x4/obj/Release Crm.UI.frmParametersPotentialToTango.resources
2010.09.03 23:19 B E:\PRODUCCION\CRM\RELEASES\20100520\CLIENT_FTP\CRM 2x4\obj\Release\Crm.UI.frmParametersTaskDetails.resources --> ftp.primogenia.com /public_html/softints/CRM 2x4/obj/Release Crm.UI.frmParametersTaskDetails.resources
2010.09.03 23:20 B E:\PRODUCCION\CRM\RELEASES\20100520\CLIENT_FTP\CRM 2x4\obj\Release\Crm.UI.frmParametersTaskList.resources --> ftp.primogenia.com /public_html/softints/CRM 2x4/obj/Release Crm.UI.frmParametersTaskList.resources
2010.09.03 23:20 B E:\PRODUCCION\CRM\RELEASES\20100520\CLIENT_FTP\CRM 2x4\obj\Release\Crm.UI.frmParametersTaskSummary.resources --> ftp.primogenia.com /public_html/softints/CRM 2x4/obj/Release Crm.UI.frmParametersTaskSummary.resources
2010.09.03 23:20 B E:\PRODUCCION\CRM\RELEASES\20100520\CLIENT_FTP\CRM 2x4\obj\Release\Crm.UI.frmRelation.resources --> ftp.primogenia.com /public_html/softints/CRM 2x4/obj/Release Crm.UI.frmRelation.resources
2010.09.03 23:20 B E:\PRODUCCION\CRM\RELEASES\20100520\CLIENT_FTP\CRM 2x4\obj\Release\Crm.UI.frmReportFormat.resources --> ftp.primogenia.com /public_html/softints/CRM 2x4/obj/Release Crm.UI.frmReportFormat.resources
2010.09.03 23:20 B E:\PRODUCCION\CRM\RELEASES\20100520\CLIENT_FTP\CRM 2x4\obj\Release\Crm.UI.frmReportViewer.resources --> ftp.primogenia.com /public_html/softints/CRM 2x4/obj/Release Crm.UI.frmReportViewer.resources
2010.09.03 23:20 B E:\PRODUCCION\CRM\RELEASES\20100520\CLIENT_FTP\CRM 2x4\obj\Release\Crm.UI.frmSearch.resources --> ftp.primogenia.com /public_html/softints/CRM 2x4/obj/Release Crm.UI.frmSearch.resources
2010.09.03 23:21 B E:\PRODUCCION\CRM\RELEASES\20100520\CLIENT_FTP\CRM 2x4\obj\Release\Crm.UI.frmTask.resources --> ftp.primogenia.com /public_html/softints/CRM 2x4/obj/Release Crm.UI.frmTask.resources
2010.09.03 23:21 B E:\PRODUCCION\CRM\RELEASES\20100520\CLIENT_FTP\CRM 2x4\obj\Release\Crm.UI.frmTypes.resources --> ftp.primogenia.com /public_html/softints/CRM 2x4/obj/Release Crm.UI.frmTypes.resources
2010.09.03 23:21 B E:\PRODUCCION\CRM\RELEASES\20100520\CLIENT_FTP\CRM 2x4\obj\Release\Crm.UI.GridView.resources --> ftp.primogenia.com /public_html/softints/CRM 2x4/obj/Release Crm.UI.GridView.resources
2010.09.03 23:22 B E:\PRODUCCION\CRM\RELEASES\20100520\CLIENT_FTP\CRM 2x4\obj\Release\Crm.UI.Resources.resources --> ftp.primogenia.com /public_html/softints/CRM 2x4/obj/Release Crm.UI.Resources.resources
2010.09.03 23:22 B E:\PRODUCCION\CRM\RELEASES\20100520\CLIENT_FTP\CRM 2x4\obj\Release\ResolveAssemblyReference.cache --> ftp.primogenia.com /public_html/softints/CRM 2x4/obj/Release ResolveAssemblyReference.cache
2010.09.03 23:22 B E:\PRODUCCION\CRM\RELEASES\20100520\CLIENT_FTP\CRM 2x4\obj\Release\WS_FTP.LOG --> ftp.primogenia.com /public_html/softints/CRM 2x4/obj/Release WS_FTP.LOG
