2010.07.15 14:30 B E:\PRODUCCION\CRM\RELEASES\20100520\ADMIN\CRM Admin\Resources\accept.png --> ftp.kapaz.com.ar /htdocs/softints/RELEASES/20100520/ADMIN/CRM Admin/Resources accept.png
2010.07.15 14:30 B E:\PRODUCCION\CRM\RELEASES\20100520\ADMIN\CRM Admin\Resources\add.png --> ftp.kapaz.com.ar /htdocs/softints/RELEASES/20100520/ADMIN/CRM Admin/Resources add.png
2010.07.15 14:30 B E:\PRODUCCION\CRM\RELEASES\20100520\ADMIN\CRM Admin\Resources\Back.png --> ftp.kapaz.com.ar /htdocs/softints/RELEASES/20100520/ADMIN/CRM Admin/Resources Back.png
2010.07.15 14:30 B E:\PRODUCCION\CRM\RELEASES\20100520\ADMIN\CRM Admin\Resources\Cancel.png --> ftp.kapaz.com.ar /htdocs/softints/RELEASES/20100520/ADMIN/CRM Admin/Resources Cancel.png
2010.07.15 14:30 B E:\PRODUCCION\CRM\RELEASES\20100520\ADMIN\CRM Admin\Resources\CompanyDisabled.png --> ftp.kapaz.com.ar /htdocs/softints/RELEASES/20100520/ADMIN/CRM Admin/Resources CompanyDisabled.png
2010.07.15 14:30 B E:\PRODUCCION\CRM\RELEASES\20100520\ADMIN\CRM Admin\Resources\Companyenabled.png --> ftp.kapaz.com.ar /htdocs/softints/RELEASES/20100520/ADMIN/CRM Admin/Resources Companyenabled.png
2010.07.15 14:30 B E:\PRODUCCION\CRM\RELEASES\20100520\ADMIN\CRM Admin\Resources\customer.png --> ftp.kapaz.com.ar /htdocs/softints/RELEASES/20100520/ADMIN/CRM Admin/Resources customer.png
2010.07.15 14:30 B E:\PRODUCCION\CRM\RELEASES\20100520\ADMIN\CRM Admin\Resources\database.png --> ftp.kapaz.com.ar /htdocs/softints/RELEASES/20100520/ADMIN/CRM Admin/Resources database.png
2010.07.15 14:30 B E:\PRODUCCION\CRM\RELEASES\20100520\ADMIN\CRM Admin\Resources\delete.png --> ftp.kapaz.com.ar /htdocs/softints/RELEASES/20100520/ADMIN/CRM Admin/Resources delete.png
2010.07.15 14:30 B E:\PRODUCCION\CRM\RELEASES\20100520\ADMIN\CRM Admin\Resources\First.png --> ftp.kapaz.com.ar /htdocs/softints/RELEASES/20100520/ADMIN/CRM Admin/Resources First.png
2010.07.15 14:30 B E:\PRODUCCION\CRM\RELEASES\20100520\ADMIN\CRM Admin\Resources\Icon.ico --> ftp.kapaz.com.ar /htdocs/softints/RELEASES/20100520/ADMIN/CRM Admin/Resources Icon.ico
2010.07.15 14:30 B E:\PRODUCCION\CRM\RELEASES\20100520\ADMIN\CRM Admin\Resources\Key.png --> ftp.kapaz.com.ar /htdocs/softints/RELEASES/20100520/ADMIN/CRM Admin/Resources Key.png
2010.07.15 14:30 B E:\PRODUCCION\CRM\RELEASES\20100520\ADMIN\CRM Admin\Resources\Last.png --> ftp.kapaz.com.ar /htdocs/softints/RELEASES/20100520/ADMIN/CRM Admin/Resources Last.png
2010.07.15 14:30 B E:\PRODUCCION\CRM\RELEASES\20100520\ADMIN\CRM Admin\Resources\List.png --> ftp.kapaz.com.ar /htdocs/softints/RELEASES/20100520/ADMIN/CRM Admin/Resources List.png
2010.07.15 14:30 B E:\PRODUCCION\CRM\RELEASES\20100520\ADMIN\CRM Admin\Resources\lock.png --> ftp.kapaz.com.ar /htdocs/softints/RELEASES/20100520/ADMIN/CRM Admin/Resources lock.png
2010.07.15 14:30 B E:\PRODUCCION\CRM\RELEASES\20100520\ADMIN\CRM Admin\Resources\mail_info.png --> ftp.kapaz.com.ar /htdocs/softints/RELEASES/20100520/ADMIN/CRM Admin/Resources mail_info.png
2010.07.15 14:30 B E:\PRODUCCION\CRM\RELEASES\20100520\ADMIN\CRM Admin\Resources\next.png --> ftp.kapaz.com.ar /htdocs/softints/RELEASES/20100520/ADMIN/CRM Admin/Resources next.png
2010.07.15 14:30 B E:\PRODUCCION\CRM\RELEASES\20100520\ADMIN\CRM Admin\Resources\permissions.png --> ftp.kapaz.com.ar /htdocs/softints/RELEASES/20100520/ADMIN/CRM Admin/Resources permissions.png
2010.07.15 14:30 B E:\PRODUCCION\CRM\RELEASES\20100520\ADMIN\CRM Admin\Resources\previous.png --> ftp.kapaz.com.ar /htdocs/softints/RELEASES/20100520/ADMIN/CRM Admin/Resources previous.png
2010.07.15 14:30 B E:\PRODUCCION\CRM\RELEASES\20100520\ADMIN\CRM Admin\Resources\search.png --> ftp.kapaz.com.ar /htdocs/softints/RELEASES/20100520/ADMIN/CRM Admin/Resources search.png
2010.07.15 14:30 B E:\PRODUCCION\CRM\RELEASES\20100520\ADMIN\CRM Admin\Resources\Thumbs.db --> ftp.kapaz.com.ar /htdocs/softints/RELEASES/20100520/ADMIN/CRM Admin/Resources Thumbs.db
2010.07.15 14:30 B E:\PRODUCCION\CRM\RELEASES\20100520\ADMIN\CRM Admin\Resources\up.png --> ftp.kapaz.com.ar /htdocs/softints/RELEASES/20100520/ADMIN/CRM Admin/Resources up.png
2010.07.15 14:30 B E:\PRODUCCION\CRM\RELEASES\20100520\ADMIN\CRM Admin\Resources\users.png --> ftp.kapaz.com.ar /htdocs/softints/RELEASES/20100520/ADMIN/CRM Admin/Resources users.png
