2010.07.27 22:45 B E:\PRODUCCION\CRM\RELEASES\20100520\CLIENT_FTP\CRM 2x4\Forms\frmAlert.Designer.vb <-- Kapaz /htdocs/softints/RELEASES/20100520/CLIENT/CRM 2x4/Forms frmAlert.Designer.vb
2010.07.27 22:45 B E:\PRODUCCION\CRM\RELEASES\20100520\CLIENT_FTP\CRM 2x4\Forms\frmAlert.resx <-- Kapaz /htdocs/softints/RELEASES/20100520/CLIENT/CRM 2x4/Forms frmAlert.resx
2010.07.27 22:45 B E:\PRODUCCION\CRM\RELEASES\20100520\CLIENT_FTP\CRM 2x4\Forms\frmAlert.vb <-- Kapaz /htdocs/softints/RELEASES/20100520/CLIENT/CRM 2x4/Forms frmAlert.vb
2010.07.27 22:45 B E:\PRODUCCION\CRM\RELEASES\20100520\CLIENT_FTP\CRM 2x4\Forms\frmAlerts.Designer.vb <-- Kapaz /htdocs/softints/RELEASES/20100520/CLIENT/CRM 2x4/Forms frmAlerts.Designer.vb
2010.07.27 22:45 B E:\PRODUCCION\CRM\RELEASES\20100520\CLIENT_FTP\CRM 2x4\Forms\frmAlerts.resx <-- Kapaz /htdocs/softints/RELEASES/20100520/CLIENT/CRM 2x4/Forms frmAlerts.resx
2010.07.27 22:45 B E:\PRODUCCION\CRM\RELEASES\20100520\CLIENT_FTP\CRM 2x4\Forms\frmAlerts.vb <-- Kapaz /htdocs/softints/RELEASES/20100520/CLIENT/CRM 2x4/Forms frmAlerts.vb
2010.07.27 22:45 B E:\PRODUCCION\CRM\RELEASES\20100520\CLIENT_FTP\CRM 2x4\Forms\frmCompanies.Designer.vb <-- Kapaz /htdocs/softints/RELEASES/20100520/CLIENT/CRM 2x4/Forms frmCompanies.Designer.vb
2010.07.27 22:45 B E:\PRODUCCION\CRM\RELEASES\20100520\CLIENT_FTP\CRM 2x4\Forms\frmCompanies.resx <-- Kapaz /htdocs/softints/RELEASES/20100520/CLIENT/CRM 2x4/Forms frmCompanies.resx
2010.07.27 22:45 B E:\PRODUCCION\CRM\RELEASES\20100520\CLIENT_FTP\CRM 2x4\Forms\frmCompanies.vb <-- Kapaz /htdocs/softints/RELEASES/20100520/CLIENT/CRM 2x4/Forms frmCompanies.vb
2010.07.27 22:45 B E:\PRODUCCION\CRM\RELEASES\20100520\CLIENT_FTP\CRM 2x4\Forms\frmContact.designer.vb <-- Kapaz /htdocs/softints/RELEASES/20100520/CLIENT/CRM 2x4/Forms frmContact.designer.vb
2010.07.27 22:45 B E:\PRODUCCION\CRM\RELEASES\20100520\CLIENT_FTP\CRM 2x4\Forms\frmContact.resx <-- Kapaz /htdocs/softints/RELEASES/20100520/CLIENT/CRM 2x4/Forms frmContact.resx
2010.07.27 22:45 B E:\PRODUCCION\CRM\RELEASES\20100520\CLIENT_FTP\CRM 2x4\Forms\frmContact.vb <-- Kapaz /htdocs/softints/RELEASES/20100520/CLIENT/CRM 2x4/Forms frmContact.vb
2010.07.27 22:45 B E:\PRODUCCION\CRM\RELEASES\20100520\CLIENT_FTP\CRM 2x4\Forms\frmCustomer.designer.vb <-- Kapaz /htdocs/softints/RELEASES/20100520/CLIENT/CRM 2x4/Forms frmCustomer.designer.vb
2010.07.27 22:45 B E:\PRODUCCION\CRM\RELEASES\20100520\CLIENT_FTP\CRM 2x4\Forms\frmCustomer.resx <-- Kapaz /htdocs/softints/RELEASES/20100520/CLIENT/CRM 2x4/Forms frmCustomer.resx
2010.07.27 22:45 B E:\PRODUCCION\CRM\RELEASES\20100520\CLIENT_FTP\CRM 2x4\Forms\frmCustomer.vb <-- Kapaz /htdocs/softints/RELEASES/20100520/CLIENT/CRM 2x4/Forms frmCustomer.vb
2010.07.27 22:45 B E:\PRODUCCION\CRM\RELEASES\20100520\CLIENT_FTP\CRM 2x4\Forms\frmCustomersDeleted.Designer.vb <-- Kapaz /htdocs/softints/RELEASES/20100520/CLIENT/CRM 2x4/Forms frmCustomersDeleted.Designer.vb
2010.07.27 22:45 B E:\PRODUCCION\CRM\RELEASES\20100520\CLIENT_FTP\CRM 2x4\Forms\frmCustomersDeleted.resx <-- Kapaz /htdocs/softints/RELEASES/20100520/CLIENT/CRM 2x4/Forms frmCustomersDeleted.resx
2010.07.27 22:45 B E:\PRODUCCION\CRM\RELEASES\20100520\CLIENT_FTP\CRM 2x4\Forms\frmCustomersDeleted.vb <-- Kapaz /htdocs/softints/RELEASES/20100520/CLIENT/CRM 2x4/Forms frmCustomersDeleted.vb
2010.07.27 22:45 B E:\PRODUCCION\CRM\RELEASES\20100520\CLIENT_FTP\CRM 2x4\Forms\frmCustomersToTango.Designer.vb <-- Kapaz /htdocs/softints/RELEASES/20100520/CLIENT/CRM 2x4/Forms frmCustomersToTango.Designer.vb
2010.07.27 22:45 B E:\PRODUCCION\CRM\RELEASES\20100520\CLIENT_FTP\CRM 2x4\Forms\frmCustomersToTango.resx <-- Kapaz /htdocs/softints/RELEASES/20100520/CLIENT/CRM 2x4/Forms frmCustomersToTango.resx
2010.07.27 22:45 B E:\PRODUCCION\CRM\RELEASES\20100520\CLIENT_FTP\CRM 2x4\Forms\frmCustomersToTango.vb <-- Kapaz /htdocs/softints/RELEASES/20100520/CLIENT/CRM 2x4/Forms frmCustomersToTango.vb
2010.07.27 22:45 B E:\PRODUCCION\CRM\RELEASES\20100520\CLIENT_FTP\CRM 2x4\Forms\frmDeleteCustomer.Designer.vb <-- Kapaz /htdocs/softints/RELEASES/20100520/CLIENT/CRM 2x4/Forms frmDeleteCustomer.Designer.vb
2010.07.27 22:45 B E:\PRODUCCION\CRM\RELEASES\20100520\CLIENT_FTP\CRM 2x4\Forms\frmDeleteCustomer.resx <-- Kapaz /htdocs/softints/RELEASES/20100520/CLIENT/CRM 2x4/Forms frmDeleteCustomer.resx
2010.07.27 22:45 B E:\PRODUCCION\CRM\RELEASES\20100520\CLIENT_FTP\CRM 2x4\Forms\frmDeleteCustomer.vb <-- Kapaz /htdocs/softints/RELEASES/20100520/CLIENT/CRM 2x4/Forms frmDeleteCustomer.vb
2010.07.27 22:45 B E:\PRODUCCION\CRM\RELEASES\20100520\CLIENT_FTP\CRM 2x4\Forms\frmEditionAlert.Designer.vb <-- Kapaz /htdocs/softints/RELEASES/20100520/CLIENT/CRM 2x4/Forms frmEditionAlert.Designer.vb
2010.07.27 22:45 B E:\PRODUCCION\CRM\RELEASES\20100520\CLIENT_FTP\CRM 2x4\Forms\frmEditionAlert.resx <-- Kapaz /htdocs/softints/RELEASES/20100520/CLIENT/CRM 2x4/Forms frmEditionAlert.resx
2010.07.27 22:45 B E:\PRODUCCION\CRM\RELEASES\20100520\CLIENT_FTP\CRM 2x4\Forms\frmEditionAlert.vb <-- Kapaz /htdocs/softints/RELEASES/20100520/CLIENT/CRM 2x4/Forms frmEditionAlert.vb
2010.07.27 22:45 B E:\PRODUCCION\CRM\RELEASES\20100520\CLIENT_FTP\CRM 2x4\Forms\frmEditionCustomer.Designer.vb <-- Kapaz /htdocs/softints/RELEASES/20100520/CLIENT/CRM 2x4/Forms frmEditionCustomer.Designer.vb
2010.07.27 22:45 B E:\PRODUCCION\CRM\RELEASES\20100520\CLIENT_FTP\CRM 2x4\Forms\frmEditionCustomer.resx <-- Kapaz /htdocs/softints/RELEASES/20100520/CLIENT/CRM 2x4/Forms frmEditionCustomer.resx
2010.07.27 22:45 B E:\PRODUCCION\CRM\RELEASES\20100520\CLIENT_FTP\CRM 2x4\Forms\frmEditionCustomer.vb <-- Kapaz /htdocs/softints/RELEASES/20100520/CLIENT/CRM 2x4/Forms frmEditionCustomer.vb
2010.07.27 22:45 B E:\PRODUCCION\CRM\RELEASES\20100520\CLIENT_FTP\CRM 2x4\Forms\frmEditionTask.Designer.vb <-- Kapaz /htdocs/softints/RELEASES/20100520/CLIENT/CRM 2x4/Forms frmEditionTask.Designer.vb
2010.07.27 22:45 B E:\PRODUCCION\CRM\RELEASES\20100520\CLIENT_FTP\CRM 2x4\Forms\frmEditionTask.resx <-- Kapaz /htdocs/softints/RELEASES/20100520/CLIENT/CRM 2x4/Forms frmEditionTask.resx
2010.07.27 22:45 B E:\PRODUCCION\CRM\RELEASES\20100520\CLIENT_FTP\CRM 2x4\Forms\frmEditionTask.vb <-- Kapaz /htdocs/softints/RELEASES/20100520/CLIENT/CRM 2x4/Forms frmEditionTask.vb
2010.07.27 22:45 B E:\PRODUCCION\CRM\RELEASES\20100520\CLIENT_FTP\CRM 2x4\Forms\frmEvent.Designer.vb <-- Kapaz /htdocs/softints/RELEASES/20100520/CLIENT/CRM 2x4/Forms frmEvent.Designer.vb
2010.07.27 22:45 B E:\PRODUCCION\CRM\RELEASES\20100520\CLIENT_FTP\CRM 2x4\Forms\frmEvent.resx <-- Kapaz /htdocs/softints/RELEASES/20100520/CLIENT/CRM 2x4/Forms frmEvent.resx
2010.07.27 22:45 B E:\PRODUCCION\CRM\RELEASES\20100520\CLIENT_FTP\CRM 2x4\Forms\frmEvent.vb <-- Kapaz /htdocs/softints/RELEASES/20100520/CLIENT/CRM 2x4/Forms frmEvent.vb
2010.07.27 22:45 B E:\PRODUCCION\CRM\RELEASES\20100520\CLIENT_FTP\CRM 2x4\Forms\frmException.Designer.vb <-- Kapaz /htdocs/softints/RELEASES/20100520/CLIENT/CRM 2x4/Forms frmException.Designer.vb
2010.07.27 22:45 B E:\PRODUCCION\CRM\RELEASES\20100520\CLIENT_FTP\CRM 2x4\Forms\frmException.resx <-- Kapaz /htdocs/softints/RELEASES/20100520/CLIENT/CRM 2x4/Forms frmException.resx
2010.07.27 22:45 B E:\PRODUCCION\CRM\RELEASES\20100520\CLIENT_FTP\CRM 2x4\Forms\frmException.vb <-- Kapaz /htdocs/softints/RELEASES/20100520/CLIENT/CRM 2x4/Forms frmException.vb
2010.07.27 22:45 B E:\PRODUCCION\CRM\RELEASES\20100520\CLIENT_FTP\CRM 2x4\Forms\frmLogin.designer.vb <-- Kapaz /htdocs/softints/RELEASES/20100520/CLIENT/CRM 2x4/Forms frmLogin.designer.vb
2010.07.27 22:45 B E:\PRODUCCION\CRM\RELEASES\20100520\CLIENT_FTP\CRM 2x4\Forms\frmLogin.resx <-- Kapaz /htdocs/softints/RELEASES/20100520/CLIENT/CRM 2x4/Forms frmLogin.resx
2010.07.27 22:45 B E:\PRODUCCION\CRM\RELEASES\20100520\CLIENT_FTP\CRM 2x4\Forms\frmLogin.vb <-- Kapaz /htdocs/softints/RELEASES/20100520/CLIENT/CRM 2x4/Forms frmLogin.vb
2010.07.27 22:45 B E:\PRODUCCION\CRM\RELEASES\20100520\CLIENT_FTP\CRM 2x4\Forms\frmMain.designer.vb <-- Kapaz /htdocs/softints/RELEASES/20100520/CLIENT/CRM 2x4/Forms frmMain.designer.vb
2010.07.27 22:45 B E:\PRODUCCION\CRM\RELEASES\20100520\CLIENT_FTP\CRM 2x4\Forms\frmMain.resx <-- Kapaz /htdocs/softints/RELEASES/20100520/CLIENT/CRM 2x4/Forms frmMain.resx
2010.07.27 22:45 B E:\PRODUCCION\CRM\RELEASES\20100520\CLIENT_FTP\CRM 2x4\Forms\frmMain.vb <-- Kapaz /htdocs/softints/RELEASES/20100520/CLIENT/CRM 2x4/Forms frmMain.vb
2010.07.27 22:45 B E:\PRODUCCION\CRM\RELEASES\20100520\CLIENT_FTP\CRM 2x4\Forms\frmRelation.Designer.vb <-- Kapaz /htdocs/softints/RELEASES/20100520/CLIENT/CRM 2x4/Forms frmRelation.Designer.vb
2010.07.27 22:45 B E:\PRODUCCION\CRM\RELEASES\20100520\CLIENT_FTP\CRM 2x4\Forms\frmRelation.resx <-- Kapaz /htdocs/softints/RELEASES/20100520/CLIENT/CRM 2x4/Forms frmRelation.resx
2010.07.27 22:45 B E:\PRODUCCION\CRM\RELEASES\20100520\CLIENT_FTP\CRM 2x4\Forms\frmRelation.vb <-- Kapaz /htdocs/softints/RELEASES/20100520/CLIENT/CRM 2x4/Forms frmRelation.vb
2010.07.27 22:45 B E:\PRODUCCION\CRM\RELEASES\20100520\CLIENT_FTP\CRM 2x4\Forms\frmSearch.Designer.vb <-- Kapaz /htdocs/softints/RELEASES/20100520/CLIENT/CRM 2x4/Forms frmSearch.Designer.vb
2010.07.27 22:45 B E:\PRODUCCION\CRM\RELEASES\20100520\CLIENT_FTP\CRM 2x4\Forms\frmSearch.resx <-- Kapaz /htdocs/softints/RELEASES/20100520/CLIENT/CRM 2x4/Forms frmSearch.resx
2010.07.27 22:45 B E:\PRODUCCION\CRM\RELEASES\20100520\CLIENT_FTP\CRM 2x4\Forms\frmSearch.vb <-- Kapaz /htdocs/softints/RELEASES/20100520/CLIENT/CRM 2x4/Forms frmSearch.vb
2010.07.27 22:45 B E:\PRODUCCION\CRM\RELEASES\20100520\CLIENT_FTP\CRM 2x4\Forms\frmTask.Designer.vb <-- Kapaz /htdocs/softints/RELEASES/20100520/CLIENT/CRM 2x4/Forms frmTask.Designer.vb
2010.07.27 22:45 B E:\PRODUCCION\CRM\RELEASES\20100520\CLIENT_FTP\CRM 2x4\Forms\frmTask.resx <-- Kapaz /htdocs/softints/RELEASES/20100520/CLIENT/CRM 2x4/Forms frmTask.resx
2010.07.27 22:45 B E:\PRODUCCION\CRM\RELEASES\20100520\CLIENT_FTP\CRM 2x4\Forms\frmTask.vb <-- Kapaz /htdocs/softints/RELEASES/20100520/CLIENT/CRM 2x4/Forms frmTask.vb
2010.07.27 22:45 B E:\PRODUCCION\CRM\RELEASES\20100520\CLIENT_FTP\CRM 2x4\Forms\frmTypes.designer.vb <-- Kapaz /htdocs/softints/RELEASES/20100520/CLIENT/CRM 2x4/Forms frmTypes.designer.vb
2010.07.27 22:45 B E:\PRODUCCION\CRM\RELEASES\20100520\CLIENT_FTP\CRM 2x4\Forms\frmTypes.resx <-- Kapaz /htdocs/softints/RELEASES/20100520/CLIENT/CRM 2x4/Forms frmTypes.resx
2010.07.27 22:45 B E:\PRODUCCION\CRM\RELEASES\20100520\CLIENT_FTP\CRM 2x4\Forms\frmTypes.vb <-- Kapaz /htdocs/softints/RELEASES/20100520/CLIENT/CRM 2x4/Forms frmTypes.vb
2010.07.27 22:45 B E:\PRODUCCION\CRM\RELEASES\20100520\CLIENT_FTP\CRM 2x4\Forms\GridView.Designer.vb <-- Kapaz /htdocs/softints/RELEASES/20100520/CLIENT/CRM 2x4/Forms GridView.Designer.vb
2010.07.27 22:45 B E:\PRODUCCION\CRM\RELEASES\20100520\CLIENT_FTP\CRM 2x4\Forms\GridView.resx <-- Kapaz /htdocs/softints/RELEASES/20100520/CLIENT/CRM 2x4/Forms GridView.resx
2010.07.27 22:45 B E:\PRODUCCION\CRM\RELEASES\20100520\CLIENT_FTP\CRM 2x4\Forms\GridView.vb <-- Kapaz /htdocs/softints/RELEASES/20100520/CLIENT/CRM 2x4/Forms GridView.vb
2010.08.05 11:09 B E:\PRODUCCION\CRM\RELEASES\20100520\CLIENT_FTP\CRM 2x4\Forms\frmAlert.Designer.vb --> ftp.kapaz.com.ar /htdocs/softints/RELEASES/20100520/CLIENT_FTP/CRM 2x4/Forms frmAlert.Designer.vb
2010.08.05 11:09 B E:\PRODUCCION\CRM\RELEASES\20100520\CLIENT_FTP\CRM 2x4\Forms\frmAlert.resx --> ftp.kapaz.com.ar /htdocs/softints/RELEASES/20100520/CLIENT_FTP/CRM 2x4/Forms frmAlert.resx
2010.08.05 11:09 B E:\PRODUCCION\CRM\RELEASES\20100520\CLIENT_FTP\CRM 2x4\Forms\frmAlert.vb --> ftp.kapaz.com.ar /htdocs/softints/RELEASES/20100520/CLIENT_FTP/CRM 2x4/Forms frmAlert.vb
2010.08.05 11:09 B E:\PRODUCCION\CRM\RELEASES\20100520\CLIENT_FTP\CRM 2x4\Forms\frmAlerts.Designer.vb --> ftp.kapaz.com.ar /htdocs/softints/RELEASES/20100520/CLIENT_FTP/CRM 2x4/Forms frmAlerts.Designer.vb
2010.08.05 11:09 B E:\PRODUCCION\CRM\RELEASES\20100520\CLIENT_FTP\CRM 2x4\Forms\frmAlerts.resx --> ftp.kapaz.com.ar /htdocs/softints/RELEASES/20100520/CLIENT_FTP/CRM 2x4/Forms frmAlerts.resx
2010.08.05 11:09 B E:\PRODUCCION\CRM\RELEASES\20100520\CLIENT_FTP\CRM 2x4\Forms\frmAlerts.vb --> ftp.kapaz.com.ar /htdocs/softints/RELEASES/20100520/CLIENT_FTP/CRM 2x4/Forms frmAlerts.vb
2010.08.05 11:09 B E:\PRODUCCION\CRM\RELEASES\20100520\CLIENT_FTP\CRM 2x4\Forms\frmCompanies.Designer.vb --> ftp.kapaz.com.ar /htdocs/softints/RELEASES/20100520/CLIENT_FTP/CRM 2x4/Forms frmCompanies.Designer.vb
2010.08.05 11:09 B E:\PRODUCCION\CRM\RELEASES\20100520\CLIENT_FTP\CRM 2x4\Forms\frmCompanies.resx --> ftp.kapaz.com.ar /htdocs/softints/RELEASES/20100520/CLIENT_FTP/CRM 2x4/Forms frmCompanies.resx
2010.08.05 11:09 B E:\PRODUCCION\CRM\RELEASES\20100520\CLIENT_FTP\CRM 2x4\Forms\frmCompanies.vb --> ftp.kapaz.com.ar /htdocs/softints/RELEASES/20100520/CLIENT_FTP/CRM 2x4/Forms frmCompanies.vb
2010.08.05 11:09 B E:\PRODUCCION\CRM\RELEASES\20100520\CLIENT_FTP\CRM 2x4\Forms\frmContact.designer.vb --> ftp.kapaz.com.ar /htdocs/softints/RELEASES/20100520/CLIENT_FTP/CRM 2x4/Forms frmContact.designer.vb
2010.08.05 11:10 B E:\PRODUCCION\CRM\RELEASES\20100520\CLIENT_FTP\CRM 2x4\Forms\frmContact.resx --> ftp.kapaz.com.ar /htdocs/softints/RELEASES/20100520/CLIENT_FTP/CRM 2x4/Forms frmContact.resx
2010.08.05 11:10 B E:\PRODUCCION\CRM\RELEASES\20100520\CLIENT_FTP\CRM 2x4\Forms\frmContact.vb --> ftp.kapaz.com.ar /htdocs/softints/RELEASES/20100520/CLIENT_FTP/CRM 2x4/Forms frmContact.vb
2010.08.05 11:10 B E:\PRODUCCION\CRM\RELEASES\20100520\CLIENT_FTP\CRM 2x4\Forms\frmCustomer.designer.vb --> ftp.kapaz.com.ar /htdocs/softints/RELEASES/20100520/CLIENT_FTP/CRM 2x4/Forms frmCustomer.designer.vb
2010.08.05 11:10 B E:\PRODUCCION\CRM\RELEASES\20100520\CLIENT_FTP\CRM 2x4\Forms\frmCustomer.resx --> ftp.kapaz.com.ar /htdocs/softints/RELEASES/20100520/CLIENT_FTP/CRM 2x4/Forms frmCustomer.resx
2010.08.05 11:10 B E:\PRODUCCION\CRM\RELEASES\20100520\CLIENT_FTP\CRM 2x4\Forms\frmCustomer.vb --> ftp.kapaz.com.ar /htdocs/softints/RELEASES/20100520/CLIENT_FTP/CRM 2x4/Forms frmCustomer.vb
2010.08.05 11:10 B E:\PRODUCCION\CRM\RELEASES\20100520\CLIENT_FTP\CRM 2x4\Forms\frmCustomersDeleted.Designer.vb --> ftp.kapaz.com.ar /htdocs/softints/RELEASES/20100520/CLIENT_FTP/CRM 2x4/Forms frmCustomersDeleted.Designer.vb
2010.08.05 11:10 B E:\PRODUCCION\CRM\RELEASES\20100520\CLIENT_FTP\CRM 2x4\Forms\frmCustomersDeleted.resx --> ftp.kapaz.com.ar /htdocs/softints/RELEASES/20100520/CLIENT_FTP/CRM 2x4/Forms frmCustomersDeleted.resx
2010.08.05 11:10 B E:\PRODUCCION\CRM\RELEASES\20100520\CLIENT_FTP\CRM 2x4\Forms\frmCustomersDeleted.vb --> ftp.kapaz.com.ar /htdocs/softints/RELEASES/20100520/CLIENT_FTP/CRM 2x4/Forms frmCustomersDeleted.vb
2010.08.05 11:10 B E:\PRODUCCION\CRM\RELEASES\20100520\CLIENT_FTP\CRM 2x4\Forms\frmCustomersToTango.Designer.vb --> ftp.kapaz.com.ar /htdocs/softints/RELEASES/20100520/CLIENT_FTP/CRM 2x4/Forms frmCustomersToTango.Designer.vb
2010.08.05 11:11 B E:\PRODUCCION\CRM\RELEASES\20100520\CLIENT_FTP\CRM 2x4\Forms\frmCustomersToTango.resx --> ftp.kapaz.com.ar /htdocs/softints/RELEASES/20100520/CLIENT_FTP/CRM 2x4/Forms frmCustomersToTango.resx
2010.08.05 11:11 B E:\PRODUCCION\CRM\RELEASES\20100520\CLIENT_FTP\CRM 2x4\Forms\frmCustomersToTango.vb --> ftp.kapaz.com.ar /htdocs/softints/RELEASES/20100520/CLIENT_FTP/CRM 2x4/Forms frmCustomersToTango.vb
2010.08.05 11:11 B E:\PRODUCCION\CRM\RELEASES\20100520\CLIENT_FTP\CRM 2x4\Forms\frmDeleteCustomer.Designer.vb --> ftp.kapaz.com.ar /htdocs/softints/RELEASES/20100520/CLIENT_FTP/CRM 2x4/Forms frmDeleteCustomer.Designer.vb
2010.08.05 11:11 B E:\PRODUCCION\CRM\RELEASES\20100520\CLIENT_FTP\CRM 2x4\Forms\frmDeleteCustomer.resx --> ftp.kapaz.com.ar /htdocs/softints/RELEASES/20100520/CLIENT_FTP/CRM 2x4/Forms frmDeleteCustomer.resx
2010.08.05 11:11 B E:\PRODUCCION\CRM\RELEASES\20100520\CLIENT_FTP\CRM 2x4\Forms\frmDeleteCustomer.vb --> ftp.kapaz.com.ar /htdocs/softints/RELEASES/20100520/CLIENT_FTP/CRM 2x4/Forms frmDeleteCustomer.vb
2010.08.05 11:11 B E:\PRODUCCION\CRM\RELEASES\20100520\CLIENT_FTP\CRM 2x4\Forms\frmEditionAlert.Designer.vb --> ftp.kapaz.com.ar /htdocs/softints/RELEASES/20100520/CLIENT_FTP/CRM 2x4/Forms frmEditionAlert.Designer.vb
2010.08.05 11:11 B E:\PRODUCCION\CRM\RELEASES\20100520\CLIENT_FTP\CRM 2x4\Forms\frmEditionAlert.resx --> ftp.kapaz.com.ar /htdocs/softints/RELEASES/20100520/CLIENT_FTP/CRM 2x4/Forms frmEditionAlert.resx
2010.08.05 11:11 B E:\PRODUCCION\CRM\RELEASES\20100520\CLIENT_FTP\CRM 2x4\Forms\frmEditionAlert.vb --> ftp.kapaz.com.ar /htdocs/softints/RELEASES/20100520/CLIENT_FTP/CRM 2x4/Forms frmEditionAlert.vb
2010.08.05 11:11 B E:\PRODUCCION\CRM\RELEASES\20100520\CLIENT_FTP\CRM 2x4\Forms\frmEditionCustomer.Designer.vb --> ftp.kapaz.com.ar /htdocs/softints/RELEASES/20100520/CLIENT_FTP/CRM 2x4/Forms frmEditionCustomer.Designer.vb
2010.08.05 11:12 B E:\PRODUCCION\CRM\RELEASES\20100520\CLIENT_FTP\CRM 2x4\Forms\frmEditionCustomer.resx --> ftp.kapaz.com.ar /htdocs/softints/RELEASES/20100520/CLIENT_FTP/CRM 2x4/Forms frmEditionCustomer.resx
2010.08.05 11:12 B E:\PRODUCCION\CRM\RELEASES\20100520\CLIENT_FTP\CRM 2x4\Forms\frmEditionCustomer.vb --> ftp.kapaz.com.ar /htdocs/softints/RELEASES/20100520/CLIENT_FTP/CRM 2x4/Forms frmEditionCustomer.vb
2010.08.05 11:12 B E:\PRODUCCION\CRM\RELEASES\20100520\CLIENT_FTP\CRM 2x4\Forms\frmEditionTask.Designer.vb --> ftp.kapaz.com.ar /htdocs/softints/RELEASES/20100520/CLIENT_FTP/CRM 2x4/Forms frmEditionTask.Designer.vb
2010.08.05 11:12 B E:\PRODUCCION\CRM\RELEASES\20100520\CLIENT_FTP\CRM 2x4\Forms\frmEditionTask.resx --> ftp.kapaz.com.ar /htdocs/softints/RELEASES/20100520/CLIENT_FTP/CRM 2x4/Forms frmEditionTask.resx
2010.08.05 11:12 B E:\PRODUCCION\CRM\RELEASES\20100520\CLIENT_FTP\CRM 2x4\Forms\frmEditionTask.vb --> ftp.kapaz.com.ar /htdocs/softints/RELEASES/20100520/CLIENT_FTP/CRM 2x4/Forms frmEditionTask.vb
2010.08.05 11:12 B E:\PRODUCCION\CRM\RELEASES\20100520\CLIENT_FTP\CRM 2x4\Forms\frmEvent.Designer.vb --> ftp.kapaz.com.ar /htdocs/softints/RELEASES/20100520/CLIENT_FTP/CRM 2x4/Forms frmEvent.Designer.vb
2010.08.05 11:12 B E:\PRODUCCION\CRM\RELEASES\20100520\CLIENT_FTP\CRM 2x4\Forms\frmEvent.resx --> ftp.kapaz.com.ar /htdocs/softints/RELEASES/20100520/CLIENT_FTP/CRM 2x4/Forms frmEvent.resx
2010.08.05 11:12 B E:\PRODUCCION\CRM\RELEASES\20100520\CLIENT_FTP\CRM 2x4\Forms\frmEvent.vb --> ftp.kapaz.com.ar /htdocs/softints/RELEASES/20100520/CLIENT_FTP/CRM 2x4/Forms frmEvent.vb
2010.08.05 11:12 B E:\PRODUCCION\CRM\RELEASES\20100520\CLIENT_FTP\CRM 2x4\Forms\frmException.Designer.vb --> ftp.kapaz.com.ar /htdocs/softints/RELEASES/20100520/CLIENT_FTP/CRM 2x4/Forms frmException.Designer.vb
2010.08.05 11:13 B E:\PRODUCCION\CRM\RELEASES\20100520\CLIENT_FTP\CRM 2x4\Forms\frmException.resx --> ftp.kapaz.com.ar /htdocs/softints/RELEASES/20100520/CLIENT_FTP/CRM 2x4/Forms frmException.resx
2010.08.05 11:13 B E:\PRODUCCION\CRM\RELEASES\20100520\CLIENT_FTP\CRM 2x4\Forms\frmException.vb --> ftp.kapaz.com.ar /htdocs/softints/RELEASES/20100520/CLIENT_FTP/CRM 2x4/Forms frmException.vb
2010.08.05 11:13 B E:\PRODUCCION\CRM\RELEASES\20100520\CLIENT_FTP\CRM 2x4\Forms\frmLogin.designer.vb --> ftp.kapaz.com.ar /htdocs/softints/RELEASES/20100520/CLIENT_FTP/CRM 2x4/Forms frmLogin.designer.vb
2010.08.05 11:13 B E:\PRODUCCION\CRM\RELEASES\20100520\CLIENT_FTP\CRM 2x4\Forms\frmLogin.resx --> ftp.kapaz.com.ar /htdocs/softints/RELEASES/20100520/CLIENT_FTP/CRM 2x4/Forms frmLogin.resx
2010.08.05 11:13 B E:\PRODUCCION\CRM\RELEASES\20100520\CLIENT_FTP\CRM 2x4\Forms\frmLogin.vb --> ftp.kapaz.com.ar /htdocs/softints/RELEASES/20100520/CLIENT_FTP/CRM 2x4/Forms frmLogin.vb
2010.08.05 11:13 B E:\PRODUCCION\CRM\RELEASES\20100520\CLIENT_FTP\CRM 2x4\Forms\frmMain.designer.vb --> ftp.kapaz.com.ar /htdocs/softints/RELEASES/20100520/CLIENT_FTP/CRM 2x4/Forms frmMain.designer.vb
2010.08.05 11:13 B E:\PRODUCCION\CRM\RELEASES\20100520\CLIENT_FTP\CRM 2x4\Forms\frmMain.resx --> ftp.kapaz.com.ar /htdocs/softints/RELEASES/20100520/CLIENT_FTP/CRM 2x4/Forms frmMain.resx
2010.08.05 11:13 B E:\PRODUCCION\CRM\RELEASES\20100520\CLIENT_FTP\CRM 2x4\Forms\frmMain.vb --> ftp.kapaz.com.ar /htdocs/softints/RELEASES/20100520/CLIENT_FTP/CRM 2x4/Forms frmMain.vb
2010.08.05 11:13 B E:\PRODUCCION\CRM\RELEASES\20100520\CLIENT_FTP\CRM 2x4\Forms\frmRelation.Designer.vb --> ftp.kapaz.com.ar /htdocs/softints/RELEASES/20100520/CLIENT_FTP/CRM 2x4/Forms frmRelation.Designer.vb
2010.08.05 11:14 B E:\PRODUCCION\CRM\RELEASES\20100520\CLIENT_FTP\CRM 2x4\Forms\frmRelation.resx --> ftp.kapaz.com.ar /htdocs/softints/RELEASES/20100520/CLIENT_FTP/CRM 2x4/Forms frmRelation.resx
2010.08.05 11:14 B E:\PRODUCCION\CRM\RELEASES\20100520\CLIENT_FTP\CRM 2x4\Forms\frmRelation.vb --> ftp.kapaz.com.ar /htdocs/softints/RELEASES/20100520/CLIENT_FTP/CRM 2x4/Forms frmRelation.vb
2010.08.05 11:14 B E:\PRODUCCION\CRM\RELEASES\20100520\CLIENT_FTP\CRM 2x4\Forms\frmSearch.Designer.vb --> ftp.kapaz.com.ar /htdocs/softints/RELEASES/20100520/CLIENT_FTP/CRM 2x4/Forms frmSearch.Designer.vb
2010.08.05 11:14 B E:\PRODUCCION\CRM\RELEASES\20100520\CLIENT_FTP\CRM 2x4\Forms\frmSearch.resx --> ftp.kapaz.com.ar /htdocs/softints/RELEASES/20100520/CLIENT_FTP/CRM 2x4/Forms frmSearch.resx
2010.08.05 11:14 B E:\PRODUCCION\CRM\RELEASES\20100520\CLIENT_FTP\CRM 2x4\Forms\frmSearch.vb --> ftp.kapaz.com.ar /htdocs/softints/RELEASES/20100520/CLIENT_FTP/CRM 2x4/Forms frmSearch.vb
2010.08.05 11:14 B E:\PRODUCCION\CRM\RELEASES\20100520\CLIENT_FTP\CRM 2x4\Forms\frmTask.Designer.vb --> ftp.kapaz.com.ar /htdocs/softints/RELEASES/20100520/CLIENT_FTP/CRM 2x4/Forms frmTask.Designer.vb
2010.08.05 11:14 B E:\PRODUCCION\CRM\RELEASES\20100520\CLIENT_FTP\CRM 2x4\Forms\frmTask.resx --> ftp.kapaz.com.ar /htdocs/softints/RELEASES/20100520/CLIENT_FTP/CRM 2x4/Forms frmTask.resx
2010.08.05 11:15 B E:\PRODUCCION\CRM\RELEASES\20100520\CLIENT_FTP\CRM 2x4\Forms\frmTask.vb --> ftp.kapaz.com.ar /htdocs/softints/RELEASES/20100520/CLIENT_FTP/CRM 2x4/Forms frmTask.vb
2010.08.05 11:15 B E:\PRODUCCION\CRM\RELEASES\20100520\CLIENT_FTP\CRM 2x4\Forms\frmTypes.designer.vb --> ftp.kapaz.com.ar /htdocs/softints/RELEASES/20100520/CLIENT_FTP/CRM 2x4/Forms frmTypes.designer.vb
2010.08.05 11:15 B E:\PRODUCCION\CRM\RELEASES\20100520\CLIENT_FTP\CRM 2x4\Forms\frmTypes.resx --> ftp.kapaz.com.ar /htdocs/softints/RELEASES/20100520/CLIENT_FTP/CRM 2x4/Forms frmTypes.resx
2010.08.05 11:15 B E:\PRODUCCION\CRM\RELEASES\20100520\CLIENT_FTP\CRM 2x4\Forms\frmTypes.vb --> ftp.kapaz.com.ar /htdocs/softints/RELEASES/20100520/CLIENT_FTP/CRM 2x4/Forms frmTypes.vb
2010.08.05 11:15 B E:\PRODUCCION\CRM\RELEASES\20100520\CLIENT_FTP\CRM 2x4\Forms\GridView.Designer.vb --> ftp.kapaz.com.ar /htdocs/softints/RELEASES/20100520/CLIENT_FTP/CRM 2x4/Forms GridView.Designer.vb
2010.08.05 11:15 B E:\PRODUCCION\CRM\RELEASES\20100520\CLIENT_FTP\CRM 2x4\Forms\GridView.resx --> ftp.kapaz.com.ar /htdocs/softints/RELEASES/20100520/CLIENT_FTP/CRM 2x4/Forms GridView.resx
2010.08.05 11:15 B E:\PRODUCCION\CRM\RELEASES\20100520\CLIENT_FTP\CRM 2x4\Forms\GridView.vb --> ftp.kapaz.com.ar /htdocs/softints/RELEASES/20100520/CLIENT_FTP/CRM 2x4/Forms GridView.vb
2010.08.05 11:15 B E:\PRODUCCION\CRM\RELEASES\20100520\CLIENT_FTP\CRM 2x4\Forms\WS_FTP.LOG --> ftp.kapaz.com.ar /htdocs/softints/RELEASES/20100520/CLIENT_FTP/CRM 2x4/Forms WS_FTP.LOG
2010.09.03 22:45 B E:\PRODUCCION\CRM\RELEASES\20100520\CLIENT_FTP\CRM 2x4\Forms\frmAlert.Designer.vb --> ftp.primogenia.com /public_html/softints/CRM 2x4/Forms frmAlert.Designer.vb
2010.09.03 22:45 B E:\PRODUCCION\CRM\RELEASES\20100520\CLIENT_FTP\CRM 2x4\Forms\frmAlert.resx --> ftp.primogenia.com /public_html/softints/CRM 2x4/Forms frmAlert.resx
2010.09.03 22:45 B E:\PRODUCCION\CRM\RELEASES\20100520\CLIENT_FTP\CRM 2x4\Forms\frmAlert.vb --> ftp.primogenia.com /public_html/softints/CRM 2x4/Forms frmAlert.vb
2010.09.03 22:45 B E:\PRODUCCION\CRM\RELEASES\20100520\CLIENT_FTP\CRM 2x4\Forms\frmAlerts.Designer.vb --> ftp.primogenia.com /public_html/softints/CRM 2x4/Forms frmAlerts.Designer.vb
2010.09.03 22:45 B E:\PRODUCCION\CRM\RELEASES\20100520\CLIENT_FTP\CRM 2x4\Forms\frmAlerts.resx --> ftp.primogenia.com /public_html/softints/CRM 2x4/Forms frmAlerts.resx
2010.09.03 22:45 B E:\PRODUCCION\CRM\RELEASES\20100520\CLIENT_FTP\CRM 2x4\Forms\frmAlerts.vb --> ftp.primogenia.com /public_html/softints/CRM 2x4/Forms frmAlerts.vb
2010.09.03 22:45 B E:\PRODUCCION\CRM\RELEASES\20100520\CLIENT_FTP\CRM 2x4\Forms\frmCompanies.Designer.vb --> ftp.primogenia.com /public_html/softints/CRM 2x4/Forms frmCompanies.Designer.vb
2010.09.03 22:45 B E:\PRODUCCION\CRM\RELEASES\20100520\CLIENT_FTP\CRM 2x4\Forms\frmCompanies.resx --> ftp.primogenia.com /public_html/softints/CRM 2x4/Forms frmCompanies.resx
2010.09.03 22:45 B E:\PRODUCCION\CRM\RELEASES\20100520\CLIENT_FTP\CRM 2x4\Forms\frmCompanies.vb --> ftp.primogenia.com /public_html/softints/CRM 2x4/Forms frmCompanies.vb
2010.09.03 22:45 B E:\PRODUCCION\CRM\RELEASES\20100520\CLIENT_FTP\CRM 2x4\Forms\frmContact.designer.vb --> ftp.primogenia.com /public_html/softints/CRM 2x4/Forms frmContact.designer.vb
2010.09.03 22:46 B E:\PRODUCCION\CRM\RELEASES\20100520\CLIENT_FTP\CRM 2x4\Forms\frmContact.resx --> ftp.primogenia.com /public_html/softints/CRM 2x4/Forms frmContact.resx
2010.09.03 22:46 B E:\PRODUCCION\CRM\RELEASES\20100520\CLIENT_FTP\CRM 2x4\Forms\frmContact.vb --> ftp.primogenia.com /public_html/softints/CRM 2x4/Forms frmContact.vb
2010.09.03 22:46 B E:\PRODUCCION\CRM\RELEASES\20100520\CLIENT_FTP\CRM 2x4\Forms\frmCustomer.designer.vb --> ftp.primogenia.com /public_html/softints/CRM 2x4/Forms frmCustomer.designer.vb
2010.09.03 22:46 B E:\PRODUCCION\CRM\RELEASES\20100520\CLIENT_FTP\CRM 2x4\Forms\frmCustomer.resx --> ftp.primogenia.com /public_html/softints/CRM 2x4/Forms frmCustomer.resx
2010.09.03 22:46 B E:\PRODUCCION\CRM\RELEASES\20100520\CLIENT_FTP\CRM 2x4\Forms\frmCustomer.vb --> ftp.primogenia.com /public_html/softints/CRM 2x4/Forms frmCustomer.vb
2010.09.03 22:46 B E:\PRODUCCION\CRM\RELEASES\20100520\CLIENT_FTP\CRM 2x4\Forms\frmCustomersDeleted.Designer.vb --> ftp.primogenia.com /public_html/softints/CRM 2x4/Forms frmCustomersDeleted.Designer.vb
2010.09.03 22:46 B E:\PRODUCCION\CRM\RELEASES\20100520\CLIENT_FTP\CRM 2x4\Forms\frmCustomersDeleted.resx --> ftp.primogenia.com /public_html/softints/CRM 2x4/Forms frmCustomersDeleted.resx
2010.09.03 22:46 B E:\PRODUCCION\CRM\RELEASES\20100520\CLIENT_FTP\CRM 2x4\Forms\frmCustomersDeleted.vb --> ftp.primogenia.com /public_html/softints/CRM 2x4/Forms frmCustomersDeleted.vb
2010.09.03 22:46 B E:\PRODUCCION\CRM\RELEASES\20100520\CLIENT_FTP\CRM 2x4\Forms\frmCustomersToTango.Designer.vb --> ftp.primogenia.com /public_html/softints/CRM 2x4/Forms frmCustomersToTango.Designer.vb
2010.09.03 22:47 B E:\PRODUCCION\CRM\RELEASES\20100520\CLIENT_FTP\CRM 2x4\Forms\frmCustomersToTango.resx --> ftp.primogenia.com /public_html/softints/CRM 2x4/Forms frmCustomersToTango.resx
2010.09.03 22:47 B E:\PRODUCCION\CRM\RELEASES\20100520\CLIENT_FTP\CRM 2x4\Forms\frmCustomersToTango.vb --> ftp.primogenia.com /public_html/softints/CRM 2x4/Forms frmCustomersToTango.vb
2010.09.03 22:47 B E:\PRODUCCION\CRM\RELEASES\20100520\CLIENT_FTP\CRM 2x4\Forms\frmDeleteCustomer.Designer.vb --> ftp.primogenia.com /public_html/softints/CRM 2x4/Forms frmDeleteCustomer.Designer.vb
2010.09.03 22:47 B E:\PRODUCCION\CRM\RELEASES\20100520\CLIENT_FTP\CRM 2x4\Forms\frmDeleteCustomer.resx --> ftp.primogenia.com /public_html/softints/CRM 2x4/Forms frmDeleteCustomer.resx
2010.09.03 22:47 B E:\PRODUCCION\CRM\RELEASES\20100520\CLIENT_FTP\CRM 2x4\Forms\frmDeleteCustomer.vb --> ftp.primogenia.com /public_html/softints/CRM 2x4/Forms frmDeleteCustomer.vb
2010.09.03 22:47 B E:\PRODUCCION\CRM\RELEASES\20100520\CLIENT_FTP\CRM 2x4\Forms\frmEditionAlert.Designer.vb --> ftp.primogenia.com /public_html/softints/CRM 2x4/Forms frmEditionAlert.Designer.vb
2010.09.03 22:47 B E:\PRODUCCION\CRM\RELEASES\20100520\CLIENT_FTP\CRM 2x4\Forms\frmEditionAlert.resx --> ftp.primogenia.com /public_html/softints/CRM 2x4/Forms frmEditionAlert.resx
2010.09.03 22:47 B E:\PRODUCCION\CRM\RELEASES\20100520\CLIENT_FTP\CRM 2x4\Forms\frmEditionAlert.vb --> ftp.primogenia.com /public_html/softints/CRM 2x4/Forms frmEditionAlert.vb
2010.09.03 22:47 B E:\PRODUCCION\CRM\RELEASES\20100520\CLIENT_FTP\CRM 2x4\Forms\frmEditionCustomer.Designer.vb --> ftp.primogenia.com /public_html/softints/CRM 2x4/Forms frmEditionCustomer.Designer.vb
2010.09.03 22:47 B E:\PRODUCCION\CRM\RELEASES\20100520\CLIENT_FTP\CRM 2x4\Forms\frmEditionCustomer.resx --> ftp.primogenia.com /public_html/softints/CRM 2x4/Forms frmEditionCustomer.resx
2010.09.03 22:48 B E:\PRODUCCION\CRM\RELEASES\20100520\CLIENT_FTP\CRM 2x4\Forms\frmEditionCustomer.vb --> ftp.primogenia.com /public_html/softints/CRM 2x4/Forms frmEditionCustomer.vb
2010.09.03 22:48 B E:\PRODUCCION\CRM\RELEASES\20100520\CLIENT_FTP\CRM 2x4\Forms\frmEditionTask.Designer.vb --> ftp.primogenia.com /public_html/softints/CRM 2x4/Forms frmEditionTask.Designer.vb
2010.09.03 22:48 B E:\PRODUCCION\CRM\RELEASES\20100520\CLIENT_FTP\CRM 2x4\Forms\frmEditionTask.resx --> ftp.primogenia.com /public_html/softints/CRM 2x4/Forms frmEditionTask.resx
2010.09.03 22:48 B E:\PRODUCCION\CRM\RELEASES\20100520\CLIENT_FTP\CRM 2x4\Forms\frmEditionTask.vb --> ftp.primogenia.com /public_html/softints/CRM 2x4/Forms frmEditionTask.vb
2010.09.03 22:48 B E:\PRODUCCION\CRM\RELEASES\20100520\CLIENT_FTP\CRM 2x4\Forms\frmEvent.Designer.vb --> ftp.primogenia.com /public_html/softints/CRM 2x4/Forms frmEvent.Designer.vb
2010.09.03 22:48 B E:\PRODUCCION\CRM\RELEASES\20100520\CLIENT_FTP\CRM 2x4\Forms\frmEvent.resx --> ftp.primogenia.com /public_html/softints/CRM 2x4/Forms frmEvent.resx
2010.09.03 22:48 B E:\PRODUCCION\CRM\RELEASES\20100520\CLIENT_FTP\CRM 2x4\Forms\frmEvent.vb --> ftp.primogenia.com /public_html/softints/CRM 2x4/Forms frmEvent.vb
2010.09.03 22:48 B E:\PRODUCCION\CRM\RELEASES\20100520\CLIENT_FTP\CRM 2x4\Forms\frmException.Designer.vb --> ftp.primogenia.com /public_html/softints/CRM 2x4/Forms frmException.Designer.vb
2010.09.03 22:48 B E:\PRODUCCION\CRM\RELEASES\20100520\CLIENT_FTP\CRM 2x4\Forms\frmException.resx --> ftp.primogenia.com /public_html/softints/CRM 2x4/Forms frmException.resx
2010.09.03 22:48 B E:\PRODUCCION\CRM\RELEASES\20100520\CLIENT_FTP\CRM 2x4\Forms\frmException.vb --> ftp.primogenia.com /public_html/softints/CRM 2x4/Forms frmException.vb
2010.09.03 22:48 B E:\PRODUCCION\CRM\RELEASES\20100520\CLIENT_FTP\CRM 2x4\Forms\frmLogin.designer.vb --> ftp.primogenia.com /public_html/softints/CRM 2x4/Forms frmLogin.designer.vb
2010.09.03 22:48 B E:\PRODUCCION\CRM\RELEASES\20100520\CLIENT_FTP\CRM 2x4\Forms\frmLogin.resx --> ftp.primogenia.com /public_html/softints/CRM 2x4/Forms frmLogin.resx
2010.09.03 22:48 B E:\PRODUCCION\CRM\RELEASES\20100520\CLIENT_FTP\CRM 2x4\Forms\frmLogin.vb --> ftp.primogenia.com /public_html/softints/CRM 2x4/Forms frmLogin.vb
2010.09.03 22:49 B E:\PRODUCCION\CRM\RELEASES\20100520\CLIENT_FTP\CRM 2x4\Forms\frmMain.designer.vb --> ftp.primogenia.com /public_html/softints/CRM 2x4/Forms frmMain.designer.vb
2010.09.03 22:49 B E:\PRODUCCION\CRM\RELEASES\20100520\CLIENT_FTP\CRM 2x4\Forms\frmMain.resx --> ftp.primogenia.com /public_html/softints/CRM 2x4/Forms frmMain.resx
2010.09.03 22:49 B E:\PRODUCCION\CRM\RELEASES\20100520\CLIENT_FTP\CRM 2x4\Forms\frmMain.vb --> ftp.primogenia.com /public_html/softints/CRM 2x4/Forms frmMain.vb
2010.09.03 22:49 B E:\PRODUCCION\CRM\RELEASES\20100520\CLIENT_FTP\CRM 2x4\Forms\frmRelation.Designer.vb --> ftp.primogenia.com /public_html/softints/CRM 2x4/Forms frmRelation.Designer.vb
2010.09.03 22:49 B E:\PRODUCCION\CRM\RELEASES\20100520\CLIENT_FTP\CRM 2x4\Forms\frmRelation.resx --> ftp.primogenia.com /public_html/softints/CRM 2x4/Forms frmRelation.resx
2010.09.03 22:49 B E:\PRODUCCION\CRM\RELEASES\20100520\CLIENT_FTP\CRM 2x4\Forms\frmRelation.vb --> ftp.primogenia.com /public_html/softints/CRM 2x4/Forms frmRelation.vb
2010.09.03 22:49 B E:\PRODUCCION\CRM\RELEASES\20100520\CLIENT_FTP\CRM 2x4\Forms\frmSearch.Designer.vb --> ftp.primogenia.com /public_html/softints/CRM 2x4/Forms frmSearch.Designer.vb
2010.09.03 22:49 B E:\PRODUCCION\CRM\RELEASES\20100520\CLIENT_FTP\CRM 2x4\Forms\frmSearch.resx --> ftp.primogenia.com /public_html/softints/CRM 2x4/Forms frmSearch.resx
2010.09.03 22:49 B E:\PRODUCCION\CRM\RELEASES\20100520\CLIENT_FTP\CRM 2x4\Forms\frmSearch.vb --> ftp.primogenia.com /public_html/softints/CRM 2x4/Forms frmSearch.vb
2010.09.03 22:50 B E:\PRODUCCION\CRM\RELEASES\20100520\CLIENT_FTP\CRM 2x4\Forms\frmTask.Designer.vb --> ftp.primogenia.com /public_html/softints/CRM 2x4/Forms frmTask.Designer.vb
2010.09.03 22:50 B E:\PRODUCCION\CRM\RELEASES\20100520\CLIENT_FTP\CRM 2x4\Forms\frmTask.resx --> ftp.primogenia.com /public_html/softints/CRM 2x4/Forms frmTask.resx
2010.09.03 22:50 B E:\PRODUCCION\CRM\RELEASES\20100520\CLIENT_FTP\CRM 2x4\Forms\frmTask.vb --> ftp.primogenia.com /public_html/softints/CRM 2x4/Forms frmTask.vb
2010.09.03 22:50 B E:\PRODUCCION\CRM\RELEASES\20100520\CLIENT_FTP\CRM 2x4\Forms\frmTypes.designer.vb --> ftp.primogenia.com /public_html/softints/CRM 2x4/Forms frmTypes.designer.vb
2010.09.03 22:50 B E:\PRODUCCION\CRM\RELEASES\20100520\CLIENT_FTP\CRM 2x4\Forms\frmTypes.resx --> ftp.primogenia.com /public_html/softints/CRM 2x4/Forms frmTypes.resx
2010.09.03 22:50 B E:\PRODUCCION\CRM\RELEASES\20100520\CLIENT_FTP\CRM 2x4\Forms\frmTypes.vb --> ftp.primogenia.com /public_html/softints/CRM 2x4/Forms frmTypes.vb
2010.09.03 22:50 B E:\PRODUCCION\CRM\RELEASES\20100520\CLIENT_FTP\CRM 2x4\Forms\GridView.Designer.vb --> ftp.primogenia.com /public_html/softints/CRM 2x4/Forms GridView.Designer.vb
2010.09.03 22:50 B E:\PRODUCCION\CRM\RELEASES\20100520\CLIENT_FTP\CRM 2x4\Forms\GridView.resx --> ftp.primogenia.com /public_html/softints/CRM 2x4/Forms GridView.resx
2010.09.03 22:50 B E:\PRODUCCION\CRM\RELEASES\20100520\CLIENT_FTP\CRM 2x4\Forms\GridView.vb --> ftp.primogenia.com /public_html/softints/CRM 2x4/Forms GridView.vb
2010.09.03 22:51 B E:\PRODUCCION\CRM\RELEASES\20100520\CLIENT_FTP\CRM 2x4\Forms\WS_FTP.LOG --> ftp.primogenia.com /public_html/softints/CRM 2x4/Forms WS_FTP.LOG
