2010.07.27 22:49 B E:\PRODUCCION\CRM\RELEASES\20100520\CLIENT_FTP\CRM Domain\Handlers\ActionHandler.vb <-- Kapaz /htdocs/softints/RELEASES/20100520/CLIENT/CRM Domain/Handlers ActionHandler.vb
2010.07.27 22:49 B E:\PRODUCCION\CRM\RELEASES\20100520\CLIENT_FTP\CRM Domain\Handlers\Encrypter.vb <-- Kapaz /htdocs/softints/RELEASES/20100520/CLIENT/CRM Domain/Handlers Encrypter.vb
2010.07.27 22:49 B E:\PRODUCCION\CRM\RELEASES\20100520\CLIENT_FTP\CRM Domain\Handlers\EntityHandler.vb <-- Kapaz /htdocs/softints/RELEASES/20100520/CLIENT/CRM Domain/Handlers EntityHandler.vb
2010.07.27 22:49 B E:\PRODUCCION\CRM\RELEASES\20100520\CLIENT_FTP\CRM Domain\Handlers\NetworkBrowser.vb <-- Kapaz /htdocs/softints/RELEASES/20100520/CLIENT/CRM Domain/Handlers NetworkBrowser.vb
2010.07.27 22:49 B E:\PRODUCCION\CRM\RELEASES\20100520\CLIENT_FTP\CRM Domain\Handlers\QueryHandler.vb <-- Kapaz /htdocs/softints/RELEASES/20100520/CLIENT/CRM Domain/Handlers QueryHandler.vb
2010.07.27 22:49 B E:\PRODUCCION\CRM\RELEASES\20100520\CLIENT_FTP\CRM Domain\Handlers\ShortcutHandler.vb <-- Kapaz /htdocs/softints/RELEASES/20100520/CLIENT/CRM Domain/Handlers ShortcutHandler.vb
2010.07.27 22:49 B E:\PRODUCCION\CRM\RELEASES\20100520\CLIENT_FTP\CRM Domain\Handlers\SmtpHandler.vb <-- Kapaz /htdocs/softints/RELEASES/20100520/CLIENT/CRM Domain/Handlers SmtpHandler.vb
2010.07.27 22:49 B E:\PRODUCCION\CRM\RELEASES\20100520\CLIENT_FTP\CRM Domain\Handlers\SqlBrowser.vb <-- Kapaz /htdocs/softints/RELEASES/20100520/CLIENT/CRM Domain/Handlers SqlBrowser.vb
2010.07.27 22:49 B E:\PRODUCCION\CRM\RELEASES\20100520\CLIENT_FTP\CRM Domain\Handlers\Tango.vb <-- Kapaz /htdocs/softints/RELEASES/20100520/CLIENT/CRM Domain/Handlers Tango.vb
2010.07.27 22:49 B E:\PRODUCCION\CRM\RELEASES\20100520\CLIENT_FTP\CRM Domain\Handlers\Win32.vb <-- Kapaz /htdocs/softints/RELEASES/20100520/CLIENT/CRM Domain/Handlers Win32.vb
2010.07.27 22:49 B E:\PRODUCCION\CRM\RELEASES\20100520\CLIENT_FTP\CRM Domain\Handlers\WinSockClient.vb <-- Kapaz /htdocs/softints/RELEASES/20100520/CLIENT/CRM Domain/Handlers WinSockClient.vb
2010.08.05 11:56 B E:\PRODUCCION\CRM\RELEASES\20100520\CLIENT_FTP\CRM Domain\Handlers\ActionHandler.vb --> ftp.kapaz.com.ar /htdocs/softints/RELEASES/20100520/CLIENT_FTP/CRM Domain/Handlers ActionHandler.vb
2010.08.05 11:56 B E:\PRODUCCION\CRM\RELEASES\20100520\CLIENT_FTP\CRM Domain\Handlers\Encrypter.vb --> ftp.kapaz.com.ar /htdocs/softints/RELEASES/20100520/CLIENT_FTP/CRM Domain/Handlers Encrypter.vb
2010.08.05 11:56 B E:\PRODUCCION\CRM\RELEASES\20100520\CLIENT_FTP\CRM Domain\Handlers\EntityHandler.vb --> ftp.kapaz.com.ar /htdocs/softints/RELEASES/20100520/CLIENT_FTP/CRM Domain/Handlers EntityHandler.vb
2010.08.05 11:56 B E:\PRODUCCION\CRM\RELEASES\20100520\CLIENT_FTP\CRM Domain\Handlers\NetworkBrowser.vb --> ftp.kapaz.com.ar /htdocs/softints/RELEASES/20100520/CLIENT_FTP/CRM Domain/Handlers NetworkBrowser.vb
2010.08.05 11:56 B E:\PRODUCCION\CRM\RELEASES\20100520\CLIENT_FTP\CRM Domain\Handlers\QueryHandler.vb --> ftp.kapaz.com.ar /htdocs/softints/RELEASES/20100520/CLIENT_FTP/CRM Domain/Handlers QueryHandler.vb
2010.08.05 11:56 B E:\PRODUCCION\CRM\RELEASES\20100520\CLIENT_FTP\CRM Domain\Handlers\ShortcutHandler.vb --> ftp.kapaz.com.ar /htdocs/softints/RELEASES/20100520/CLIENT_FTP/CRM Domain/Handlers ShortcutHandler.vb
2010.08.05 11:56 B E:\PRODUCCION\CRM\RELEASES\20100520\CLIENT_FTP\CRM Domain\Handlers\SmtpHandler.vb --> ftp.kapaz.com.ar /htdocs/softints/RELEASES/20100520/CLIENT_FTP/CRM Domain/Handlers SmtpHandler.vb
2010.08.05 11:56 B E:\PRODUCCION\CRM\RELEASES\20100520\CLIENT_FTP\CRM Domain\Handlers\SqlBrowser.vb --> ftp.kapaz.com.ar /htdocs/softints/RELEASES/20100520/CLIENT_FTP/CRM Domain/Handlers SqlBrowser.vb
2010.08.05 11:56 B E:\PRODUCCION\CRM\RELEASES\20100520\CLIENT_FTP\CRM Domain\Handlers\Tango.vb --> ftp.kapaz.com.ar /htdocs/softints/RELEASES/20100520/CLIENT_FTP/CRM Domain/Handlers Tango.vb
2010.08.05 11:56 B E:\PRODUCCION\CRM\RELEASES\20100520\CLIENT_FTP\CRM Domain\Handlers\Win32.vb --> ftp.kapaz.com.ar /htdocs/softints/RELEASES/20100520/CLIENT_FTP/CRM Domain/Handlers Win32.vb
2010.08.05 11:56 B E:\PRODUCCION\CRM\RELEASES\20100520\CLIENT_FTP\CRM Domain\Handlers\WinSockClient.vb --> ftp.kapaz.com.ar /htdocs/softints/RELEASES/20100520/CLIENT_FTP/CRM Domain/Handlers WinSockClient.vb
2010.08.05 11:56 B E:\PRODUCCION\CRM\RELEASES\20100520\CLIENT_FTP\CRM Domain\Handlers\WS_FTP.LOG --> ftp.kapaz.com.ar /htdocs/softints/RELEASES/20100520/CLIENT_FTP/CRM Domain/Handlers WS_FTP.LOG
2010.09.03 22:03 B E:\PRODUCCION\CRM\RELEASES\20100520\CLIENT_FTP\CRM Domain\Handlers\ActionHandler.vb --> ftp.primogenia.com /public_html/softints/CRM Domain/Handlers ActionHandler.vb
2010.09.03 22:03 B E:\PRODUCCION\CRM\RELEASES\20100520\CLIENT_FTP\CRM Domain\Handlers\Encrypter.vb --> ftp.primogenia.com /public_html/softints/CRM Domain/Handlers Encrypter.vb
2010.09.03 22:03 B E:\PRODUCCION\CRM\RELEASES\20100520\CLIENT_FTP\CRM Domain\Handlers\EntityHandler.vb --> ftp.primogenia.com /public_html/softints/CRM Domain/Handlers EntityHandler.vb
2010.09.03 22:03 B E:\PRODUCCION\CRM\RELEASES\20100520\CLIENT_FTP\CRM Domain\Handlers\NetworkBrowser.vb --> ftp.primogenia.com /public_html/softints/CRM Domain/Handlers NetworkBrowser.vb
2010.09.03 22:03 B E:\PRODUCCION\CRM\RELEASES\20100520\CLIENT_FTP\CRM Domain\Handlers\QueryHandler.vb --> ftp.primogenia.com /public_html/softints/CRM Domain/Handlers QueryHandler.vb
2010.09.03 22:03 B E:\PRODUCCION\CRM\RELEASES\20100520\CLIENT_FTP\CRM Domain\Handlers\ShortcutHandler.vb --> ftp.primogenia.com /public_html/softints/CRM Domain/Handlers ShortcutHandler.vb
2010.09.03 22:03 B E:\PRODUCCION\CRM\RELEASES\20100520\CLIENT_FTP\CRM Domain\Handlers\SmtpHandler.vb --> ftp.primogenia.com /public_html/softints/CRM Domain/Handlers SmtpHandler.vb
2010.09.03 22:03 B E:\PRODUCCION\CRM\RELEASES\20100520\CLIENT_FTP\CRM Domain\Handlers\SqlBrowser.vb --> ftp.primogenia.com /public_html/softints/CRM Domain/Handlers SqlBrowser.vb
2010.09.03 22:03 B E:\PRODUCCION\CRM\RELEASES\20100520\CLIENT_FTP\CRM Domain\Handlers\Tango.vb --> ftp.primogenia.com /public_html/softints/CRM Domain/Handlers Tango.vb
2010.09.03 22:04 B E:\PRODUCCION\CRM\RELEASES\20100520\CLIENT_FTP\CRM Domain\Handlers\Win32.vb --> ftp.primogenia.com /public_html/softints/CRM Domain/Handlers Win32.vb
2010.09.03 22:04 B E:\PRODUCCION\CRM\RELEASES\20100520\CLIENT_FTP\CRM Domain\Handlers\WinSockClient.vb --> ftp.primogenia.com /public_html/softints/CRM Domain/Handlers WinSockClient.vb
2010.09.03 22:04 B E:\PRODUCCION\CRM\RELEASES\20100520\CLIENT_FTP\CRM Domain\Handlers\WS_FTP.LOG --> ftp.primogenia.com /public_html/softints/CRM Domain/Handlers WS_FTP.LOG
