2010.07.27 22:45 B E:\PRODUCCION\CRM\RELEASES\20100520\CLIENT_FTP\CRM 2x4\obj\Debug\crm 2x4.exe.licenses <-- Kapaz /htdocs/softints/RELEASES/20100520/CLIENT/CRM 2x4/obj/Debug crm 2x4.exe.licenses
2010.07.27 22:46 B E:\PRODUCCION\CRM\RELEASES\20100520\CLIENT_FTP\CRM 2x4\obj\Debug\CRM 2x4.pdb <-- Kapaz /htdocs/softints/RELEASES/20100520/CLIENT/CRM 2x4/obj/Debug CRM 2x4.pdb
2010.07.27 22:46 B E:\PRODUCCION\CRM\RELEASES\20100520\CLIENT_FTP\CRM 2x4\obj\Debug\CRM 2x4.vbproj.FileListAbsolute.txt <-- Kapaz /htdocs/softints/RELEASES/20100520/CLIENT/CRM 2x4/obj/Debug CRM 2x4.vbproj.FileListAbsolute.txt
2010.07.27 22:46 B E:\PRODUCCION\CRM\RELEASES\20100520\CLIENT_FTP\CRM 2x4\obj\Debug\CRM 2x4.vbproj.GenerateResource.Cache <-- Kapaz /htdocs/softints/RELEASES/20100520/CLIENT/CRM 2x4/obj/Debug CRM 2x4.vbproj.GenerateResource.Cache
2010.07.27 22:46 B E:\PRODUCCION\CRM\RELEASES\20100520\CLIENT_FTP\CRM 2x4\obj\Debug\Crm.UI.frmAlert.resources <-- Kapaz /htdocs/softints/RELEASES/20100520/CLIENT/CRM 2x4/obj/Debug Crm.UI.frmAlert.resources
2010.07.27 22:46 B E:\PRODUCCION\CRM\RELEASES\20100520\CLIENT_FTP\CRM 2x4\obj\Debug\Crm.UI.frmAlerts.resources <-- Kapaz /htdocs/softints/RELEASES/20100520/CLIENT/CRM 2x4/obj/Debug Crm.UI.frmAlerts.resources
2010.07.27 22:46 B E:\PRODUCCION\CRM\RELEASES\20100520\CLIENT_FTP\CRM 2x4\obj\Debug\Crm.UI.frmCompanies.resources <-- Kapaz /htdocs/softints/RELEASES/20100520/CLIENT/CRM 2x4/obj/Debug Crm.UI.frmCompanies.resources
2010.07.27 22:46 B E:\PRODUCCION\CRM\RELEASES\20100520\CLIENT_FTP\CRM 2x4\obj\Debug\Crm.UI.frmContact.resources <-- Kapaz /htdocs/softints/RELEASES/20100520/CLIENT/CRM 2x4/obj/Debug Crm.UI.frmContact.resources
2010.07.27 22:46 B E:\PRODUCCION\CRM\RELEASES\20100520\CLIENT_FTP\CRM 2x4\obj\Debug\Crm.UI.frmCustomer.resources <-- Kapaz /htdocs/softints/RELEASES/20100520/CLIENT/CRM 2x4/obj/Debug Crm.UI.frmCustomer.resources
2010.07.27 22:46 B E:\PRODUCCION\CRM\RELEASES\20100520\CLIENT_FTP\CRM 2x4\obj\Debug\Crm.UI.frmCustomersDeleted.resources <-- Kapaz /htdocs/softints/RELEASES/20100520/CLIENT/CRM 2x4/obj/Debug Crm.UI.frmCustomersDeleted.resources
2010.07.27 22:46 B E:\PRODUCCION\CRM\RELEASES\20100520\CLIENT_FTP\CRM 2x4\obj\Debug\Crm.UI.frmCustomersToTango.resources <-- Kapaz /htdocs/softints/RELEASES/20100520/CLIENT/CRM 2x4/obj/Debug Crm.UI.frmCustomersToTango.resources
2010.07.27 22:46 B E:\PRODUCCION\CRM\RELEASES\20100520\CLIENT_FTP\CRM 2x4\obj\Debug\Crm.UI.frmDeleteCustomer.resources <-- Kapaz /htdocs/softints/RELEASES/20100520/CLIENT/CRM 2x4/obj/Debug Crm.UI.frmDeleteCustomer.resources
2010.07.27 22:46 B E:\PRODUCCION\CRM\RELEASES\20100520\CLIENT_FTP\CRM 2x4\obj\Debug\Crm.UI.frmEditionAlert.resources <-- Kapaz /htdocs/softints/RELEASES/20100520/CLIENT/CRM 2x4/obj/Debug Crm.UI.frmEditionAlert.resources
2010.07.27 22:46 B E:\PRODUCCION\CRM\RELEASES\20100520\CLIENT_FTP\CRM 2x4\obj\Debug\Crm.UI.frmEditionCustomer.resources <-- Kapaz /htdocs/softints/RELEASES/20100520/CLIENT/CRM 2x4/obj/Debug Crm.UI.frmEditionCustomer.resources
2010.07.27 22:46 B E:\PRODUCCION\CRM\RELEASES\20100520\CLIENT_FTP\CRM 2x4\obj\Debug\Crm.UI.frmEditionTask.resources <-- Kapaz /htdocs/softints/RELEASES/20100520/CLIENT/CRM 2x4/obj/Debug Crm.UI.frmEditionTask.resources
2010.07.27 22:46 B E:\PRODUCCION\CRM\RELEASES\20100520\CLIENT_FTP\CRM 2x4\obj\Debug\Crm.UI.frmEvent.resources <-- Kapaz /htdocs/softints/RELEASES/20100520/CLIENT/CRM 2x4/obj/Debug Crm.UI.frmEvent.resources
2010.07.27 22:46 B E:\PRODUCCION\CRM\RELEASES\20100520\CLIENT_FTP\CRM 2x4\obj\Debug\Crm.UI.frmException.resources <-- Kapaz /htdocs/softints/RELEASES/20100520/CLIENT/CRM 2x4/obj/Debug Crm.UI.frmException.resources
2010.07.27 22:46 B E:\PRODUCCION\CRM\RELEASES\20100520\CLIENT_FTP\CRM 2x4\obj\Debug\Crm.UI.frmExportExcel.resources <-- Kapaz /htdocs/softints/RELEASES/20100520/CLIENT/CRM 2x4/obj/Debug Crm.UI.frmExportExcel.resources
2010.07.27 22:46 B E:\PRODUCCION\CRM\RELEASES\20100520\CLIENT_FTP\CRM 2x4\obj\Debug\Crm.UI.frmExportWord.resources <-- Kapaz /htdocs/softints/RELEASES/20100520/CLIENT/CRM 2x4/obj/Debug Crm.UI.frmExportWord.resources
2010.07.27 22:46 B E:\PRODUCCION\CRM\RELEASES\20100520\CLIENT_FTP\CRM 2x4\obj\Debug\Crm.UI.frmLogin.resources <-- Kapaz /htdocs/softints/RELEASES/20100520/CLIENT/CRM 2x4/obj/Debug Crm.UI.frmLogin.resources
2010.07.27 22:46 B E:\PRODUCCION\CRM\RELEASES\20100520\CLIENT_FTP\CRM 2x4\obj\Debug\Crm.UI.frmMain.resources <-- Kapaz /htdocs/softints/RELEASES/20100520/CLIENT/CRM 2x4/obj/Debug Crm.UI.frmMain.resources
2010.07.27 22:46 B E:\PRODUCCION\CRM\RELEASES\20100520\CLIENT_FTP\CRM 2x4\obj\Debug\Crm.UI.frmParametersCustomersDeleted.resources <-- Kapaz /htdocs/softints/RELEASES/20100520/CLIENT/CRM 2x4/obj/Debug Crm.UI.frmParametersCustomersDeleted.resources
2010.07.27 22:46 B E:\PRODUCCION\CRM\RELEASES\20100520\CLIENT_FTP\CRM 2x4\obj\Debug\Crm.UI.frmParametersCustomersList.resources <-- Kapaz /htdocs/softints/RELEASES/20100520/CLIENT/CRM 2x4/obj/Debug Crm.UI.frmParametersCustomersList.resources
2010.07.27 22:46 B E:\PRODUCCION\CRM\RELEASES\20100520\CLIENT_FTP\CRM 2x4\obj\Debug\Crm.UI.frmParametersEventSummary.resources <-- Kapaz /htdocs/softints/RELEASES/20100520/CLIENT/CRM 2x4/obj/Debug Crm.UI.frmParametersEventSummary.resources
2010.07.27 22:46 B E:\PRODUCCION\CRM\RELEASES\20100520\CLIENT_FTP\CRM 2x4\obj\Debug\Crm.UI.frmParametersPotentialCustomersEntry.resources <-- Kapaz /htdocs/softints/RELEASES/20100520/CLIENT/CRM 2x4/obj/Debug Crm.UI.frmParametersPotentialCustomersEntry.resources
2010.07.27 22:46 B E:\PRODUCCION\CRM\RELEASES\20100520\CLIENT_FTP\CRM 2x4\obj\Debug\Crm.UI.frmParametersPotentialToTango.resources <-- Kapaz /htdocs/softints/RELEASES/20100520/CLIENT/CRM 2x4/obj/Debug Crm.UI.frmParametersPotentialToTango.resources
2010.07.27 22:46 B E:\PRODUCCION\CRM\RELEASES\20100520\CLIENT_FTP\CRM 2x4\obj\Debug\Crm.UI.frmParametersTaskDetails.resources <-- Kapaz /htdocs/softints/RELEASES/20100520/CLIENT/CRM 2x4/obj/Debug Crm.UI.frmParametersTaskDetails.resources
2010.07.27 22:46 B E:\PRODUCCION\CRM\RELEASES\20100520\CLIENT_FTP\CRM 2x4\obj\Debug\Crm.UI.frmParametersTaskSummary.resources <-- Kapaz /htdocs/softints/RELEASES/20100520/CLIENT/CRM 2x4/obj/Debug Crm.UI.frmParametersTaskSummary.resources
2010.07.27 22:46 B E:\PRODUCCION\CRM\RELEASES\20100520\CLIENT_FTP\CRM 2x4\obj\Debug\Crm.UI.frmRelation.resources <-- Kapaz /htdocs/softints/RELEASES/20100520/CLIENT/CRM 2x4/obj/Debug Crm.UI.frmRelation.resources
2010.07.27 22:46 B E:\PRODUCCION\CRM\RELEASES\20100520\CLIENT_FTP\CRM 2x4\obj\Debug\Crm.UI.frmReportFormat.resources <-- Kapaz /htdocs/softints/RELEASES/20100520/CLIENT/CRM 2x4/obj/Debug Crm.UI.frmReportFormat.resources
2010.07.27 22:46 B E:\PRODUCCION\CRM\RELEASES\20100520\CLIENT_FTP\CRM 2x4\obj\Debug\Crm.UI.frmReportViewer.resources <-- Kapaz /htdocs/softints/RELEASES/20100520/CLIENT/CRM 2x4/obj/Debug Crm.UI.frmReportViewer.resources
2010.07.27 22:46 B E:\PRODUCCION\CRM\RELEASES\20100520\CLIENT_FTP\CRM 2x4\obj\Debug\Crm.UI.frmSearch.resources <-- Kapaz /htdocs/softints/RELEASES/20100520/CLIENT/CRM 2x4/obj/Debug Crm.UI.frmSearch.resources
2010.07.27 22:46 B E:\PRODUCCION\CRM\RELEASES\20100520\CLIENT_FTP\CRM 2x4\obj\Debug\Crm.UI.frmTask.resources <-- Kapaz /htdocs/softints/RELEASES/20100520/CLIENT/CRM 2x4/obj/Debug Crm.UI.frmTask.resources
2010.07.27 22:46 B E:\PRODUCCION\CRM\RELEASES\20100520\CLIENT_FTP\CRM 2x4\obj\Debug\Crm.UI.frmTypes.resources <-- Kapaz /htdocs/softints/RELEASES/20100520/CLIENT/CRM 2x4/obj/Debug Crm.UI.frmTypes.resources
2010.07.27 22:46 B E:\PRODUCCION\CRM\RELEASES\20100520\CLIENT_FTP\CRM 2x4\obj\Debug\Crm.UI.GridView.resources <-- Kapaz /htdocs/softints/RELEASES/20100520/CLIENT/CRM 2x4/obj/Debug Crm.UI.GridView.resources
2010.07.27 22:46 B E:\PRODUCCION\CRM\RELEASES\20100520\CLIENT_FTP\CRM 2x4\obj\Debug\Crm.UI.Resources.resources <-- Kapaz /htdocs/softints/RELEASES/20100520/CLIENT/CRM 2x4/obj/Debug Crm.UI.Resources.resources
2010.07.27 22:46 B E:\PRODUCCION\CRM\RELEASES\20100520\CLIENT_FTP\CRM 2x4\obj\Debug\ResolveAssemblyReference.cache <-- Kapaz /htdocs/softints/RELEASES/20100520/CLIENT/CRM 2x4/obj/Debug ResolveAssemblyReference.cache
2010.08.05 11:18 B E:\PRODUCCION\CRM\RELEASES\20100520\CLIENT_FTP\CRM 2x4\obj\Debug\CRM 2x4.application --> ftp.kapaz.com.ar /htdocs/softints/RELEASES/20100520/CLIENT_FTP/CRM 2x4/obj/Debug CRM 2x4.application
2010.08.05 11:22 B E:\PRODUCCION\CRM\RELEASES\20100520\CLIENT_FTP\CRM 2x4\obj\Debug\CRM 2x4.exe --> ftp.kapaz.com.ar /htdocs/softints/RELEASES/20100520/CLIENT_FTP/CRM 2x4/obj/Debug CRM 2x4.exe
2010.08.05 11:22 B E:\PRODUCCION\CRM\RELEASES\20100520\CLIENT_FTP\CRM 2x4\obj\Debug\crm 2x4.exe.licenses --> ftp.kapaz.com.ar /htdocs/softints/RELEASES/20100520/CLIENT_FTP/CRM 2x4/obj/Debug crm 2x4.exe.licenses
2010.08.05 11:22 B E:\PRODUCCION\CRM\RELEASES\20100520\CLIENT_FTP\CRM 2x4\obj\Debug\CRM 2x4.exe.manifest --> ftp.kapaz.com.ar /htdocs/softints/RELEASES/20100520/CLIENT_FTP/CRM 2x4/obj/Debug CRM 2x4.exe.manifest
2010.08.05 11:23 B E:\PRODUCCION\CRM\RELEASES\20100520\CLIENT_FTP\CRM 2x4\obj\Debug\CRM 2x4.pdb --> ftp.kapaz.com.ar /htdocs/softints/RELEASES/20100520/CLIENT_FTP/CRM 2x4/obj/Debug CRM 2x4.pdb
2010.08.05 11:23 B E:\PRODUCCION\CRM\RELEASES\20100520\CLIENT_FTP\CRM 2x4\obj\Debug\CRM 2x4.TrustInfo.xml --> ftp.kapaz.com.ar /htdocs/softints/RELEASES/20100520/CLIENT_FTP/CRM 2x4/obj/Debug CRM 2x4.TrustInfo.xml
2010.08.05 11:23 B E:\PRODUCCION\CRM\RELEASES\20100520\CLIENT_FTP\CRM 2x4\obj\Debug\CRM 2x4.vbproj.FileListAbsolute.txt --> ftp.kapaz.com.ar /htdocs/softints/RELEASES/20100520/CLIENT_FTP/CRM 2x4/obj/Debug CRM 2x4.vbproj.FileListAbsolute.txt
2010.08.05 11:24 B E:\PRODUCCION\CRM\RELEASES\20100520\CLIENT_FTP\CRM 2x4\obj\Debug\CRM 2x4.vbproj.GenerateResource.Cache --> ftp.kapaz.com.ar /htdocs/softints/RELEASES/20100520/CLIENT_FTP/CRM 2x4/obj/Debug CRM 2x4.vbproj.GenerateResource.Cache
2010.08.05 11:24 B E:\PRODUCCION\CRM\RELEASES\20100520\CLIENT_FTP\CRM 2x4\obj\Debug\Crm.UI.frmAlert.resources --> ftp.kapaz.com.ar /htdocs/softints/RELEASES/20100520/CLIENT_FTP/CRM 2x4/obj/Debug Crm.UI.frmAlert.resources
2010.08.05 11:24 B E:\PRODUCCION\CRM\RELEASES\20100520\CLIENT_FTP\CRM 2x4\obj\Debug\Crm.UI.frmAlerts.resources --> ftp.kapaz.com.ar /htdocs/softints/RELEASES/20100520/CLIENT_FTP/CRM 2x4/obj/Debug Crm.UI.frmAlerts.resources
2010.08.05 11:24 B E:\PRODUCCION\CRM\RELEASES\20100520\CLIENT_FTP\CRM 2x4\obj\Debug\Crm.UI.frmCompanies.resources --> ftp.kapaz.com.ar /htdocs/softints/RELEASES/20100520/CLIENT_FTP/CRM 2x4/obj/Debug Crm.UI.frmCompanies.resources
2010.08.05 11:24 B E:\PRODUCCION\CRM\RELEASES\20100520\CLIENT_FTP\CRM 2x4\obj\Debug\Crm.UI.frmContact.resources --> ftp.kapaz.com.ar /htdocs/softints/RELEASES/20100520/CLIENT_FTP/CRM 2x4/obj/Debug Crm.UI.frmContact.resources
2010.08.05 11:24 B E:\PRODUCCION\CRM\RELEASES\20100520\CLIENT_FTP\CRM 2x4\obj\Debug\Crm.UI.frmCustomer.resources --> ftp.kapaz.com.ar /htdocs/softints/RELEASES/20100520/CLIENT_FTP/CRM 2x4/obj/Debug Crm.UI.frmCustomer.resources
2010.08.05 11:25 B E:\PRODUCCION\CRM\RELEASES\20100520\CLIENT_FTP\CRM 2x4\obj\Debug\Crm.UI.frmCustomersDeleted.resources --> ftp.kapaz.com.ar /htdocs/softints/RELEASES/20100520/CLIENT_FTP/CRM 2x4/obj/Debug Crm.UI.frmCustomersDeleted.resources
2010.08.05 11:25 B E:\PRODUCCION\CRM\RELEASES\20100520\CLIENT_FTP\CRM 2x4\obj\Debug\Crm.UI.frmCustomersToTango.resources --> ftp.kapaz.com.ar /htdocs/softints/RELEASES/20100520/CLIENT_FTP/CRM 2x4/obj/Debug Crm.UI.frmCustomersToTango.resources
2010.08.05 11:25 B E:\PRODUCCION\CRM\RELEASES\20100520\CLIENT_FTP\CRM 2x4\obj\Debug\Crm.UI.frmDeleteCustomer.resources --> ftp.kapaz.com.ar /htdocs/softints/RELEASES/20100520/CLIENT_FTP/CRM 2x4/obj/Debug Crm.UI.frmDeleteCustomer.resources
2010.08.05 11:25 B E:\PRODUCCION\CRM\RELEASES\20100520\CLIENT_FTP\CRM 2x4\obj\Debug\Crm.UI.frmEditionAlert.resources --> ftp.kapaz.com.ar /htdocs/softints/RELEASES/20100520/CLIENT_FTP/CRM 2x4/obj/Debug Crm.UI.frmEditionAlert.resources
2010.08.05 11:25 B E:\PRODUCCION\CRM\RELEASES\20100520\CLIENT_FTP\CRM 2x4\obj\Debug\Crm.UI.frmEditionCustomer.resources --> ftp.kapaz.com.ar /htdocs/softints/RELEASES/20100520/CLIENT_FTP/CRM 2x4/obj/Debug Crm.UI.frmEditionCustomer.resources
2010.08.05 11:26 B E:\PRODUCCION\CRM\RELEASES\20100520\CLIENT_FTP\CRM 2x4\obj\Debug\Crm.UI.frmEditionTask.resources --> ftp.kapaz.com.ar /htdocs/softints/RELEASES/20100520/CLIENT_FTP/CRM 2x4/obj/Debug Crm.UI.frmEditionTask.resources
2010.08.05 11:26 B E:\PRODUCCION\CRM\RELEASES\20100520\CLIENT_FTP\CRM 2x4\obj\Debug\Crm.UI.frmEvent.resources --> ftp.kapaz.com.ar /htdocs/softints/RELEASES/20100520/CLIENT_FTP/CRM 2x4/obj/Debug Crm.UI.frmEvent.resources
2010.08.05 11:26 B E:\PRODUCCION\CRM\RELEASES\20100520\CLIENT_FTP\CRM 2x4\obj\Debug\Crm.UI.frmException.resources --> ftp.kapaz.com.ar /htdocs/softints/RELEASES/20100520/CLIENT_FTP/CRM 2x4/obj/Debug Crm.UI.frmException.resources
2010.08.05 11:31 B E:\PRODUCCION\CRM\RELEASES\20100520\CLIENT_FTP\CRM 2x4\obj\Debug\Crm.UI.frmExportExcel.resources --> ftp.kapaz.com.ar /htdocs/softints/RELEASES/20100520/CLIENT_FTP/CRM 2x4/obj/Debug Crm.UI.frmExportExcel.resources
2010.08.05 11:31 B E:\PRODUCCION\CRM\RELEASES\20100520\CLIENT_FTP\CRM 2x4\obj\Debug\Crm.UI.frmExportWord.resources --> ftp.kapaz.com.ar /htdocs/softints/RELEASES/20100520/CLIENT_FTP/CRM 2x4/obj/Debug Crm.UI.frmExportWord.resources
2010.08.05 11:31 B E:\PRODUCCION\CRM\RELEASES\20100520\CLIENT_FTP\CRM 2x4\obj\Debug\Crm.UI.frmLogin.resources --> ftp.kapaz.com.ar /htdocs/softints/RELEASES/20100520/CLIENT_FTP/CRM 2x4/obj/Debug Crm.UI.frmLogin.resources
2010.08.05 11:31 B E:\PRODUCCION\CRM\RELEASES\20100520\CLIENT_FTP\CRM 2x4\obj\Debug\Crm.UI.frmMain.resources --> ftp.kapaz.com.ar /htdocs/softints/RELEASES/20100520/CLIENT_FTP/CRM 2x4/obj/Debug Crm.UI.frmMain.resources
2010.08.05 11:32 B E:\PRODUCCION\CRM\RELEASES\20100520\CLIENT_FTP\CRM 2x4\obj\Debug\Crm.UI.frmParametersCustomersDeleted.resources --> ftp.kapaz.com.ar /htdocs/softints/RELEASES/20100520/CLIENT_FTP/CRM 2x4/obj/Debug Crm.UI.frmParametersCustomersDeleted.resources
2010.08.05 11:32 B E:\PRODUCCION\CRM\RELEASES\20100520\CLIENT_FTP\CRM 2x4\obj\Debug\Crm.UI.frmParametersCustomersList.resources --> ftp.kapaz.com.ar /htdocs/softints/RELEASES/20100520/CLIENT_FTP/CRM 2x4/obj/Debug Crm.UI.frmParametersCustomersList.resources
2010.08.05 11:32 B E:\PRODUCCION\CRM\RELEASES\20100520\CLIENT_FTP\CRM 2x4\obj\Debug\Crm.UI.frmParametersEventSummary.resources --> ftp.kapaz.com.ar /htdocs/softints/RELEASES/20100520/CLIENT_FTP/CRM 2x4/obj/Debug Crm.UI.frmParametersEventSummary.resources
2010.08.05 11:32 B E:\PRODUCCION\CRM\RELEASES\20100520\CLIENT_FTP\CRM 2x4\obj\Debug\Crm.UI.frmParametersPotentialCustomersEntry.resources --> ftp.kapaz.com.ar /htdocs/softints/RELEASES/20100520/CLIENT_FTP/CRM 2x4/obj/Debug Crm.UI.frmParametersPotentialCustomersEntry.resources
2010.08.05 11:32 B E:\PRODUCCION\CRM\RELEASES\20100520\CLIENT_FTP\CRM 2x4\obj\Debug\Crm.UI.frmParametersPotentialToTango.resources --> ftp.kapaz.com.ar /htdocs/softints/RELEASES/20100520/CLIENT_FTP/CRM 2x4/obj/Debug Crm.UI.frmParametersPotentialToTango.resources
2010.08.05 11:33 B E:\PRODUCCION\CRM\RELEASES\20100520\CLIENT_FTP\CRM 2x4\obj\Debug\Crm.UI.frmParametersTaskDetails.resources --> ftp.kapaz.com.ar /htdocs/softints/RELEASES/20100520/CLIENT_FTP/CRM 2x4/obj/Debug Crm.UI.frmParametersTaskDetails.resources
2010.08.05 11:33 B E:\PRODUCCION\CRM\RELEASES\20100520\CLIENT_FTP\CRM 2x4\obj\Debug\Crm.UI.frmParametersTaskSummary.resources --> ftp.kapaz.com.ar /htdocs/softints/RELEASES/20100520/CLIENT_FTP/CRM 2x4/obj/Debug Crm.UI.frmParametersTaskSummary.resources
2010.08.05 11:33 B E:\PRODUCCION\CRM\RELEASES\20100520\CLIENT_FTP\CRM 2x4\obj\Debug\Crm.UI.frmRelation.resources --> ftp.kapaz.com.ar /htdocs/softints/RELEASES/20100520/CLIENT_FTP/CRM 2x4/obj/Debug Crm.UI.frmRelation.resources
2010.08.05 11:33 B E:\PRODUCCION\CRM\RELEASES\20100520\CLIENT_FTP\CRM 2x4\obj\Debug\Crm.UI.frmReportFormat.resources --> ftp.kapaz.com.ar /htdocs/softints/RELEASES/20100520/CLIENT_FTP/CRM 2x4/obj/Debug Crm.UI.frmReportFormat.resources
2010.08.05 11:33 B E:\PRODUCCION\CRM\RELEASES\20100520\CLIENT_FTP\CRM 2x4\obj\Debug\Crm.UI.frmReportViewer.resources --> ftp.kapaz.com.ar /htdocs/softints/RELEASES/20100520/CLIENT_FTP/CRM 2x4/obj/Debug Crm.UI.frmReportViewer.resources
2010.08.05 11:33 B E:\PRODUCCION\CRM\RELEASES\20100520\CLIENT_FTP\CRM 2x4\obj\Debug\Crm.UI.frmSearch.resources --> ftp.kapaz.com.ar /htdocs/softints/RELEASES/20100520/CLIENT_FTP/CRM 2x4/obj/Debug Crm.UI.frmSearch.resources
2010.08.05 11:34 B E:\PRODUCCION\CRM\RELEASES\20100520\CLIENT_FTP\CRM 2x4\obj\Debug\Crm.UI.frmTask.resources --> ftp.kapaz.com.ar /htdocs/softints/RELEASES/20100520/CLIENT_FTP/CRM 2x4/obj/Debug Crm.UI.frmTask.resources
2010.08.05 11:34 B E:\PRODUCCION\CRM\RELEASES\20100520\CLIENT_FTP\CRM 2x4\obj\Debug\Crm.UI.frmTypes.resources --> ftp.kapaz.com.ar /htdocs/softints/RELEASES/20100520/CLIENT_FTP/CRM 2x4/obj/Debug Crm.UI.frmTypes.resources
2010.08.05 11:34 B E:\PRODUCCION\CRM\RELEASES\20100520\CLIENT_FTP\CRM 2x4\obj\Debug\Crm.UI.GridView.resources --> ftp.kapaz.com.ar /htdocs/softints/RELEASES/20100520/CLIENT_FTP/CRM 2x4/obj/Debug Crm.UI.GridView.resources
2010.08.05 11:35 B E:\PRODUCCION\CRM\RELEASES\20100520\CLIENT_FTP\CRM 2x4\obj\Debug\Crm.UI.Resources.resources --> ftp.kapaz.com.ar /htdocs/softints/RELEASES/20100520/CLIENT_FTP/CRM 2x4/obj/Debug Crm.UI.Resources.resources
2010.08.05 11:35 B E:\PRODUCCION\CRM\RELEASES\20100520\CLIENT_FTP\CRM 2x4\obj\Debug\ResolveAssemblyReference.cache --> ftp.kapaz.com.ar /htdocs/softints/RELEASES/20100520/CLIENT_FTP/CRM 2x4/obj/Debug ResolveAssemblyReference.cache
2010.08.05 11:35 B E:\PRODUCCION\CRM\RELEASES\20100520\CLIENT_FTP\CRM 2x4\obj\Debug\WS_FTP.LOG --> ftp.kapaz.com.ar /htdocs/softints/RELEASES/20100520/CLIENT_FTP/CRM 2x4/obj/Debug WS_FTP.LOG
2010.09.03 22:52 B E:\PRODUCCION\CRM\RELEASES\20100520\CLIENT_FTP\CRM 2x4\obj\Debug\CRM 2x4.application --> ftp.primogenia.com /public_html/softints/CRM 2x4/obj/Debug CRM 2x4.application
2010.09.03 22:56 B E:\PRODUCCION\CRM\RELEASES\20100520\CLIENT_FTP\CRM 2x4\obj\Debug\CRM 2x4.exe --> ftp.primogenia.com /public_html/softints/CRM 2x4/obj/Debug CRM 2x4.exe
2010.09.03 22:56 B E:\PRODUCCION\CRM\RELEASES\20100520\CLIENT_FTP\CRM 2x4\obj\Debug\crm 2x4.exe.licenses --> ftp.primogenia.com /public_html/softints/CRM 2x4/obj/Debug crm 2x4.exe.licenses
2010.09.03 22:56 B E:\PRODUCCION\CRM\RELEASES\20100520\CLIENT_FTP\CRM 2x4\obj\Debug\CRM 2x4.exe.manifest --> ftp.primogenia.com /public_html/softints/CRM 2x4/obj/Debug CRM 2x4.exe.manifest
2010.09.03 22:57 B E:\PRODUCCION\CRM\RELEASES\20100520\CLIENT_FTP\CRM 2x4\obj\Debug\CRM 2x4.pdb --> ftp.primogenia.com /public_html/softints/CRM 2x4/obj/Debug CRM 2x4.pdb
2010.09.03 22:57 B E:\PRODUCCION\CRM\RELEASES\20100520\CLIENT_FTP\CRM 2x4\obj\Debug\CRM 2x4.TrustInfo.xml --> ftp.primogenia.com /public_html/softints/CRM 2x4/obj/Debug CRM 2x4.TrustInfo.xml
2010.09.03 22:57 B E:\PRODUCCION\CRM\RELEASES\20100520\CLIENT_FTP\CRM 2x4\obj\Debug\CRM 2x4.vbproj.FileListAbsolute.txt --> ftp.primogenia.com /public_html/softints/CRM 2x4/obj/Debug CRM 2x4.vbproj.FileListAbsolute.txt
2010.09.03 22:57 B E:\PRODUCCION\CRM\RELEASES\20100520\CLIENT_FTP\CRM 2x4\obj\Debug\CRM 2x4.vbproj.GenerateResource.Cache --> ftp.primogenia.com /public_html/softints/CRM 2x4/obj/Debug CRM 2x4.vbproj.GenerateResource.Cache
2010.09.03 22:57 B E:\PRODUCCION\CRM\RELEASES\20100520\CLIENT_FTP\CRM 2x4\obj\Debug\Crm.UI.frmAlert.resources --> ftp.primogenia.com /public_html/softints/CRM 2x4/obj/Debug Crm.UI.frmAlert.resources
2010.09.03 22:57 B E:\PRODUCCION\CRM\RELEASES\20100520\CLIENT_FTP\CRM 2x4\obj\Debug\Crm.UI.frmAlerts.resources --> ftp.primogenia.com /public_html/softints/CRM 2x4/obj/Debug Crm.UI.frmAlerts.resources
2010.09.03 22:57 B E:\PRODUCCION\CRM\RELEASES\20100520\CLIENT_FTP\CRM 2x4\obj\Debug\Crm.UI.frmCompanies.resources --> ftp.primogenia.com /public_html/softints/CRM 2x4/obj/Debug Crm.UI.frmCompanies.resources
2010.09.03 22:57 B E:\PRODUCCION\CRM\RELEASES\20100520\CLIENT_FTP\CRM 2x4\obj\Debug\Crm.UI.frmContact.resources --> ftp.primogenia.com /public_html/softints/CRM 2x4/obj/Debug Crm.UI.frmContact.resources
2010.09.03 22:58 B E:\PRODUCCION\CRM\RELEASES\20100520\CLIENT_FTP\CRM 2x4\obj\Debug\Crm.UI.frmCustomer.resources --> ftp.primogenia.com /public_html/softints/CRM 2x4/obj/Debug Crm.UI.frmCustomer.resources
2010.09.03 22:58 B E:\PRODUCCION\CRM\RELEASES\20100520\CLIENT_FTP\CRM 2x4\obj\Debug\Crm.UI.frmCustomersDeleted.resources --> ftp.primogenia.com /public_html/softints/CRM 2x4/obj/Debug Crm.UI.frmCustomersDeleted.resources
2010.09.03 22:58 B E:\PRODUCCION\CRM\RELEASES\20100520\CLIENT_FTP\CRM 2x4\obj\Debug\Crm.UI.frmCustomersToTango.resources --> ftp.primogenia.com /public_html/softints/CRM 2x4/obj/Debug Crm.UI.frmCustomersToTango.resources
2010.09.03 22:58 B E:\PRODUCCION\CRM\RELEASES\20100520\CLIENT_FTP\CRM 2x4\obj\Debug\Crm.UI.frmDeleteCustomer.resources --> ftp.primogenia.com /public_html/softints/CRM 2x4/obj/Debug Crm.UI.frmDeleteCustomer.resources
2010.09.03 22:58 B E:\PRODUCCION\CRM\RELEASES\20100520\CLIENT_FTP\CRM 2x4\obj\Debug\Crm.UI.frmEditionAlert.resources --> ftp.primogenia.com /public_html/softints/CRM 2x4/obj/Debug Crm.UI.frmEditionAlert.resources
2010.09.03 22:58 B E:\PRODUCCION\CRM\RELEASES\20100520\CLIENT_FTP\CRM 2x4\obj\Debug\Crm.UI.frmEditionCustomer.resources --> ftp.primogenia.com /public_html/softints/CRM 2x4/obj/Debug Crm.UI.frmEditionCustomer.resources
2010.09.03 22:58 B E:\PRODUCCION\CRM\RELEASES\20100520\CLIENT_FTP\CRM 2x4\obj\Debug\Crm.UI.frmEditionTask.resources --> ftp.primogenia.com /public_html/softints/CRM 2x4/obj/Debug Crm.UI.frmEditionTask.resources
2010.09.03 22:59 B E:\PRODUCCION\CRM\RELEASES\20100520\CLIENT_FTP\CRM 2x4\obj\Debug\Crm.UI.frmEvent.resources --> ftp.primogenia.com /public_html/softints/CRM 2x4/obj/Debug Crm.UI.frmEvent.resources
2010.09.03 22:59 B E:\PRODUCCION\CRM\RELEASES\20100520\CLIENT_FTP\CRM 2x4\obj\Debug\Crm.UI.frmException.resources --> ftp.primogenia.com /public_html/softints/CRM 2x4/obj/Debug Crm.UI.frmException.resources
2010.09.03 23:04 B E:\PRODUCCION\CRM\RELEASES\20100520\CLIENT_FTP\CRM 2x4\obj\Debug\Crm.UI.frmExportExcel.resources --> ftp.primogenia.com /public_html/softints/CRM 2x4/obj/Debug Crm.UI.frmExportExcel.resources
2010.09.03 23:04 B E:\PRODUCCION\CRM\RELEASES\20100520\CLIENT_FTP\CRM 2x4\obj\Debug\Crm.UI.frmExportWord.resources --> ftp.primogenia.com /public_html/softints/CRM 2x4/obj/Debug Crm.UI.frmExportWord.resources
2010.09.03 23:05 B E:\PRODUCCION\CRM\RELEASES\20100520\CLIENT_FTP\CRM 2x4\obj\Debug\Crm.UI.frmLogin.resources --> ftp.primogenia.com /public_html/softints/CRM 2x4/obj/Debug Crm.UI.frmLogin.resources
2010.09.03 23:05 B E:\PRODUCCION\CRM\RELEASES\20100520\CLIENT_FTP\CRM 2x4\obj\Debug\Crm.UI.frmMain.resources --> ftp.primogenia.com /public_html/softints/CRM 2x4/obj/Debug Crm.UI.frmMain.resources
2010.09.03 23:05 B E:\PRODUCCION\CRM\RELEASES\20100520\CLIENT_FTP\CRM 2x4\obj\Debug\Crm.UI.frmParametersCustomersDeleted.resources --> ftp.primogenia.com /public_html/softints/CRM 2x4/obj/Debug Crm.UI.frmParametersCustomersDeleted.resources
2010.09.03 23:05 B E:\PRODUCCION\CRM\RELEASES\20100520\CLIENT_FTP\CRM 2x4\obj\Debug\Crm.UI.frmParametersCustomersList.resources --> ftp.primogenia.com /public_html/softints/CRM 2x4/obj/Debug Crm.UI.frmParametersCustomersList.resources
2010.09.03 23:05 B E:\PRODUCCION\CRM\RELEASES\20100520\CLIENT_FTP\CRM 2x4\obj\Debug\Crm.UI.frmParametersEventSummary.resources --> ftp.primogenia.com /public_html/softints/CRM 2x4/obj/Debug Crm.UI.frmParametersEventSummary.resources
2010.09.03 23:05 B E:\PRODUCCION\CRM\RELEASES\20100520\CLIENT_FTP\CRM 2x4\obj\Debug\Crm.UI.frmParametersPotentialCustomersEntry.resources --> ftp.primogenia.com /public_html/softints/CRM 2x4/obj/Debug Crm.UI.frmParametersPotentialCustomersEntry.resources
2010.09.03 23:05 B E:\PRODUCCION\CRM\RELEASES\20100520\CLIENT_FTP\CRM 2x4\obj\Debug\Crm.UI.frmParametersPotentialToTango.resources --> ftp.primogenia.com /public_html/softints/CRM 2x4/obj/Debug Crm.UI.frmParametersPotentialToTango.resources
2010.09.03 23:06 B E:\PRODUCCION\CRM\RELEASES\20100520\CLIENT_FTP\CRM 2x4\obj\Debug\Crm.UI.frmParametersTaskDetails.resources --> ftp.primogenia.com /public_html/softints/CRM 2x4/obj/Debug Crm.UI.frmParametersTaskDetails.resources
2010.09.03 23:06 B E:\PRODUCCION\CRM\RELEASES\20100520\CLIENT_FTP\CRM 2x4\obj\Debug\Crm.UI.frmParametersTaskSummary.resources --> ftp.primogenia.com /public_html/softints/CRM 2x4/obj/Debug Crm.UI.frmParametersTaskSummary.resources
2010.09.03 23:06 B E:\PRODUCCION\CRM\RELEASES\20100520\CLIENT_FTP\CRM 2x4\obj\Debug\Crm.UI.frmRelation.resources --> ftp.primogenia.com /public_html/softints/CRM 2x4/obj/Debug Crm.UI.frmRelation.resources
2010.09.03 23:06 B E:\PRODUCCION\CRM\RELEASES\20100520\CLIENT_FTP\CRM 2x4\obj\Debug\Crm.UI.frmReportFormat.resources --> ftp.primogenia.com /public_html/softints/CRM 2x4/obj/Debug Crm.UI.frmReportFormat.resources
2010.09.03 23:06 B E:\PRODUCCION\CRM\RELEASES\20100520\CLIENT_FTP\CRM 2x4\obj\Debug\Crm.UI.frmReportViewer.resources --> ftp.primogenia.com /public_html/softints/CRM 2x4/obj/Debug Crm.UI.frmReportViewer.resources
2010.09.03 23:07 B E:\PRODUCCION\CRM\RELEASES\20100520\CLIENT_FTP\CRM 2x4\obj\Debug\Crm.UI.frmSearch.resources --> ftp.primogenia.com /public_html/softints/CRM 2x4/obj/Debug Crm.UI.frmSearch.resources
2010.09.03 23:07 B E:\PRODUCCION\CRM\RELEASES\20100520\CLIENT_FTP\CRM 2x4\obj\Debug\Crm.UI.frmTask.resources --> ftp.primogenia.com /public_html/softints/CRM 2x4/obj/Debug Crm.UI.frmTask.resources
2010.09.03 23:07 B E:\PRODUCCION\CRM\RELEASES\20100520\CLIENT_FTP\CRM 2x4\obj\Debug\Crm.UI.frmTypes.resources --> ftp.primogenia.com /public_html/softints/CRM 2x4/obj/Debug Crm.UI.frmTypes.resources
2010.09.03 23:07 B E:\PRODUCCION\CRM\RELEASES\20100520\CLIENT_FTP\CRM 2x4\obj\Debug\Crm.UI.GridView.resources --> ftp.primogenia.com /public_html/softints/CRM 2x4/obj/Debug Crm.UI.GridView.resources
2010.09.03 23:08 B E:\PRODUCCION\CRM\RELEASES\20100520\CLIENT_FTP\CRM 2x4\obj\Debug\Crm.UI.Resources.resources --> ftp.primogenia.com /public_html/softints/CRM 2x4/obj/Debug Crm.UI.Resources.resources
2010.09.03 23:08 B E:\PRODUCCION\CRM\RELEASES\20100520\CLIENT_FTP\CRM 2x4\obj\Debug\ResolveAssemblyReference.cache --> ftp.primogenia.com /public_html/softints/CRM 2x4/obj/Debug ResolveAssemblyReference.cache
