2010.07.27 22:49 B E:\PRODUCCION\CRM\RELEASES\20100520\CLIENT_FTP\CRM Domain\Repositories\AlertRepository.vb <-- Kapaz /htdocs/softints/RELEASES/20100520/CLIENT/CRM Domain/Repositories AlertRepository.vb
2010.07.27 22:49 B E:\PRODUCCION\CRM\RELEASES\20100520\CLIENT_FTP\CRM Domain\Repositories\CompanyRepository.vb <-- Kapaz /htdocs/softints/RELEASES/20100520/CLIENT/CRM Domain/Repositories CompanyRepository.vb
2010.07.27 22:49 B E:\PRODUCCION\CRM\RELEASES\20100520\CLIENT_FTP\CRM Domain\Repositories\ContactRepository.vb <-- Kapaz /htdocs/softints/RELEASES/20100520/CLIENT/CRM Domain/Repositories ContactRepository.vb
2010.07.27 22:49 B E:\PRODUCCION\CRM\RELEASES\20100520\CLIENT_FTP\CRM Domain\Repositories\CurrencyRepository.vb <-- Kapaz /htdocs/softints/RELEASES/20100520/CLIENT/CRM Domain/Repositories CurrencyRepository.vb
2010.07.27 22:49 B E:\PRODUCCION\CRM\RELEASES\20100520\CLIENT_FTP\CRM Domain\Repositories\CustomerGroupRepository.vb <-- Kapaz /htdocs/softints/RELEASES/20100520/CLIENT/CRM Domain/Repositories CustomerGroupRepository.vb
2010.07.27 22:49 B E:\PRODUCCION\CRM\RELEASES\20100520\CLIENT_FTP\CRM Domain\Repositories\CustomerRepository.vb <-- Kapaz /htdocs/softints/RELEASES/20100520/CLIENT/CRM Domain/Repositories CustomerRepository.vb
2010.07.27 22:49 B E:\PRODUCCION\CRM\RELEASES\20100520\CLIENT_FTP\CRM Domain\Repositories\EmployeeRepository.vb <-- Kapaz /htdocs/softints/RELEASES/20100520/CLIENT/CRM Domain/Repositories EmployeeRepository.vb
2010.07.27 22:49 B E:\PRODUCCION\CRM\RELEASES\20100520\CLIENT_FTP\CRM Domain\Repositories\FileRepository.vb <-- Kapaz /htdocs/softints/RELEASES/20100520/CLIENT/CRM Domain/Repositories FileRepository.vb
2010.07.27 22:49 B E:\PRODUCCION\CRM\RELEASES\20100520\CLIENT_FTP\CRM Domain\Repositories\ProfileRepository.vb <-- Kapaz /htdocs/softints/RELEASES/20100520/CLIENT/CRM Domain/Repositories ProfileRepository.vb
2010.07.27 22:49 B E:\PRODUCCION\CRM\RELEASES\20100520\CLIENT_FTP\CRM Domain\Repositories\ReportRepository.vb <-- Kapaz /htdocs/softints/RELEASES/20100520/CLIENT/CRM Domain/Repositories ReportRepository.vb
2010.07.27 22:49 B E:\PRODUCCION\CRM\RELEASES\20100520\CLIENT_FTP\CRM Domain\Repositories\SalesTermRepository.vb <-- Kapaz /htdocs/softints/RELEASES/20100520/CLIENT/CRM Domain/Repositories SalesTermRepository.vb
2010.07.27 22:49 B E:\PRODUCCION\CRM\RELEASES\20100520\CLIENT_FTP\CRM Domain\Repositories\StateRepository.vb <-- Kapaz /htdocs/softints/RELEASES/20100520/CLIENT/CRM Domain/Repositories StateRepository.vb
2010.07.27 22:49 B E:\PRODUCCION\CRM\RELEASES\20100520\CLIENT_FTP\CRM Domain\Repositories\SystemObjectsRepository.vb <-- Kapaz /htdocs/softints/RELEASES/20100520/CLIENT/CRM Domain/Repositories SystemObjectsRepository.vb
2010.07.27 22:49 B E:\PRODUCCION\CRM\RELEASES\20100520\CLIENT_FTP\CRM Domain\Repositories\TaskEntityRepository.vb <-- Kapaz /htdocs/softints/RELEASES/20100520/CLIENT/CRM Domain/Repositories TaskEntityRepository.vb
2010.07.27 22:49 B E:\PRODUCCION\CRM\RELEASES\20100520\CLIENT_FTP\CRM Domain\Repositories\TaskEventRepository.vb <-- Kapaz /htdocs/softints/RELEASES/20100520/CLIENT/CRM Domain/Repositories TaskEventRepository.vb
2010.07.27 22:49 B E:\PRODUCCION\CRM\RELEASES\20100520\CLIENT_FTP\CRM Domain\Repositories\TaskRepository.vb <-- Kapaz /htdocs/softints/RELEASES/20100520/CLIENT/CRM Domain/Repositories TaskRepository.vb
2010.07.27 22:49 B E:\PRODUCCION\CRM\RELEASES\20100520\CLIENT_FTP\CRM Domain\Repositories\TaxRepository.vb <-- Kapaz /htdocs/softints/RELEASES/20100520/CLIENT/CRM Domain/Repositories TaxRepository.vb
2010.07.27 22:49 B E:\PRODUCCION\CRM\RELEASES\20100520\CLIENT_FTP\CRM Domain\Repositories\TransportRepository.vb <-- Kapaz /htdocs/softints/RELEASES/20100520/CLIENT/CRM Domain/Repositories TransportRepository.vb
2010.07.27 22:49 B E:\PRODUCCION\CRM\RELEASES\20100520\CLIENT_FTP\CRM Domain\Repositories\UserRepository.vb <-- Kapaz /htdocs/softints/RELEASES/20100520/CLIENT/CRM Domain/Repositories UserRepository.vb
2010.07.27 22:49 B E:\PRODUCCION\CRM\RELEASES\20100520\CLIENT_FTP\CRM Domain\Repositories\ZoneRepository.vb <-- Kapaz /htdocs/softints/RELEASES/20100520/CLIENT/CRM Domain/Repositories ZoneRepository.vb
2010.08.05 12:00 B E:\PRODUCCION\CRM\RELEASES\20100520\CLIENT_FTP\CRM Domain\Repositories\AlertRepository.vb --> ftp.kapaz.com.ar /htdocs/softints/RELEASES/20100520/CLIENT_FTP/CRM Domain/Repositories AlertRepository.vb
2010.08.05 12:00 B E:\PRODUCCION\CRM\RELEASES\20100520\CLIENT_FTP\CRM Domain\Repositories\CompanyRepository.vb --> ftp.kapaz.com.ar /htdocs/softints/RELEASES/20100520/CLIENT_FTP/CRM Domain/Repositories CompanyRepository.vb
2010.08.05 12:00 B E:\PRODUCCION\CRM\RELEASES\20100520\CLIENT_FTP\CRM Domain\Repositories\ContactRepository.vb --> ftp.kapaz.com.ar /htdocs/softints/RELEASES/20100520/CLIENT_FTP/CRM Domain/Repositories ContactRepository.vb
2010.08.05 12:01 B E:\PRODUCCION\CRM\RELEASES\20100520\CLIENT_FTP\CRM Domain\Repositories\CurrencyRepository.vb --> ftp.kapaz.com.ar /htdocs/softints/RELEASES/20100520/CLIENT_FTP/CRM Domain/Repositories CurrencyRepository.vb
2010.08.05 12:01 B E:\PRODUCCION\CRM\RELEASES\20100520\CLIENT_FTP\CRM Domain\Repositories\CustomerGroupRepository.vb --> ftp.kapaz.com.ar /htdocs/softints/RELEASES/20100520/CLIENT_FTP/CRM Domain/Repositories CustomerGroupRepository.vb
2010.08.05 12:01 B E:\PRODUCCION\CRM\RELEASES\20100520\CLIENT_FTP\CRM Domain\Repositories\CustomerRepository.vb --> ftp.kapaz.com.ar /htdocs/softints/RELEASES/20100520/CLIENT_FTP/CRM Domain/Repositories CustomerRepository.vb
2010.08.05 12:01 B E:\PRODUCCION\CRM\RELEASES\20100520\CLIENT_FTP\CRM Domain\Repositories\EmployeeRepository.vb --> ftp.kapaz.com.ar /htdocs/softints/RELEASES/20100520/CLIENT_FTP/CRM Domain/Repositories EmployeeRepository.vb
2010.08.05 12:02 B E:\PRODUCCION\CRM\RELEASES\20100520\CLIENT_FTP\CRM Domain\Repositories\FileRepository.vb --> ftp.kapaz.com.ar /htdocs/softints/RELEASES/20100520/CLIENT_FTP/CRM Domain/Repositories FileRepository.vb
2010.08.05 12:02 B E:\PRODUCCION\CRM\RELEASES\20100520\CLIENT_FTP\CRM Domain\Repositories\ProfileRepository.vb --> ftp.kapaz.com.ar /htdocs/softints/RELEASES/20100520/CLIENT_FTP/CRM Domain/Repositories ProfileRepository.vb
2010.08.05 12:02 B E:\PRODUCCION\CRM\RELEASES\20100520\CLIENT_FTP\CRM Domain\Repositories\ReportRepository.vb --> ftp.kapaz.com.ar /htdocs/softints/RELEASES/20100520/CLIENT_FTP/CRM Domain/Repositories ReportRepository.vb
2010.08.05 12:02 B E:\PRODUCCION\CRM\RELEASES\20100520\CLIENT_FTP\CRM Domain\Repositories\SalesTermRepository.vb --> ftp.kapaz.com.ar /htdocs/softints/RELEASES/20100520/CLIENT_FTP/CRM Domain/Repositories SalesTermRepository.vb
2010.08.05 12:02 B E:\PRODUCCION\CRM\RELEASES\20100520\CLIENT_FTP\CRM Domain\Repositories\StateRepository.vb --> ftp.kapaz.com.ar /htdocs/softints/RELEASES/20100520/CLIENT_FTP/CRM Domain/Repositories StateRepository.vb
2010.08.05 12:02 B E:\PRODUCCION\CRM\RELEASES\20100520\CLIENT_FTP\CRM Domain\Repositories\SystemObjectsRepository.vb --> ftp.kapaz.com.ar /htdocs/softints/RELEASES/20100520/CLIENT_FTP/CRM Domain/Repositories SystemObjectsRepository.vb
2010.08.05 12:02 B E:\PRODUCCION\CRM\RELEASES\20100520\CLIENT_FTP\CRM Domain\Repositories\TaskEntityRepository.vb --> ftp.kapaz.com.ar /htdocs/softints/RELEASES/20100520/CLIENT_FTP/CRM Domain/Repositories TaskEntityRepository.vb
2010.08.05 12:02 B E:\PRODUCCION\CRM\RELEASES\20100520\CLIENT_FTP\CRM Domain\Repositories\TaskEventRepository.vb --> ftp.kapaz.com.ar /htdocs/softints/RELEASES/20100520/CLIENT_FTP/CRM Domain/Repositories TaskEventRepository.vb
2010.08.05 12:02 B E:\PRODUCCION\CRM\RELEASES\20100520\CLIENT_FTP\CRM Domain\Repositories\TaskRepository.vb --> ftp.kapaz.com.ar /htdocs/softints/RELEASES/20100520/CLIENT_FTP/CRM Domain/Repositories TaskRepository.vb
2010.08.05 12:02 B E:\PRODUCCION\CRM\RELEASES\20100520\CLIENT_FTP\CRM Domain\Repositories\TaxRepository.vb --> ftp.kapaz.com.ar /htdocs/softints/RELEASES/20100520/CLIENT_FTP/CRM Domain/Repositories TaxRepository.vb
2010.08.05 12:02 B E:\PRODUCCION\CRM\RELEASES\20100520\CLIENT_FTP\CRM Domain\Repositories\TransportRepository.vb --> ftp.kapaz.com.ar /htdocs/softints/RELEASES/20100520/CLIENT_FTP/CRM Domain/Repositories TransportRepository.vb
2010.08.05 12:02 B E:\PRODUCCION\CRM\RELEASES\20100520\CLIENT_FTP\CRM Domain\Repositories\UserRepository.vb --> ftp.kapaz.com.ar /htdocs/softints/RELEASES/20100520/CLIENT_FTP/CRM Domain/Repositories UserRepository.vb
2010.08.05 12:02 B E:\PRODUCCION\CRM\RELEASES\20100520\CLIENT_FTP\CRM Domain\Repositories\WS_FTP.LOG --> ftp.kapaz.com.ar /htdocs/softints/RELEASES/20100520/CLIENT_FTP/CRM Domain/Repositories WS_FTP.LOG
2010.08.05 12:02 B E:\PRODUCCION\CRM\RELEASES\20100520\CLIENT_FTP\CRM Domain\Repositories\ZoneRepository.vb --> ftp.kapaz.com.ar /htdocs/softints/RELEASES/20100520/CLIENT_FTP/CRM Domain/Repositories ZoneRepository.vb
2010.09.03 22:06 B E:\PRODUCCION\CRM\RELEASES\20100520\CLIENT_FTP\CRM Domain\Repositories\AlertRepository.vb --> ftp.primogenia.com /public_html/softints/CRM Domain/Repositories AlertRepository.vb
2010.09.03 22:06 B E:\PRODUCCION\CRM\RELEASES\20100520\CLIENT_FTP\CRM Domain\Repositories\CompanyRepository.vb --> ftp.primogenia.com /public_html/softints/CRM Domain/Repositories CompanyRepository.vb
2010.09.03 22:06 B E:\PRODUCCION\CRM\RELEASES\20100520\CLIENT_FTP\CRM Domain\Repositories\ContactRepository.vb --> ftp.primogenia.com /public_html/softints/CRM Domain/Repositories ContactRepository.vb
2010.09.03 22:06 B E:\PRODUCCION\CRM\RELEASES\20100520\CLIENT_FTP\CRM Domain\Repositories\CurrencyRepository.vb --> ftp.primogenia.com /public_html/softints/CRM Domain/Repositories CurrencyRepository.vb
2010.09.03 22:06 B E:\PRODUCCION\CRM\RELEASES\20100520\CLIENT_FTP\CRM Domain\Repositories\CustomerGroupRepository.vb --> ftp.primogenia.com /public_html/softints/CRM Domain/Repositories CustomerGroupRepository.vb
2010.09.03 22:06 B E:\PRODUCCION\CRM\RELEASES\20100520\CLIENT_FTP\CRM Domain\Repositories\CustomerRepository.vb --> ftp.primogenia.com /public_html/softints/CRM Domain/Repositories CustomerRepository.vb
2010.09.03 22:06 B E:\PRODUCCION\CRM\RELEASES\20100520\CLIENT_FTP\CRM Domain\Repositories\EmployeeRepository.vb --> ftp.primogenia.com /public_html/softints/CRM Domain/Repositories EmployeeRepository.vb
2010.09.03 22:06 B E:\PRODUCCION\CRM\RELEASES\20100520\CLIENT_FTP\CRM Domain\Repositories\FileRepository.vb --> ftp.primogenia.com /public_html/softints/CRM Domain/Repositories FileRepository.vb
2010.09.03 22:06 B E:\PRODUCCION\CRM\RELEASES\20100520\CLIENT_FTP\CRM Domain\Repositories\ProfileRepository.vb --> ftp.primogenia.com /public_html/softints/CRM Domain/Repositories ProfileRepository.vb
2010.09.03 22:06 B E:\PRODUCCION\CRM\RELEASES\20100520\CLIENT_FTP\CRM Domain\Repositories\ReportRepository.vb --> ftp.primogenia.com /public_html/softints/CRM Domain/Repositories ReportRepository.vb
2010.09.03 22:06 B E:\PRODUCCION\CRM\RELEASES\20100520\CLIENT_FTP\CRM Domain\Repositories\SalesTermRepository.vb --> ftp.primogenia.com /public_html/softints/CRM Domain/Repositories SalesTermRepository.vb
2010.09.03 22:06 B E:\PRODUCCION\CRM\RELEASES\20100520\CLIENT_FTP\CRM Domain\Repositories\StateRepository.vb --> ftp.primogenia.com /public_html/softints/CRM Domain/Repositories StateRepository.vb
2010.09.03 22:06 B E:\PRODUCCION\CRM\RELEASES\20100520\CLIENT_FTP\CRM Domain\Repositories\SystemObjectsRepository.vb --> ftp.primogenia.com /public_html/softints/CRM Domain/Repositories SystemObjectsRepository.vb
2010.09.03 22:06 B E:\PRODUCCION\CRM\RELEASES\20100520\CLIENT_FTP\CRM Domain\Repositories\TaskEntityRepository.vb --> ftp.primogenia.com /public_html/softints/CRM Domain/Repositories TaskEntityRepository.vb
2010.09.03 22:06 B E:\PRODUCCION\CRM\RELEASES\20100520\CLIENT_FTP\CRM Domain\Repositories\TaskEventRepository.vb --> ftp.primogenia.com /public_html/softints/CRM Domain/Repositories TaskEventRepository.vb
2010.09.03 22:06 B E:\PRODUCCION\CRM\RELEASES\20100520\CLIENT_FTP\CRM Domain\Repositories\TaskRepository.vb --> ftp.primogenia.com /public_html/softints/CRM Domain/Repositories TaskRepository.vb
2010.09.03 22:06 B E:\PRODUCCION\CRM\RELEASES\20100520\CLIENT_FTP\CRM Domain\Repositories\TaxRepository.vb --> ftp.primogenia.com /public_html/softints/CRM Domain/Repositories TaxRepository.vb
2010.09.03 22:06 B E:\PRODUCCION\CRM\RELEASES\20100520\CLIENT_FTP\CRM Domain\Repositories\TransportRepository.vb --> ftp.primogenia.com /public_html/softints/CRM Domain/Repositories TransportRepository.vb
2010.09.03 22:06 B E:\PRODUCCION\CRM\RELEASES\20100520\CLIENT_FTP\CRM Domain\Repositories\UserRepository.vb --> ftp.primogenia.com /public_html/softints/CRM Domain/Repositories UserRepository.vb
2010.09.03 22:07 B E:\PRODUCCION\CRM\RELEASES\20100520\CLIENT_FTP\CRM Domain\Repositories\WS_FTP.LOG --> ftp.primogenia.com /public_html/softints/CRM Domain/Repositories WS_FTP.LOG
2010.09.03 22:07 B E:\PRODUCCION\CRM\RELEASES\20100520\CLIENT_FTP\CRM Domain\Repositories\ZoneRepository.vb --> ftp.primogenia.com /public_html/softints/CRM Domain/Repositories ZoneRepository.vb
