2010.07.27 22:47 B E:\PRODUCCION\CRM\RELEASES\20100520\CLIENT_FTP\CRM 2x4\Resources\Formats\Access.png <-- Kapaz /htdocs/softints/RELEASES/20100520/CLIENT/CRM 2x4/Resources/Formats Access.png
2010.07.27 22:47 B E:\PRODUCCION\CRM\RELEASES\20100520\CLIENT_FTP\CRM 2x4\Resources\Formats\Excel.png <-- Kapaz /htdocs/softints/RELEASES/20100520/CLIENT/CRM 2x4/Resources/Formats Excel.png
2010.07.27 22:47 B E:\PRODUCCION\CRM\RELEASES\20100520\CLIENT_FTP\CRM 2x4\Resources\Formats\Notepad.png <-- Kapaz /htdocs/softints/RELEASES/20100520/CLIENT/CRM 2x4/Resources/Formats Notepad.png
2010.07.27 22:47 B E:\PRODUCCION\CRM\RELEASES\20100520\CLIENT_FTP\CRM 2x4\Resources\Formats\PDF.png <-- Kapaz /htdocs/softints/RELEASES/20100520/CLIENT/CRM 2x4/Resources/Formats PDF.png
2010.07.27 22:47 B E:\PRODUCCION\CRM\RELEASES\20100520\CLIENT_FTP\CRM 2x4\Resources\Formats\Printer.png <-- Kapaz /htdocs/softints/RELEASES/20100520/CLIENT/CRM 2x4/Resources/Formats Printer.png
2010.07.27 22:47 B E:\PRODUCCION\CRM\RELEASES\20100520\CLIENT_FTP\CRM 2x4\Resources\Formats\Screen.png <-- Kapaz /htdocs/softints/RELEASES/20100520/CLIENT/CRM 2x4/Resources/Formats Screen.png
2010.07.27 22:47 B E:\PRODUCCION\CRM\RELEASES\20100520\CLIENT_FTP\CRM 2x4\Resources\Formats\Thumbs.db <-- Kapaz /htdocs/softints/RELEASES/20100520/CLIENT/CRM 2x4/Resources/Formats Thumbs.db
2010.07.27 22:47 B E:\PRODUCCION\CRM\RELEASES\20100520\CLIENT_FTP\CRM 2x4\Resources\Formats\Word.png <-- Kapaz /htdocs/softints/RELEASES/20100520/CLIENT/CRM 2x4/Resources/Formats Word.png
2010.08.05 11:40 B E:\PRODUCCION\CRM\RELEASES\20100520\CLIENT_FTP\CRM 2x4\Resources\Formats\Access.png --> ftp.kapaz.com.ar /htdocs/softints/RELEASES/20100520/CLIENT_FTP/CRM 2x4/Resources/Formats Access.png
2010.08.05 11:40 B E:\PRODUCCION\CRM\RELEASES\20100520\CLIENT_FTP\CRM 2x4\Resources\Formats\Excel.png --> ftp.kapaz.com.ar /htdocs/softints/RELEASES/20100520/CLIENT_FTP/CRM 2x4/Resources/Formats Excel.png
2010.08.05 11:40 B E:\PRODUCCION\CRM\RELEASES\20100520\CLIENT_FTP\CRM 2x4\Resources\Formats\Notepad.png --> ftp.kapaz.com.ar /htdocs/softints/RELEASES/20100520/CLIENT_FTP/CRM 2x4/Resources/Formats Notepad.png
2010.08.05 11:40 B E:\PRODUCCION\CRM\RELEASES\20100520\CLIENT_FTP\CRM 2x4\Resources\Formats\PDF.png --> ftp.kapaz.com.ar /htdocs/softints/RELEASES/20100520/CLIENT_FTP/CRM 2x4/Resources/Formats PDF.png
2010.08.05 11:41 B E:\PRODUCCION\CRM\RELEASES\20100520\CLIENT_FTP\CRM 2x4\Resources\Formats\Printer.png --> ftp.kapaz.com.ar /htdocs/softints/RELEASES/20100520/CLIENT_FTP/CRM 2x4/Resources/Formats Printer.png
2010.08.05 11:41 B E:\PRODUCCION\CRM\RELEASES\20100520\CLIENT_FTP\CRM 2x4\Resources\Formats\Screen.png --> ftp.kapaz.com.ar /htdocs/softints/RELEASES/20100520/CLIENT_FTP/CRM 2x4/Resources/Formats Screen.png
2010.08.05 11:41 B E:\PRODUCCION\CRM\RELEASES\20100520\CLIENT_FTP\CRM 2x4\Resources\Formats\Thumbs.db --> ftp.kapaz.com.ar /htdocs/softints/RELEASES/20100520/CLIENT_FTP/CRM 2x4/Resources/Formats Thumbs.db
2010.08.05 11:41 B E:\PRODUCCION\CRM\RELEASES\20100520\CLIENT_FTP\CRM 2x4\Resources\Formats\Word.png --> ftp.kapaz.com.ar /htdocs/softints/RELEASES/20100520/CLIENT_FTP/CRM 2x4/Resources/Formats Word.png
2010.08.05 11:41 B E:\PRODUCCION\CRM\RELEASES\20100520\CLIENT_FTP\CRM 2x4\Resources\Formats\WS_FTP.LOG --> ftp.kapaz.com.ar /htdocs/softints/RELEASES/20100520/CLIENT_FTP/CRM 2x4/Resources/Formats WS_FTP.LOG
2010.09.04 00:15 B E:\PRODUCCION\CRM\RELEASES\20100520\CLIENT_FTP\CRM 2x4\Resources\Formats\Access.png --> ftp.primogenia.com /public_html/softints/CRM 2x4/Resources/Formats Access.png
2010.09.04 00:15 B E:\PRODUCCION\CRM\RELEASES\20100520\CLIENT_FTP\CRM 2x4\Resources\Formats\Excel.png --> ftp.primogenia.com /public_html/softints/CRM 2x4/Resources/Formats Excel.png
2010.09.04 00:15 B E:\PRODUCCION\CRM\RELEASES\20100520\CLIENT_FTP\CRM 2x4\Resources\Formats\Notepad.png --> ftp.primogenia.com /public_html/softints/CRM 2x4/Resources/Formats Notepad.png
2010.09.04 00:15 B E:\PRODUCCION\CRM\RELEASES\20100520\CLIENT_FTP\CRM 2x4\Resources\Formats\PDF.png --> ftp.primogenia.com /public_html/softints/CRM 2x4/Resources/Formats PDF.png
2010.09.04 00:15 B E:\PRODUCCION\CRM\RELEASES\20100520\CLIENT_FTP\CRM 2x4\Resources\Formats\Printer.png --> ftp.primogenia.com /public_html/softints/CRM 2x4/Resources/Formats Printer.png
2010.09.04 00:15 B E:\PRODUCCION\CRM\RELEASES\20100520\CLIENT_FTP\CRM 2x4\Resources\Formats\Screen.png --> ftp.primogenia.com /public_html/softints/CRM 2x4/Resources/Formats Screen.png
2010.09.04 00:15 B E:\PRODUCCION\CRM\RELEASES\20100520\CLIENT_FTP\CRM 2x4\Resources\Formats\Thumbs.db --> ftp.primogenia.com /public_html/softints/CRM 2x4/Resources/Formats Thumbs.db
2010.09.04 00:16 B E:\PRODUCCION\CRM\RELEASES\20100520\CLIENT_FTP\CRM 2x4\Resources\Formats\Word.png --> ftp.primogenia.com /public_html/softints/CRM 2x4/Resources/Formats Word.png
2010.09.04 00:16 B E:\PRODUCCION\CRM\RELEASES\20100520\CLIENT_FTP\CRM 2x4\Resources\Formats\WS_FTP.LOG --> ftp.primogenia.com /public_html/softints/CRM 2x4/Resources/Formats WS_FTP.LOG
