2010.07.27 22:44 B E:\PRODUCCION\CRM\RELEASES\20100520\CLIENT_FTP\CRM 2x4\Forms\frmWizards\frmExportAccess.Designer.vb <-- Kapaz /htdocs/softints/RELEASES/20100520/CLIENT/CRM 2x4/Forms/frmWizards frmExportAccess.Designer.vb
2010.07.27 22:44 B E:\PRODUCCION\CRM\RELEASES\20100520\CLIENT_FTP\CRM 2x4\Forms\frmWizards\frmExportAccess.vb <-- Kapaz /htdocs/softints/RELEASES/20100520/CLIENT/CRM 2x4/Forms/frmWizards frmExportAccess.vb
2010.07.27 22:44 B E:\PRODUCCION\CRM\RELEASES\20100520\CLIENT_FTP\CRM 2x4\Forms\frmWizards\frmExportExcel.Designer.vb <-- Kapaz /htdocs/softints/RELEASES/20100520/CLIENT/CRM 2x4/Forms/frmWizards frmExportExcel.Designer.vb
2010.07.27 22:45 B E:\PRODUCCION\CRM\RELEASES\20100520\CLIENT_FTP\CRM 2x4\Forms\frmWizards\frmExportExcel.resx <-- Kapaz /htdocs/softints/RELEASES/20100520/CLIENT/CRM 2x4/Forms/frmWizards frmExportExcel.resx
2010.07.27 22:45 B E:\PRODUCCION\CRM\RELEASES\20100520\CLIENT_FTP\CRM 2x4\Forms\frmWizards\frmExportExcel.vb <-- Kapaz /htdocs/softints/RELEASES/20100520/CLIENT/CRM 2x4/Forms/frmWizards frmExportExcel.vb
2010.07.27 22:45 B E:\PRODUCCION\CRM\RELEASES\20100520\CLIENT_FTP\CRM 2x4\Forms\frmWizards\frmExportWord.Designer.vb <-- Kapaz /htdocs/softints/RELEASES/20100520/CLIENT/CRM 2x4/Forms/frmWizards frmExportWord.Designer.vb
2010.07.27 22:45 B E:\PRODUCCION\CRM\RELEASES\20100520\CLIENT_FTP\CRM 2x4\Forms\frmWizards\frmExportWord.resx <-- Kapaz /htdocs/softints/RELEASES/20100520/CLIENT/CRM 2x4/Forms/frmWizards frmExportWord.resx
2010.07.27 22:45 B E:\PRODUCCION\CRM\RELEASES\20100520\CLIENT_FTP\CRM 2x4\Forms\frmWizards\frmExportWord.vb <-- Kapaz /htdocs/softints/RELEASES/20100520/CLIENT/CRM 2x4/Forms/frmWizards frmExportWord.vb
2010.08.05 11:08 B E:\PRODUCCION\CRM\RELEASES\20100520\CLIENT_FTP\CRM 2x4\Forms\frmWizards\frmExportAccess.Designer.vb --> ftp.kapaz.com.ar /htdocs/softints/RELEASES/20100520/CLIENT_FTP/CRM 2x4/Forms/frmWizards frmExportAccess.Designer.vb
2010.08.05 11:08 B E:\PRODUCCION\CRM\RELEASES\20100520\CLIENT_FTP\CRM 2x4\Forms\frmWizards\frmExportAccess.vb --> ftp.kapaz.com.ar /htdocs/softints/RELEASES/20100520/CLIENT_FTP/CRM 2x4/Forms/frmWizards frmExportAccess.vb
2010.08.05 11:08 B E:\PRODUCCION\CRM\RELEASES\20100520\CLIENT_FTP\CRM 2x4\Forms\frmWizards\frmExportExcel.Designer.vb --> ftp.kapaz.com.ar /htdocs/softints/RELEASES/20100520/CLIENT_FTP/CRM 2x4/Forms/frmWizards frmExportExcel.Designer.vb
2010.08.05 11:08 B E:\PRODUCCION\CRM\RELEASES\20100520\CLIENT_FTP\CRM 2x4\Forms\frmWizards\frmExportExcel.resx --> ftp.kapaz.com.ar /htdocs/softints/RELEASES/20100520/CLIENT_FTP/CRM 2x4/Forms/frmWizards frmExportExcel.resx
2010.08.05 11:08 B E:\PRODUCCION\CRM\RELEASES\20100520\CLIENT_FTP\CRM 2x4\Forms\frmWizards\frmExportExcel.vb --> ftp.kapaz.com.ar /htdocs/softints/RELEASES/20100520/CLIENT_FTP/CRM 2x4/Forms/frmWizards frmExportExcel.vb
2010.08.05 11:08 B E:\PRODUCCION\CRM\RELEASES\20100520\CLIENT_FTP\CRM 2x4\Forms\frmWizards\frmExportWord.Designer.vb --> ftp.kapaz.com.ar /htdocs/softints/RELEASES/20100520/CLIENT_FTP/CRM 2x4/Forms/frmWizards frmExportWord.Designer.vb
2010.08.05 11:08 B E:\PRODUCCION\CRM\RELEASES\20100520\CLIENT_FTP\CRM 2x4\Forms\frmWizards\frmExportWord.resx --> ftp.kapaz.com.ar /htdocs/softints/RELEASES/20100520/CLIENT_FTP/CRM 2x4/Forms/frmWizards frmExportWord.resx
2010.08.05 11:08 B E:\PRODUCCION\CRM\RELEASES\20100520\CLIENT_FTP\CRM 2x4\Forms\frmWizards\frmExportWord.vb --> ftp.kapaz.com.ar /htdocs/softints/RELEASES/20100520/CLIENT_FTP/CRM 2x4/Forms/frmWizards frmExportWord.vb
2010.08.05 11:08 B E:\PRODUCCION\CRM\RELEASES\20100520\CLIENT_FTP\CRM 2x4\Forms\frmWizards\WS_FTP.LOG --> ftp.kapaz.com.ar /htdocs/softints/RELEASES/20100520/CLIENT_FTP/CRM 2x4/Forms/frmWizards WS_FTP.LOG
2010.09.03 22:44 B E:\PRODUCCION\CRM\RELEASES\20100520\CLIENT_FTP\CRM 2x4\Forms\frmWizards\frmExportAccess.Designer.vb --> ftp.primogenia.com /public_html/softints/CRM 2x4/Forms/frmWizards frmExportAccess.Designer.vb
2010.09.03 22:44 B E:\PRODUCCION\CRM\RELEASES\20100520\CLIENT_FTP\CRM 2x4\Forms\frmWizards\frmExportAccess.vb --> ftp.primogenia.com /public_html/softints/CRM 2x4/Forms/frmWizards frmExportAccess.vb
2010.09.03 22:44 B E:\PRODUCCION\CRM\RELEASES\20100520\CLIENT_FTP\CRM 2x4\Forms\frmWizards\frmExportExcel.Designer.vb --> ftp.primogenia.com /public_html/softints/CRM 2x4/Forms/frmWizards frmExportExcel.Designer.vb
2010.09.03 22:44 B E:\PRODUCCION\CRM\RELEASES\20100520\CLIENT_FTP\CRM 2x4\Forms\frmWizards\frmExportExcel.resx --> ftp.primogenia.com /public_html/softints/CRM 2x4/Forms/frmWizards frmExportExcel.resx
2010.09.03 22:44 B E:\PRODUCCION\CRM\RELEASES\20100520\CLIENT_FTP\CRM 2x4\Forms\frmWizards\frmExportExcel.vb --> ftp.primogenia.com /public_html/softints/CRM 2x4/Forms/frmWizards frmExportExcel.vb
2010.09.03 22:44 B E:\PRODUCCION\CRM\RELEASES\20100520\CLIENT_FTP\CRM 2x4\Forms\frmWizards\frmExportWord.Designer.vb --> ftp.primogenia.com /public_html/softints/CRM 2x4/Forms/frmWizards frmExportWord.Designer.vb
2010.09.03 22:45 B E:\PRODUCCION\CRM\RELEASES\20100520\CLIENT_FTP\CRM 2x4\Forms\frmWizards\frmExportWord.resx --> ftp.primogenia.com /public_html/softints/CRM 2x4/Forms/frmWizards frmExportWord.resx
2010.09.03 22:45 B E:\PRODUCCION\CRM\RELEASES\20100520\CLIENT_FTP\CRM 2x4\Forms\frmWizards\frmExportWord.vb --> ftp.primogenia.com /public_html/softints/CRM 2x4/Forms/frmWizards frmExportWord.vb
2010.09.03 22:45 B E:\PRODUCCION\CRM\RELEASES\20100520\CLIENT_FTP\CRM 2x4\Forms\frmWizards\WS_FTP.LOG --> ftp.primogenia.com /public_html/softints/CRM 2x4/Forms/frmWizards WS_FTP.LOG
