2010.07.27 22:44 B E:\PRODUCCION\CRM\RELEASES\20100520\CLIENT_FTP\CRM 2x4\bin\Release\Client_Release_20100701.rar <-- Kapaz /htdocs/softints/RELEASES/20100520/CLIENT/CRM 2x4/bin/Release Client_Release_20100701.rar
2010.07.27 22:44 B E:\PRODUCCION\CRM\RELEASES\20100520\CLIENT_FTP\CRM 2x4\bin\Release\CRM 2x4.exe <-- Kapaz /htdocs/softints/RELEASES/20100520/CLIENT/CRM 2x4/bin/Release CRM 2x4.exe
2010.07.27 22:44 B E:\PRODUCCION\CRM\RELEASES\20100520\CLIENT_FTP\CRM 2x4\bin\Release\CRM 2x4.exe.config <-- Kapaz /htdocs/softints/RELEASES/20100520/CLIENT/CRM 2x4/bin/Release CRM 2x4.exe.config
2010.07.27 22:44 B E:\PRODUCCION\CRM\RELEASES\20100520\CLIENT_FTP\CRM 2x4\bin\Release\CRM 2x4.pdb <-- Kapaz /htdocs/softints/RELEASES/20100520/CLIENT/CRM 2x4/bin/Release CRM 2x4.pdb
2010.07.27 22:44 B E:\PRODUCCION\CRM\RELEASES\20100520\CLIENT_FTP\CRM 2x4\bin\Release\CRM 2x4.vshost.exe <-- Kapaz /htdocs/softints/RELEASES/20100520/CLIENT/CRM 2x4/bin/Release CRM 2x4.vshost.exe
2010.07.27 22:44 B E:\PRODUCCION\CRM\RELEASES\20100520\CLIENT_FTP\CRM 2x4\bin\Release\CRM 2x4.vshost.exe.config <-- Kapaz /htdocs/softints/RELEASES/20100520/CLIENT/CRM 2x4/bin/Release CRM 2x4.vshost.exe.config
2010.07.27 22:44 B E:\PRODUCCION\CRM\RELEASES\20100520\CLIENT_FTP\CRM 2x4\bin\Release\CRM 2x4.vshost.exe.manifest <-- Kapaz /htdocs/softints/RELEASES/20100520/CLIENT/CRM 2x4/bin/Release CRM 2x4.vshost.exe.manifest
2010.07.27 22:44 B E:\PRODUCCION\CRM\RELEASES\20100520\CLIENT_FTP\CRM 2x4\bin\Release\CRM Data.dll <-- Kapaz /htdocs/softints/RELEASES/20100520/CLIENT/CRM 2x4/bin/Release CRM Data.dll
2010.07.27 22:44 B E:\PRODUCCION\CRM\RELEASES\20100520\CLIENT_FTP\CRM 2x4\bin\Release\CRM Data.pdb <-- Kapaz /htdocs/softints/RELEASES/20100520/CLIENT/CRM 2x4/bin/Release CRM Data.pdb
2010.07.27 22:44 B E:\PRODUCCION\CRM\RELEASES\20100520\CLIENT_FTP\CRM 2x4\bin\Release\CRM Domain.dll <-- Kapaz /htdocs/softints/RELEASES/20100520/CLIENT/CRM 2x4/bin/Release CRM Domain.dll
2010.07.27 22:44 B E:\PRODUCCION\CRM\RELEASES\20100520\CLIENT_FTP\CRM 2x4\bin\Release\CRM Domain.pdb <-- Kapaz /htdocs/softints/RELEASES/20100520/CLIENT/CRM 2x4/bin/Release CRM Domain.pdb
2010.07.27 22:44 B E:\PRODUCCION\CRM\RELEASES\20100520\CLIENT_FTP\CRM 2x4\bin\Release\ERROR.txt <-- Kapaz /htdocs/softints/RELEASES/20100520/CLIENT/CRM 2x4/bin/Release ERROR.txt
2010.07.27 22:44 B E:\PRODUCCION\CRM\RELEASES\20100520\CLIENT_FTP\CRM 2x4\bin\Release\Interop.HardLockServer.dll <-- Kapaz /htdocs/softints/RELEASES/20100520/CLIENT/CRM 2x4/bin/Release Interop.HardLockServer.dll
2010.07.27 22:44 B E:\PRODUCCION\CRM\RELEASES\20100520\CLIENT_FTP\CRM 2x4\bin\Release\Microsoft.Office.Interop.Access.dll <-- Kapaz /htdocs/softints/RELEASES/20100520/CLIENT/CRM 2x4/bin/Release Microsoft.Office.Interop.Access.dll
2010.07.27 22:44 B E:\PRODUCCION\CRM\RELEASES\20100520\CLIENT_FTP\CRM 2x4\bin\Release\Microsoft.Vbe.Interop.dll <-- Kapaz /htdocs/softints/RELEASES/20100520/CLIENT/CRM 2x4/bin/Release Microsoft.Vbe.Interop.dll
2010.07.27 22:44 B E:\PRODUCCION\CRM\RELEASES\20100520\CLIENT_FTP\CRM 2x4\bin\Release\office.dll <-- Kapaz /htdocs/softints/RELEASES/20100520/CLIENT/CRM 2x4/bin/Release office.dll
2010.07.27 22:44 B E:\PRODUCCION\CRM\RELEASES\20100520\CLIENT_FTP\CRM 2x4\bin\Release\office.xml <-- Kapaz /htdocs/softints/RELEASES/20100520/CLIENT/CRM 2x4/bin/Release office.xml
2010.08.05 10:57 B E:\PRODUCCION\CRM\RELEASES\20100520\CLIENT_FTP\CRM 2x4\bin\Release\Client_Release_20100701.rar --> ftp.kapaz.com.ar /htdocs/softints/RELEASES/20100520/CLIENT_FTP/CRM 2x4/bin/Release Client_Release_20100701.rar
2010.08.05 10:57 B E:\PRODUCCION\CRM\RELEASES\20100520\CLIENT_FTP\CRM 2x4\bin\Release\CRM 2x4.application --> ftp.kapaz.com.ar /htdocs/softints/RELEASES/20100520/CLIENT_FTP/CRM 2x4/bin/Release CRM 2x4.application
2010.08.05 11:01 B E:\PRODUCCION\CRM\RELEASES\20100520\CLIENT_FTP\CRM 2x4\bin\Release\CRM 2x4.exe --> ftp.kapaz.com.ar /htdocs/softints/RELEASES/20100520/CLIENT_FTP/CRM 2x4/bin/Release CRM 2x4.exe
2010.08.05 11:01 B E:\PRODUCCION\CRM\RELEASES\20100520\CLIENT_FTP\CRM 2x4\bin\Release\CRM 2x4.exe.config --> ftp.kapaz.com.ar /htdocs/softints/RELEASES/20100520/CLIENT_FTP/CRM 2x4/bin/Release CRM 2x4.exe.config
2010.08.05 11:01 B E:\PRODUCCION\CRM\RELEASES\20100520\CLIENT_FTP\CRM 2x4\bin\Release\CRM 2x4.exe.manifest --> ftp.kapaz.com.ar /htdocs/softints/RELEASES/20100520/CLIENT_FTP/CRM 2x4/bin/Release CRM 2x4.exe.manifest
2010.08.05 11:02 B E:\PRODUCCION\CRM\RELEASES\20100520\CLIENT_FTP\CRM 2x4\bin\Release\CRM 2x4.pdb --> ftp.kapaz.com.ar /htdocs/softints/RELEASES/20100520/CLIENT_FTP/CRM 2x4/bin/Release CRM 2x4.pdb
2010.08.05 11:02 B E:\PRODUCCION\CRM\RELEASES\20100520\CLIENT_FTP\CRM 2x4\bin\Release\CRM 2x4.vshost.exe --> ftp.kapaz.com.ar /htdocs/softints/RELEASES/20100520/CLIENT_FTP/CRM 2x4/bin/Release CRM 2x4.vshost.exe
2010.08.05 11:02 B E:\PRODUCCION\CRM\RELEASES\20100520\CLIENT_FTP\CRM 2x4\bin\Release\CRM 2x4.vshost.exe.config --> ftp.kapaz.com.ar /htdocs/softints/RELEASES/20100520/CLIENT_FTP/CRM 2x4/bin/Release CRM 2x4.vshost.exe.config
2010.08.05 11:02 B E:\PRODUCCION\CRM\RELEASES\20100520\CLIENT_FTP\CRM 2x4\bin\Release\CRM 2x4.vshost.exe.manifest --> ftp.kapaz.com.ar /htdocs/softints/RELEASES/20100520/CLIENT_FTP/CRM 2x4/bin/Release CRM 2x4.vshost.exe.manifest
2010.08.05 11:02 B E:\PRODUCCION\CRM\RELEASES\20100520\CLIENT_FTP\CRM 2x4\bin\Release\CRM Data.dll --> ftp.kapaz.com.ar /htdocs/softints/RELEASES/20100520/CLIENT_FTP/CRM 2x4/bin/Release CRM Data.dll
2010.08.05 11:02 B E:\PRODUCCION\CRM\RELEASES\20100520\CLIENT_FTP\CRM 2x4\bin\Release\CRM Data.pdb --> ftp.kapaz.com.ar /htdocs/softints/RELEASES/20100520/CLIENT_FTP/CRM 2x4/bin/Release CRM Data.pdb
2010.08.05 11:02 B E:\PRODUCCION\CRM\RELEASES\20100520\CLIENT_FTP\CRM 2x4\bin\Release\CRM Domain.dll --> ftp.kapaz.com.ar /htdocs/softints/RELEASES/20100520/CLIENT_FTP/CRM 2x4/bin/Release CRM Domain.dll
2010.08.05 11:03 B E:\PRODUCCION\CRM\RELEASES\20100520\CLIENT_FTP\CRM 2x4\bin\Release\CRM Domain.pdb --> ftp.kapaz.com.ar /htdocs/softints/RELEASES/20100520/CLIENT_FTP/CRM 2x4/bin/Release CRM Domain.pdb
2010.08.05 11:03 B E:\PRODUCCION\CRM\RELEASES\20100520\CLIENT_FTP\CRM 2x4\bin\Release\ERROR.txt --> ftp.kapaz.com.ar /htdocs/softints/RELEASES/20100520/CLIENT_FTP/CRM 2x4/bin/Release ERROR.txt
2010.08.05 11:03 B E:\PRODUCCION\CRM\RELEASES\20100520\CLIENT_FTP\CRM 2x4\bin\Release\Interop.HardLockServer.dll --> ftp.kapaz.com.ar /htdocs/softints/RELEASES/20100520/CLIENT_FTP/CRM 2x4/bin/Release Interop.HardLockServer.dll
2010.08.05 11:04 B E:\PRODUCCION\CRM\RELEASES\20100520\CLIENT_FTP\CRM 2x4\bin\Release\Microsoft.Office.Interop.Access.dll --> ftp.kapaz.com.ar /htdocs/softints/RELEASES/20100520/CLIENT_FTP/CRM 2x4/bin/Release Microsoft.Office.Interop.Access.dll
2010.08.05 11:04 B E:\PRODUCCION\CRM\RELEASES\20100520\CLIENT_FTP\CRM 2x4\bin\Release\Microsoft.Vbe.Interop.dll --> ftp.kapaz.com.ar /htdocs/softints/RELEASES/20100520/CLIENT_FTP/CRM 2x4/bin/Release Microsoft.Vbe.Interop.dll
2010.08.05 11:04 B E:\PRODUCCION\CRM\RELEASES\20100520\CLIENT_FTP\CRM 2x4\bin\Release\office.dll --> ftp.kapaz.com.ar /htdocs/softints/RELEASES/20100520/CLIENT_FTP/CRM 2x4/bin/Release office.dll
2010.08.05 11:05 B E:\PRODUCCION\CRM\RELEASES\20100520\CLIENT_FTP\CRM 2x4\bin\Release\office.xml --> ftp.kapaz.com.ar /htdocs/softints/RELEASES/20100520/CLIENT_FTP/CRM 2x4/bin/Release office.xml
2010.08.05 11:05 B E:\PRODUCCION\CRM\RELEASES\20100520\CLIENT_FTP\CRM 2x4\bin\Release\WS_FTP.LOG --> ftp.kapaz.com.ar /htdocs/softints/RELEASES/20100520/CLIENT_FTP/CRM 2x4/bin/Release WS_FTP.LOG
2010.09.03 22:34 B E:\PRODUCCION\CRM\RELEASES\20100520\CLIENT_FTP\CRM 2x4\bin\Release\CRM 2x4.application --> ftp.primogenia.com /public_html/softints/CRM 2x4/bin/Release CRM 2x4.application
2010.09.03 22:38 B E:\PRODUCCION\CRM\RELEASES\20100520\CLIENT_FTP\CRM 2x4\bin\Release\CRM 2x4.exe --> ftp.primogenia.com /public_html/softints/CRM 2x4/bin/Release CRM 2x4.exe
2010.09.03 22:38 B E:\PRODUCCION\CRM\RELEASES\20100520\CLIENT_FTP\CRM 2x4\bin\Release\CRM 2x4.exe.config --> ftp.primogenia.com /public_html/softints/CRM 2x4/bin/Release CRM 2x4.exe.config
2010.09.03 22:38 B E:\PRODUCCION\CRM\RELEASES\20100520\CLIENT_FTP\CRM 2x4\bin\Release\CRM 2x4.exe.manifest --> ftp.primogenia.com /public_html/softints/CRM 2x4/bin/Release CRM 2x4.exe.manifest
2010.09.03 22:39 B E:\PRODUCCION\CRM\RELEASES\20100520\CLIENT_FTP\CRM 2x4\bin\Release\CRM 2x4.pdb --> ftp.primogenia.com /public_html/softints/CRM 2x4/bin/Release CRM 2x4.pdb
2010.09.03 22:39 B E:\PRODUCCION\CRM\RELEASES\20100520\CLIENT_FTP\CRM 2x4\bin\Release\CRM 2x4.vshost.exe --> ftp.primogenia.com /public_html/softints/CRM 2x4/bin/Release CRM 2x4.vshost.exe
2010.09.03 22:39 B E:\PRODUCCION\CRM\RELEASES\20100520\CLIENT_FTP\CRM 2x4\bin\Release\CRM 2x4.vshost.exe.config --> ftp.primogenia.com /public_html/softints/CRM 2x4/bin/Release CRM 2x4.vshost.exe.config
2010.09.03 22:39 B E:\PRODUCCION\CRM\RELEASES\20100520\CLIENT_FTP\CRM 2x4\bin\Release\CRM 2x4.vshost.exe.manifest --> ftp.primogenia.com /public_html/softints/CRM 2x4/bin/Release CRM 2x4.vshost.exe.manifest
2010.09.03 22:39 B E:\PRODUCCION\CRM\RELEASES\20100520\CLIENT_FTP\CRM 2x4\bin\Release\CRM Data.dll --> ftp.primogenia.com /public_html/softints/CRM 2x4/bin/Release CRM Data.dll
2010.09.03 22:39 B E:\PRODUCCION\CRM\RELEASES\20100520\CLIENT_FTP\CRM 2x4\bin\Release\CRM Data.pdb --> ftp.primogenia.com /public_html/softints/CRM 2x4/bin/Release CRM Data.pdb
2010.09.03 22:39 B E:\PRODUCCION\CRM\RELEASES\20100520\CLIENT_FTP\CRM 2x4\bin\Release\CRM Domain.dll --> ftp.primogenia.com /public_html/softints/CRM 2x4/bin/Release CRM Domain.dll
2010.09.03 22:40 B E:\PRODUCCION\CRM\RELEASES\20100520\CLIENT_FTP\CRM 2x4\bin\Release\CRM Domain.pdb --> ftp.primogenia.com /public_html/softints/CRM 2x4/bin/Release CRM Domain.pdb
2010.09.03 22:40 B E:\PRODUCCION\CRM\RELEASES\20100520\CLIENT_FTP\CRM 2x4\bin\Release\Interop.HardLockServer.dll --> ftp.primogenia.com /public_html/softints/CRM 2x4/bin/Release Interop.HardLockServer.dll
2010.09.03 22:41 B E:\PRODUCCION\CRM\RELEASES\20100520\CLIENT_FTP\CRM 2x4\bin\Release\Microsoft.Office.Interop.Access.dll --> ftp.primogenia.com /public_html/softints/CRM 2x4/bin/Release Microsoft.Office.Interop.Access.dll
2010.09.03 22:41 B E:\PRODUCCION\CRM\RELEASES\20100520\CLIENT_FTP\CRM 2x4\bin\Release\Microsoft.Vbe.Interop.dll --> ftp.primogenia.com /public_html/softints/CRM 2x4/bin/Release Microsoft.Vbe.Interop.dll
2010.09.03 22:41 B E:\PRODUCCION\CRM\RELEASES\20100520\CLIENT_FTP\CRM 2x4\bin\Release\office.dll --> ftp.primogenia.com /public_html/softints/CRM 2x4/bin/Release office.dll
2010.09.03 22:42 B E:\PRODUCCION\CRM\RELEASES\20100520\CLIENT_FTP\CRM 2x4\bin\Release\office.xml --> ftp.primogenia.com /public_html/softints/CRM 2x4/bin/Release office.xml
2010.09.03 22:42 B E:\PRODUCCION\CRM\RELEASES\20100520\CLIENT_FTP\CRM 2x4\bin\Release\WS_FTP.LOG --> ftp.primogenia.com /public_html/softints/CRM 2x4/bin/Release WS_FTP.LOG
